2024-11-04 12:15:26.297 INFO  [Thread-9] airport.cargos.demo.web_common_demo.common.ThreadData [ThreadData.java:62] -SystemConfig{input_type=1, source=/home/airport/installer/6号采集视频_13号机.mp4, input_view=1, points=[[I@5ec45103], threshold=0.6, detected_status=1, save_status=0, image_path='../data/images/', video_path='../data/videos/', detect_url='http://127.0.0.1:8000/detect', synthesis_url='http://127.0.0.1:8081/', save_time=1, last_labels=10, scale=2, frame_rate=10, sample_rate=5, video_save_time=2, image_save_time=7}
2024-11-04 12:18:28.280 INFO  [main] airport.cargos.demo.web_common_demo.Bootstrap [StartupInfoLogger.java:48] -Starting Bootstrap on airport-B760M-DS3H with PID 3553441 (/home/airport/installer/airport_logistics/web_common_demo-1.0.0-SNAPSHOT.jar started by airport in /home/airport/installer/airport_logistics)
2024-11-04 12:18:28.281 INFO  [main] airport.cargos.demo.web_common_demo.Bootstrap [SpringApplication.java:593] -No active profile set, falling back to default profiles: default
2024-11-04 12:18:28.350 INFO  [main] o.s.b.c.e.AnnotationConfigEmbeddedWebApplicationContext [AbstractApplicationContext.java:583] -Refreshing org.springframework.boot.context.embedded.AnnotationConfigEmbeddedWebApplicationContext@53976f5c: startup date [Mon Nov 04 12:18:28 CST 2024]; root of context hierarchy
2024-11-04 12:18:28.407 INFO  [background-preinit] org.hibernate.validator.internal.util.Version [Version.java:30] -HV000001: Hibernate Validator 5.3.5.Final
2024-11-04 12:18:28.755 WARN  [main] o.s.context.annotation.ConfigurationClassPostProcessor [ConfigurationClassPostProcessor.java:373] -Cannot enhance @Configuration bean definition 'propertySourcesPlaceholderConfigurer' since its singleton instance has been created too early. The typical cause is a non-static @Bean method with a BeanDefinitionRegistryPostProcessor return type: Consider declaring such methods as 'static'.
2024-11-04 12:18:28.895 INFO  [main] o.s.c.s.PostProcessorRegistrationDelegate$BeanPostProcessorChecker [PostProcessorRegistrationDelegate.java:325] -Bean 'org.springframework.transaction.annotation.ProxyTransactionManagementConfiguration' of type [org.springframework.transaction.annotation.ProxyTransactionManagementConfiguration$$EnhancerBySpringCGLIB$$4da2d050] is not eligible for getting processed by all BeanPostProcessors (for example: not eligible for auto-proxying)
2024-11-04 12:18:29.059 INFO  [main] o.s.b.c.embedded.tomcat.TomcatEmbeddedServletContainer [TomcatEmbeddedServletContainer.java:89] -Tomcat initialized with port(s): 9000 (http)
2024-11-04 12:18:29.064 INFO  [main] org.apache.catalina.core.StandardService [DirectJDKLog.java:179] -Starting service [Tomcat]
2024-11-04 12:18:29.064 INFO  [main] org.apache.catalina.core.StandardEngine [DirectJDKLog.java:179] -Starting Servlet Engine: Apache Tomcat/8.5.16
2024-11-04 12:18:29.101 INFO  [localhost-startStop-1] o.a.catalina.core.ContainerBase.[Tomcat].[localhost].[/] [DirectJDKLog.java:179] -Initializing Spring embedded WebApplicationContext
2024-11-04 12:18:29.101 INFO  [localhost-startStop-1] org.springframework.web.context.ContextLoader [EmbeddedWebApplicationContext.java:276] -Root WebApplicationContext: initialization completed in 751 ms
2024-11-04 12:18:29.152 INFO  [localhost-startStop-1] o.s.boot.web.servlet.ServletRegistrationBean [ServletRegistrationBean.java:190] -Mapping servlet: 'dispatcherServlet' to [/]
2024-11-04 12:18:29.154 INFO  [localhost-startStop-1] o.s.boot.web.servlet.FilterRegistrationBean [AbstractFilterRegistrationBean.java:258] -Mapping filter: 'characterEncodingFilter' to: [/*]
2024-11-04 12:18:29.155 INFO  [localhost-startStop-1] o.s.boot.web.servlet.FilterRegistrationBean [AbstractFilterRegistrationBean.java:258] -Mapping filter: 'hiddenHttpMethodFilter' to: [/*]
2024-11-04 12:18:29.155 INFO  [localhost-startStop-1] o.s.boot.web.servlet.FilterRegistrationBean [AbstractFilterRegistrationBean.java:258] -Mapping filter: 'httpPutFormContentFilter' to: [/*]
2024-11-04 12:18:29.155 INFO  [localhost-startStop-1] o.s.boot.web.servlet.FilterRegistrationBean [AbstractFilterRegistrationBean.java:258] -Mapping filter: 'requestContextFilter' to: [/*]
2024-11-04 12:18:29.528 INFO  [main] o.s.orm.jpa.LocalContainerEntityManagerFactoryBean [LocalContainerEntityManagerFactoryBean.java:349] -Building JPA container EntityManagerFactory for persistence unit 'default'
2024-11-04 12:18:29.535 INFO  [main] org.hibernate.jpa.internal.util.LogHelper [LogHelper.java:31] -HHH000204: Processing PersistenceUnitInfo [
	name: default
	...]
2024-11-04 12:18:29.559 INFO  [main] org.hibernate.Version [Version.java:37] -HHH000412: Hibernate Core {5.0.12.Final}
2024-11-04 12:18:29.560 INFO  [main] org.hibernate.cfg.Environment [Environment.java:213] -HHH000206: hibernate.properties not found
2024-11-04 12:18:29.560 INFO  [main] org.hibernate.cfg.Environment [Environment.java:317] -HHH000021: Bytecode provider name : javassist
2024-11-04 12:18:29.576 INFO  [main] org.hibernate.annotations.common.Version [JavaReflectionManager.java:66] -HCANN000001: Hibernate Commons Annotations {5.0.1.Final}
2024-11-04 12:18:29.608 INFO  [main] org.hibernate.dialect.Dialect [Dialect.java:156] -HHH000400: Using dialect: org.hibernate.dialect.MySQL5Dialect
2024-11-04 12:18:29.703 INFO  [main] o.s.orm.jpa.LocalContainerEntityManagerFactoryBean [AbstractEntityManagerFactoryBean.java:379] -Initialized JPA EntityManagerFactory for persistence unit 'default'
2024-11-04 12:18:29.964 INFO  [main] o.s.w.s.m.method.annotation.RequestMappingHandlerMapping [AbstractHandlerMethodMapping.java:543] -Mapped "{[/dataQuery/findAll]}" onto public java.util.List<airport.cargos.demo.web_common_demo.entity.ContrabandImage> airport.cargos.demo.web_common_demo.controller.ContrabandImageController.findAll()
2024-11-04 12:18:29.964 INFO  [main] o.s.w.s.m.method.annotation.RequestMappingHandlerMapping [AbstractHandlerMethodMapping.java:543] -Mapped "{[/dataQuery/saveContrabandImage]}" onto public com.alibaba.fastjson.JSONObject airport.cargos.demo.web_common_demo.controller.ContrabandImageController.saveContrabandImage(airport.cargos.demo.web_common_demo.entity.ContrabandImage)
2024-11-04 12:18:29.964 INFO  [main] o.s.w.s.m.method.annotation.RequestMappingHandlerMapping [AbstractHandlerMethodMapping.java:543] -Mapped "{[/dataQuery/updateContrabandImage]}" onto public com.alibaba.fastjson.JSONObject airport.cargos.demo.web_common_demo.controller.ContrabandImageController.updateContrabandImage(airport.cargos.demo.web_common_demo.entity.ContrabandImage)
2024-11-04 12:18:29.965 INFO  [main] o.s.w.s.m.method.annotation.RequestMappingHandlerMapping [AbstractHandlerMethodMapping.java:543] -Mapped "{[/dataQuery/delete]}" onto public com.alibaba.fastjson.JSONObject airport.cargos.demo.web_common_demo.controller.ContrabandImageController.deleteContrabandImage(java.util.List<java.lang.Integer>)
2024-11-04 12:18:29.965 INFO  [main] o.s.w.s.m.method.annotation.RequestMappingHandlerMapping [AbstractHandlerMethodMapping.java:543] -Mapped "{[/dataQuery/findById]}" onto public com.alibaba.fastjson.JSONObject airport.cargos.demo.web_common_demo.controller.ContrabandImageController.findById(airport.cargos.demo.web_common_demo.entity.ContrabandImage)
2024-11-04 12:18:29.965 INFO  [main] o.s.w.s.m.method.annotation.RequestMappingHandlerMapping [AbstractHandlerMethodMapping.java:543] -Mapped "{[/dataQuery/findByCondition]}" onto public com.alibaba.fastjson.JSONObject airport.cargos.demo.web_common_demo.controller.ContrabandImageController.findByCondition(airport.cargos.demo.web_common_demo.entity.ContrabandImage)
2024-11-04 12:18:29.965 INFO  [main] o.s.w.s.m.method.annotation.RequestMappingHandlerMapping [AbstractHandlerMethodMapping.java:543] -Mapped "{[/dataQuery/paginate]}" onto public com.alibaba.fastjson.JSONObject airport.cargos.demo.web_common_demo.controller.ContrabandImageController.findWithPagination(java.lang.String)
2024-11-04 12:18:29.965 INFO  [main] o.s.w.s.m.method.annotation.RequestMappingHandlerMapping [AbstractHandlerMethodMapping.java:543] -Mapped "{[/dataQuery/statistic]}" onto public com.alibaba.fastjson.JSONObject airport.cargos.demo.web_common_demo.controller.ContrabandImageController.countByCondition(airport.cargos.demo.web_common_demo.entity.ContrabandImage)
2024-11-04 12:18:29.965 INFO  [main] o.s.w.s.m.method.annotation.RequestMappingHandlerMapping [AbstractHandlerMethodMapping.java:543] -Mapped "{[/dataQuery/getImageByPath],produces=[image/jpeg]}" onto public byte[] airport.cargos.demo.web_common_demo.controller.ContrabandImageController.getImageByPath(java.lang.String,javax.servlet.http.HttpServletResponse)
2024-11-04 12:18:29.966 INFO  [main] o.s.w.s.m.method.annotation.RequestMappingHandlerMapping [AbstractHandlerMethodMapping.java:543] -Mapped "{[/cateSetting/updateStatus]}" onto public com.alibaba.fastjson.JSONObject airport.cargos.demo.web_common_demo.controller.DetectSetController.updateStatus(java.lang.Integer,java.lang.String,java.lang.Boolean)
2024-11-04 12:18:29.966 INFO  [main] o.s.w.s.m.method.annotation.RequestMappingHandlerMapping [AbstractHandlerMethodMapping.java:543] -Mapped "{[/cateSetting/updateCategory]}" onto public com.alibaba.fastjson.JSONObject airport.cargos.demo.web_common_demo.controller.DetectSetController.updateCategory(int,java.lang.String,java.lang.String)
2024-11-04 12:18:29.966 INFO  [main] o.s.w.s.m.method.annotation.RequestMappingHandlerMapping [AbstractHandlerMethodMapping.java:543] -Mapped "{[/cateSetting/select]}" onto public com.alibaba.fastjson.JSONObject airport.cargos.demo.web_common_demo.controller.DetectSetController.findCateList(int,int)
2024-11-04 12:18:29.966 INFO  [main] o.s.w.s.m.method.annotation.RequestMappingHandlerMapping [AbstractHandlerMethodMapping.java:543] -Mapped "{[/cateSetting/addCategory]}" onto public com.alibaba.fastjson.JSONObject airport.cargos.demo.web_common_demo.controller.DetectSetController.addCategory(java.lang.String,java.lang.String)
2024-11-04 12:18:29.966 INFO  [main] o.s.w.s.m.method.annotation.RequestMappingHandlerMapping [AbstractHandlerMethodMapping.java:543] -Mapped "{[/cateSetting/deleteCategory]}" onto public com.alibaba.fastjson.JSONObject airport.cargos.demo.web_common_demo.controller.DetectSetController.deleteCategory(int)
2024-11-04 12:18:29.967 INFO  [main] o.s.w.s.m.method.annotation.RequestMappingHandlerMapping [AbstractHandlerMethodMapping.java:543] -Mapped "{[/echo],methods=[GET]}" onto public java.lang.String airport.cargos.demo.web_common_demo.controller.EchoController.echo()
2024-11-04 12:18:29.967 INFO  [main] o.s.w.s.m.method.annotation.RequestMappingHandlerMapping [AbstractHandlerMethodMapping.java:543] -Mapped "{[/echoHelloWorld],methods=[POST]}" onto public com.alibaba.fastjson.JSONObject airport.cargos.demo.web_common_demo.controller.EchoController.echoHelloWorld()
2024-11-04 12:18:29.967 INFO  [main] o.s.w.s.m.method.annotation.RequestMappingHandlerMapping [AbstractHandlerMethodMapping.java:543] -Mapped "{[/generateImage]}" onto public com.alibaba.fastjson.JSONObject airport.cargos.demo.web_common_demo.controller.GenerateController.generateImage(org.springframework.web.multipart.MultipartFile,org.springframework.web.multipart.MultipartFile,java.lang.String)
2024-11-04 12:18:29.968 INFO  [main] o.s.w.s.m.method.annotation.RequestMappingHandlerMapping [AbstractHandlerMethodMapping.java:543] -Mapped "{[/realTimeVideo/videoStream]}" onto public byte[] airport.cargos.demo.web_common_demo.controller.RealTimeVideoController.play(int)
2024-11-04 12:18:29.969 INFO  [main] o.s.w.s.m.method.annotation.RequestMappingHandlerMapping [AbstractHandlerMethodMapping.java:543] -Mapped "{[/SystemConfiguration/getConfig]}" onto public com.alibaba.fastjson.JSONObject airport.cargos.demo.web_common_demo.controller.SystemConfigController.getConfig()
2024-11-04 12:18:29.969 INFO  [main] o.s.w.s.m.method.annotation.RequestMappingHandlerMapping [AbstractHandlerMethodMapping.java:543] -Mapped "{[/SystemConfiguration/capture]}" onto public com.alibaba.fastjson.JSONObject airport.cargos.demo.web_common_demo.controller.SystemConfigController.capture(airport.cargos.demo.web_common_demo.entity.SystemConfig)
2024-11-04 12:18:29.969 INFO  [main] o.s.w.s.m.method.annotation.RequestMappingHandlerMapping [AbstractHandlerMethodMapping.java:543] -Mapped "{[/SystemConfiguration/updateSaveTimes]}" onto public com.alibaba.fastjson.JSONObject airport.cargos.demo.web_common_demo.controller.SystemConfigController.updateSaveTimes(int)
2024-11-04 12:18:29.969 INFO  [main] o.s.w.s.m.method.annotation.RequestMappingHandlerMapping [AbstractHandlerMethodMapping.java:543] -Mapped "{[/SystemConfiguration/updateThreshold]}" onto public com.alibaba.fastjson.JSONObject airport.cargos.demo.web_common_demo.controller.SystemConfigController.updateThreshold(float)
2024-11-04 12:18:29.969 INFO  [main] o.s.w.s.m.method.annotation.RequestMappingHandlerMapping [AbstractHandlerMethodMapping.java:543] -Mapped "{[/SystemConfiguration/saveInput]}" onto public com.alibaba.fastjson.JSONObject airport.cargos.demo.web_common_demo.controller.SystemConfigController.saveInput(airport.cargos.demo.web_common_demo.entity.SystemConfig)
2024-11-04 12:18:29.969 INFO  [main] o.s.w.s.m.method.annotation.RequestMappingHandlerMapping [AbstractHandlerMethodMapping.java:543] -Mapped "{[/SystemConfiguration/updateSaveStatus]}" onto public com.alibaba.fastjson.JSONObject airport.cargos.demo.web_common_demo.controller.SystemConfigController.updateSaveStatus(int)
2024-11-04 12:18:29.969 INFO  [main] o.s.w.s.m.method.annotation.RequestMappingHandlerMapping [AbstractHandlerMethodMapping.java:543] -Mapped "{[/SystemConfiguration/updateDetectStatus]}" onto public com.alibaba.fastjson.JSONObject airport.cargos.demo.web_common_demo.controller.SystemConfigController.updateDetectStatus(int)
2024-11-04 12:18:29.969 INFO  [main] o.s.w.s.m.method.annotation.RequestMappingHandlerMapping [AbstractHandlerMethodMapping.java:543] -Mapped "{[/SystemConfiguration/updateSource]}" onto public com.alibaba.fastjson.JSONObject airport.cargos.demo.web_common_demo.controller.SystemConfigController.updateSource(java.lang.String)
2024-11-04 12:18:29.969 INFO  [main] o.s.w.s.m.method.annotation.RequestMappingHandlerMapping [AbstractHandlerMethodMapping.java:543] -Mapped "{[/SystemConfiguration/changeInputType]}" onto public com.alibaba.fastjson.JSONObject airport.cargos.demo.web_common_demo.controller.SystemConfigController.changeInputType(int)
2024-11-04 12:18:29.970 INFO  [main] o.s.w.s.m.method.annotation.RequestMappingHandlerMapping [AbstractHandlerMethodMapping.java:543] -Mapped "{[/userManager/user/findByName]}" onto public java.util.List<airport.cargos.demo.web_common_demo.entity.User> airport.cargos.demo.web_common_demo.controller.UserController.findByName(java.lang.String)
2024-11-04 12:18:29.970 INFO  [main] o.s.w.s.m.method.annotation.RequestMappingHandlerMapping [AbstractHandlerMethodMapping.java:543] -Mapped "{[/userManager/user/addUser]}" onto public com.alibaba.fastjson.JSONObject airport.cargos.demo.web_common_demo.controller.UserController.saveUser(com.alibaba.fastjson.JSONObject)
2024-11-04 12:18:29.970 INFO  [main] o.s.w.s.m.method.annotation.RequestMappingHandlerMapping [AbstractHandlerMethodMapping.java:543] -Mapped "{[/userManager/user/editUser_realName]}" onto public com.alibaba.fastjson.JSONObject airport.cargos.demo.web_common_demo.controller.UserController.updateUser_realName(com.alibaba.fastjson.JSONObject)
2024-11-04 12:18:29.970 INFO  [main] o.s.w.s.m.method.annotation.RequestMappingHandlerMapping [AbstractHandlerMethodMapping.java:543] -Mapped "{[/userManager/user/getUser]}" onto public com.alibaba.fastjson.JSONObject airport.cargos.demo.web_common_demo.controller.UserController.findById(com.alibaba.fastjson.JSONObject)
2024-11-04 12:18:29.970 INFO  [main] o.s.w.s.m.method.annotation.RequestMappingHandlerMapping [AbstractHandlerMethodMapping.java:543] -Mapped "{[/userManager/user/editUser_password]}" onto public com.alibaba.fastjson.JSONObject airport.cargos.demo.web_common_demo.controller.UserController.updateUser_password(com.alibaba.fastjson.JSONObject)
2024-11-04 12:18:29.971 INFO  [main] o.s.w.s.m.method.annotation.RequestMappingHandlerMapping [AbstractHandlerMethodMapping.java:543] -Mapped "{[/userManager/user/editUser]}" onto public com.alibaba.fastjson.JSONObject airport.cargos.demo.web_common_demo.controller.UserController.updateUser(com.alibaba.fastjson.JSONObject)
2024-11-04 12:18:29.971 INFO  [main] o.s.w.s.m.method.annotation.RequestMappingHandlerMapping [AbstractHandlerMethodMapping.java:543] -Mapped "{[/userManager/user/deleteUser]}" onto public com.alibaba.fastjson.JSONObject airport.cargos.demo.web_common_demo.controller.UserController.deleteUser(com.alibaba.fastjson.JSONObject)
2024-11-04 12:18:29.971 INFO  [main] o.s.w.s.m.method.annotation.RequestMappingHandlerMapping [AbstractHandlerMethodMapping.java:543] -Mapped "{[/userManager/user/getUserList]}" onto public com.alibaba.fastjson.JSONObject airport.cargos.demo.web_common_demo.controller.UserController.getUserList(java.lang.String,java.lang.String)
2024-11-04 12:18:29.971 INFO  [main] o.s.w.s.m.method.annotation.RequestMappingHandlerMapping [AbstractHandlerMethodMapping.java:543] -Mapped "{[/userManager/user/login]}" onto public com.alibaba.fastjson.JSONObject airport.cargos.demo.web_common_demo.controller.UserController.userLogin(com.alibaba.fastjson.JSONObject,javax.servlet.http.HttpServletResponse)
2024-11-04 12:18:29.971 INFO  [main] o.s.w.s.m.method.annotation.RequestMappingHandlerMapping [AbstractHandlerMethodMapping.java:543] -Mapped "{[/userManager/user/info]}" onto public com.alibaba.fastjson.JSONObject airport.cargos.demo.web_common_demo.controller.UserController.loginInfo(java.lang.String)
2024-11-04 12:18:29.971 INFO  [main] o.s.w.s.m.method.annotation.RequestMappingHandlerMapping [AbstractHandlerMethodMapping.java:543] -Mapped "{[/userManager/user/logout]}" onto public com.alibaba.fastjson.JSONObject airport.cargos.demo.web_common_demo.controller.UserController.logOut(com.alibaba.fastjson.JSONObject)
2024-11-04 12:18:29.971 INFO  [main] o.s.w.s.m.method.annotation.RequestMappingHandlerMapping [AbstractHandlerMethodMapping.java:543] -Mapped "{[/userManager/user/resetPassword]}" onto public com.alibaba.fastjson.JSONObject airport.cargos.demo.web_common_demo.controller.UserController.resetPassword(com.alibaba.fastjson.JSONObject)
2024-11-04 12:18:29.971 INFO  [main] o.s.w.s.m.method.annotation.RequestMappingHandlerMapping [AbstractHandlerMethodMapping.java:543] -Mapped "{[/video/getVideo]}" onto public com.alibaba.fastjson.JSONObject airport.cargos.demo.web_common_demo.controller.VideoModuleController.conditional_query(java.lang.String,java.lang.String,java.lang.String,int,int)
2024-11-04 12:18:29.971 INFO  [main] o.s.w.s.m.method.annotation.RequestMappingHandlerMapping [AbstractHandlerMethodMapping.java:543] -Mapped "{[/video/getAll]}" onto public com.alibaba.fastjson.JSONObject airport.cargos.demo.web_common_demo.controller.VideoModuleController.list_all(int,int)
2024-11-04 12:18:29.972 INFO  [main] o.s.w.s.m.method.annotation.RequestMappingHandlerMapping [AbstractHandlerMethodMapping.java:543] -Mapped "{[/video/playVideo]}" onto public org.springframework.http.ResponseEntity<org.springframework.core.io.Resource> airport.cargos.demo.web_common_demo.controller.VideoModuleController.playVideo(java.lang.String,javax.servlet.http.HttpServletRequest,javax.servlet.http.HttpServletResponse) throws java.io.IOException
2024-11-04 12:18:29.972 INFO  [main] o.s.w.s.m.method.annotation.RequestMappingHandlerMapping [AbstractHandlerMethodMapping.java:543] -Mapped "{[/video/delete]}" onto public com.alibaba.fastjson.JSONObject airport.cargos.demo.web_common_demo.controller.VideoModuleController.destroy(int)
2024-11-04 12:18:29.972 INFO  [main] o.s.w.s.m.method.annotation.RequestMappingHandlerMapping [AbstractHandlerMethodMapping.java:543] -Mapped "{[/swagger-resources/configuration/security]}" onto public org.springframework.http.ResponseEntity<springfox.documentation.swagger.web.SecurityConfiguration> springfox.documentation.swagger.web.ApiResourceController.securityConfiguration()
2024-11-04 12:18:29.973 INFO  [main] o.s.w.s.m.method.annotation.RequestMappingHandlerMapping [AbstractHandlerMethodMapping.java:543] -Mapped "{[/swagger-resources/configuration/ui]}" onto public org.springframework.http.ResponseEntity<springfox.documentation.swagger.web.UiConfiguration> springfox.documentation.swagger.web.ApiResourceController.uiConfiguration()
2024-11-04 12:18:29.973 INFO  [main] o.s.w.s.m.method.annotation.RequestMappingHandlerMapping [AbstractHandlerMethodMapping.java:543] -Mapped "{[/swagger-resources]}" onto public org.springframework.http.ResponseEntity<java.util.List<springfox.documentation.swagger.web.SwaggerResource>> springfox.documentation.swagger.web.ApiResourceController.swaggerResources()
2024-11-04 12:18:29.974 INFO  [main] o.s.w.s.m.method.annotation.RequestMappingHandlerMapping [AbstractHandlerMethodMapping.java:543] -Mapped "{[/error],produces=[text/html]}" onto public org.springframework.web.servlet.ModelAndView org.springframework.boot.autoconfigure.web.BasicErrorController.errorHtml(javax.servlet.http.HttpServletRequest,javax.servlet.http.HttpServletResponse)
2024-11-04 12:18:29.974 INFO  [main] o.s.w.s.m.method.annotation.RequestMappingHandlerMapping [AbstractHandlerMethodMapping.java:543] -Mapped "{[/error]}" onto public org.springframework.http.ResponseEntity<java.util.Map<java.lang.String, java.lang.Object>> org.springframework.boot.autoconfigure.web.BasicErrorController.error(javax.servlet.http.HttpServletRequest)
2024-11-04 12:18:30.047 INFO  [main] s.d.s.web.PropertySourcedRequestMappingHandlerMapping [PropertySourcedRequestMappingHandlerMapping.java:69] -Mapped URL path [/v2/api-docs] onto method [public org.springframework.http.ResponseEntity<springfox.documentation.spring.web.json.Json> springfox.documentation.swagger2.web.Swagger2Controller.getDocumentation(java.lang.String,javax.servlet.http.HttpServletRequest)]
2024-11-04 12:18:30.157 INFO  [main] o.s.w.s.m.method.annotation.RequestMappingHandlerAdapter [RequestMappingHandlerAdapter.java:534] -Looking for @ControllerAdvice: org.springframework.boot.context.embedded.AnnotationConfigEmbeddedWebApplicationContext@53976f5c: startup date [Mon Nov 04 12:18:28 CST 2024]; root of context hierarchy
2024-11-04 12:18:30.184 INFO  [main] o.s.web.servlet.handler.SimpleUrlHandlerMapping [AbstractUrlHandlerMapping.java:362] -Mapped URL path [/webjars/**] onto handler of type [class org.springframework.web.servlet.resource.ResourceHttpRequestHandler]
2024-11-04 12:18:30.184 INFO  [main] o.s.web.servlet.handler.SimpleUrlHandlerMapping [AbstractUrlHandlerMapping.java:362] -Mapped URL path [/**] onto handler of type [class org.springframework.web.servlet.resource.ResourceHttpRequestHandler]
2024-11-04 12:18:30.208 INFO  [main] o.s.web.servlet.handler.SimpleUrlHandlerMapping [AbstractUrlHandlerMapping.java:362] -Mapped URL path [/**/favicon.ico] onto handler of type [class org.springframework.web.servlet.resource.ResourceHttpRequestHandler]
2024-11-04 12:18:30.317 INFO  [main] o.s.b.a.w.WebMvcAutoConfiguration$WelcomePageHandlerMapping [WebMvcAutoConfiguration.java:549] -Adding welcome page: class path resource [static/index.html]
2024-11-04 12:18:30.415 INFO  [main] o.s.jmx.export.annotation.AnnotationMBeanExporter [MBeanExporter.java:431] -Registering beans for JMX exposure on startup
2024-11-04 12:18:30.417 INFO  [main] o.s.context.support.DefaultLifecycleProcessor [DefaultLifecycleProcessor.java:343] -Starting beans in phase 2147483647
2024-11-04 12:18:30.417 INFO  [main] s.d.spring.web.plugins.DocumentationPluginsBootstrapper [DocumentationPluginsBootstrapper.java:160] -Context refreshed
2024-11-04 12:18:30.424 INFO  [main] s.d.spring.web.plugins.DocumentationPluginsBootstrapper [DocumentationPluginsBootstrapper.java:163] -Found 1 custom documentation plugin(s)
2024-11-04 12:18:30.433 INFO  [main] s.d.spring.web.scanners.ApiListingReferenceScanner [ApiListingReferenceScanner.java:41] -Scanning for api listing references
2024-11-04 12:18:30.535 INFO  [main] s.d.s.w.readers.operation.CachingOperationNameGenerator [CachingOperationNameGenerator.java:40] -Generating unique operation named: findByIdUsingGET_1
2024-11-04 12:18:30.535 INFO  [main] s.d.s.w.readers.operation.CachingOperationNameGenerator [CachingOperationNameGenerator.java:40] -Generating unique operation named: findByIdUsingHEAD_1
2024-11-04 12:18:30.536 INFO  [main] s.d.s.w.readers.operation.CachingOperationNameGenerator [CachingOperationNameGenerator.java:40] -Generating unique operation named: findByIdUsingPOST_1
2024-11-04 12:18:30.536 INFO  [main] s.d.s.w.readers.operation.CachingOperationNameGenerator [CachingOperationNameGenerator.java:40] -Generating unique operation named: findByIdUsingPUT_1
2024-11-04 12:18:30.536 INFO  [main] s.d.s.w.readers.operation.CachingOperationNameGenerator [CachingOperationNameGenerator.java:40] -Generating unique operation named: findByIdUsingPATCH_1
2024-11-04 12:18:30.537 INFO  [main] s.d.s.w.readers.operation.CachingOperationNameGenerator [CachingOperationNameGenerator.java:40] -Generating unique operation named: findByIdUsingDELETE_1
2024-11-04 12:18:30.537 INFO  [main] s.d.s.w.readers.operation.CachingOperationNameGenerator [CachingOperationNameGenerator.java:40] -Generating unique operation named: findByIdUsingOPTIONS_1
2024-11-04 12:18:30.537 INFO  [main] s.d.s.w.readers.operation.CachingOperationNameGenerator [CachingOperationNameGenerator.java:40] -Generating unique operation named: findByIdUsingTRACE_1
2024-11-04 12:18:30.573 INFO  [main] org.apache.coyote.http11.Http11NioProtocol [DirectJDKLog.java:179] -Initializing ProtocolHandler ["http-nio-9000"]
2024-11-04 12:18:30.662 INFO  [main] org.apache.coyote.http11.Http11NioProtocol [DirectJDKLog.java:179] -Starting ProtocolHandler ["http-nio-9000"]
2024-11-04 12:18:30.665 ERROR [main] org.apache.coyote.http11.Http11NioProtocol [DirectJDKLog.java:181] -Failed to start end point associated with ProtocolHandler ["http-nio-9000"]
java.net.BindException: 地址已在使用
	at sun.nio.ch.Net.bind0(Native Method)
	at sun.nio.ch.Net.bind(Net.java:438)
	at sun.nio.ch.Net.bind(Net.java:430)
	at sun.nio.ch.ServerSocketChannelImpl.bind(ServerSocketChannelImpl.java:225)
	at sun.nio.ch.ServerSocketAdaptor.bind(ServerSocketAdaptor.java:74)
	at org.apache.tomcat.util.net.NioEndpoint.bind(NioEndpoint.java:210)
	at org.apache.tomcat.util.net.AbstractEndpoint.start(AbstractEndpoint.java:990)
	at org.apache.coyote.AbstractProtocol.start(AbstractProtocol.java:635)
	at org.apache.catalina.connector.Connector.startInternal(Connector.java:1022)
	at org.apache.catalina.util.LifecycleBase.start(LifecycleBase.java:150)
	at org.apache.catalina.core.StandardService.addConnector(StandardService.java:225)
	at org.springframework.boot.context.embedded.tomcat.TomcatEmbeddedServletContainer.addPreviouslyRemovedConnectors(TomcatEmbeddedServletContainer.java:250)
	at org.springframework.boot.context.embedded.tomcat.TomcatEmbeddedServletContainer.start(TomcatEmbeddedServletContainer.java:193)
	at org.springframework.boot.context.embedded.EmbeddedWebApplicationContext.startEmbeddedServletContainer(EmbeddedWebApplicationContext.java:297)
	at org.springframework.boot.context.embedded.EmbeddedWebApplicationContext.finishRefresh(EmbeddedWebApplicationContext.java:145)
	at org.springframework.context.support.AbstractApplicationContext.refresh(AbstractApplicationContext.java:546)
	at org.springframework.boot.context.embedded.EmbeddedWebApplicationContext.refresh(EmbeddedWebApplicationContext.java:122)
	at org.springframework.boot.SpringApplication.refresh(SpringApplication.java:693)
	at org.springframework.boot.SpringApplication.refreshContext(SpringApplication.java:360)
	at org.springframework.boot.SpringApplication.run(SpringApplication.java:303)
	at airport.cargos.demo.web_common_demo.Bootstrap.main(Bootstrap.java:23)
2024-11-04 12:18:30.665 ERROR [main] org.apache.catalina.core.StandardService [DirectJDKLog.java:181] -Failed to start connector [Connector[HTTP/1.1-9000]]
org.apache.catalina.LifecycleException: Failed to start component [Connector[HTTP/1.1-9000]]
	at org.apache.catalina.util.LifecycleBase.start(LifecycleBase.java:167)
	at org.apache.catalina.core.StandardService.addConnector(StandardService.java:225)
	at org.springframework.boot.context.embedded.tomcat.TomcatEmbeddedServletContainer.addPreviouslyRemovedConnectors(TomcatEmbeddedServletContainer.java:250)
	at org.springframework.boot.context.embedded.tomcat.TomcatEmbeddedServletContainer.start(TomcatEmbeddedServletContainer.java:193)
	at org.springframework.boot.context.embedded.EmbeddedWebApplicationContext.startEmbeddedServletContainer(EmbeddedWebApplicationContext.java:297)
	at org.springframework.boot.context.embedded.EmbeddedWebApplicationContext.finishRefresh(EmbeddedWebApplicationContext.java:145)
	at org.springframework.context.support.AbstractApplicationContext.refresh(AbstractApplicationContext.java:546)
	at org.springframework.boot.context.embedded.EmbeddedWebApplicationContext.refresh(EmbeddedWebApplicationContext.java:122)
	at org.springframework.boot.SpringApplication.refresh(SpringApplication.java:693)
	at org.springframework.boot.SpringApplication.refreshContext(SpringApplication.java:360)
	at org.springframework.boot.SpringApplication.run(SpringApplication.java:303)
	at airport.cargos.demo.web_common_demo.Bootstrap.main(Bootstrap.java:23)
Caused by: org.apache.catalina.LifecycleException: service.getName(): "Tomcat";  Protocol handler start failed
	at org.apache.catalina.connector.Connector.startInternal(Connector.java:1029)
	at org.apache.catalina.util.LifecycleBase.start(LifecycleBase.java:150)
	... 11 common frames omitted
Caused by: java.net.BindException: 地址已在使用
	at sun.nio.ch.Net.bind0(Native Method)
	at sun.nio.ch.Net.bind(Net.java:438)
	at sun.nio.ch.Net.bind(Net.java:430)
	at sun.nio.ch.ServerSocketChannelImpl.bind(ServerSocketChannelImpl.java:225)
	at sun.nio.ch.ServerSocketAdaptor.bind(ServerSocketAdaptor.java:74)
	at org.apache.tomcat.util.net.NioEndpoint.bind(NioEndpoint.java:210)
	at org.apache.tomcat.util.net.AbstractEndpoint.start(AbstractEndpoint.java:990)
	at org.apache.coyote.AbstractProtocol.start(AbstractProtocol.java:635)
	at org.apache.catalina.connector.Connector.startInternal(Connector.java:1022)
	... 12 common frames omitted
2024-11-04 12:18:30.670 INFO  [main] org.apache.coyote.http11.Http11NioProtocol [DirectJDKLog.java:179] -Pausing ProtocolHandler ["http-nio-9000"]
2024-11-04 12:18:30.670 INFO  [main] org.apache.catalina.core.StandardService [DirectJDKLog.java:179] -Stopping service [Tomcat]
2024-11-04 12:18:30.672 INFO  [main] org.apache.catalina.util.LifecycleBase [DirectJDKLog.java:179] -The stop() method was called on component [StandardServer[-1]] after stop() had already been called. The second call will be ignored.
2024-11-04 12:18:30.672 INFO  [main] org.apache.coyote.http11.Http11NioProtocol [DirectJDKLog.java:179] -Stopping ProtocolHandler ["http-nio-9000"]
2024-11-04 12:18:30.672 INFO  [main] org.apache.coyote.http11.Http11NioProtocol [DirectJDKLog.java:179] -Destroying ProtocolHandler ["http-nio-9000"]
2024-11-04 12:18:30.674 INFO  [main] o.s.b.a.l.AutoConfigurationReportLoggingInitializer [AutoConfigurationReportLoggingInitializer.java:101] -

Error starting ApplicationContext. To display the auto-configuration report re-run your application with 'debug' enabled.
2024-11-04 12:18:30.675 ERROR [main] o.s.boot.diagnostics.LoggingFailureAnalysisReporter [LoggingFailureAnalysisReporter.java:42] -

***************************
APPLICATION FAILED TO START
***************************

Description:

The Tomcat connector configured to listen on port 9000 failed to start. The port may already be in use or the connector may be misconfigured.

Action:

Verify the connector's configuration, identify and stop any process that's listening on port 9000, or configure this application to listen on another port.

2024-11-04 12:18:30.675 INFO  [main] o.s.b.c.e.AnnotationConfigEmbeddedWebApplicationContext [AbstractApplicationContext.java:984] -Closing org.springframework.boot.context.embedded.AnnotationConfigEmbeddedWebApplicationContext@53976f5c: startup date [Mon Nov 04 12:18:28 CST 2024]; root of context hierarchy
2024-11-04 12:18:30.676 INFO  [main] o.s.context.support.DefaultLifecycleProcessor [DefaultLifecycleProcessor.java:358] -Stopping beans in phase 2147483647
2024-11-04 12:18:30.676 INFO  [main] o.s.jmx.export.annotation.AnnotationMBeanExporter [MBeanExporter.java:449] -Unregistering JMX-exposed beans on shutdown
2024-11-04 12:18:30.677 INFO  [main] o.s.orm.jpa.LocalContainerEntityManagerFactoryBean [AbstractEntityManagerFactoryBean.java:548] -Closing JPA EntityManagerFactory for persistence unit 'default'
2024-11-04 12:18:30.679 ERROR [main] airport.cargos.demo.web_common_demo.Bootstrap [Bootstrap.java:35] -启动失败:{}
org.springframework.boot.context.embedded.tomcat.ConnectorStartFailedException: Connector configured to listen on port 9000 failed to start
	at org.springframework.boot.context.embedded.tomcat.TomcatEmbeddedServletContainer.checkThatConnectorsHaveStarted(TomcatEmbeddedServletContainer.java:222)
	at org.springframework.boot.context.embedded.tomcat.TomcatEmbeddedServletContainer.start(TomcatEmbeddedServletContainer.java:198)
	at org.springframework.boot.context.embedded.EmbeddedWebApplicationContext.startEmbeddedServletContainer(EmbeddedWebApplicationContext.java:297)
	at org.springframework.boot.context.embedded.EmbeddedWebApplicationContext.finishRefresh(EmbeddedWebApplicationContext.java:145)
	at org.springframework.context.support.AbstractApplicationContext.refresh(AbstractApplicationContext.java:546)
	at org.springframework.boot.context.embedded.EmbeddedWebApplicationContext.refresh(EmbeddedWebApplicationContext.java:122)
	at org.springframework.boot.SpringApplication.refresh(SpringApplication.java:693)
	at org.springframework.boot.SpringApplication.refreshContext(SpringApplication.java:360)
	at org.springframework.boot.SpringApplication.run(SpringApplication.java:303)
	at airport.cargos.demo.web_common_demo.Bootstrap.main(Bootstrap.java:23)
2024-11-04 12:21:49.295 ERROR [http-nio-9000-exec-9] airport.cargos.demo.web_common_demo.util.TokenUtils [TokenUtils.java:68] -com.auth0.jwt.exceptions.TokenExpiredException: The Token has expired on Sun Nov 03 20:10:48 CST 2024.
2024-11-04 12:21:51.227 INFO  [http-nio-9000-exec-7] a.cargos.demo.web_common_demo.controller.UserController [UserController.java:93] -{"password":"123456","username":"admin"}
2024-11-04 12:22:15.736 INFO  [Thread-8] o.s.b.c.e.AnnotationConfigEmbeddedWebApplicationContext [AbstractApplicationContext.java:984] -Closing org.springframework.boot.context.embedded.AnnotationConfigEmbeddedWebApplicationContext@53976f5c: startup date [Sat Nov 02 16:15:23 CST 2024]; root of context hierarchy
2024-11-04 12:22:15.737 INFO  [Thread-8] o.s.context.support.DefaultLifecycleProcessor [DefaultLifecycleProcessor.java:358] -Stopping beans in phase 2147483647
2024-11-04 12:22:15.738 INFO  [Thread-8] o.s.jmx.export.annotation.AnnotationMBeanExporter [MBeanExporter.java:449] -Unregistering JMX-exposed beans on shutdown
2024-11-04 12:22:15.739 INFO  [Thread-8] o.s.orm.jpa.LocalContainerEntityManagerFactoryBean [AbstractEntityManagerFactoryBean.java:548] -Closing JPA EntityManagerFactory for persistence unit 'default'
2024-11-04 12:22:16.222 INFO  [main] airport.cargos.demo.web_common_demo.Bootstrap [StartupInfoLogger.java:48] -Starting Bootstrap on airport-B760M-DS3H with PID 3570698 (/home/airport/installer/airport_logistics/web_common_demo-1.0.0-SNAPSHOT.jar started by airport in /home/airport/installer/airport_logistics)
2024-11-04 12:22:16.223 INFO  [main] airport.cargos.demo.web_common_demo.Bootstrap [SpringApplication.java:593] -No active profile set, falling back to default profiles: default
2024-11-04 12:22:16.303 INFO  [main] o.s.b.c.e.AnnotationConfigEmbeddedWebApplicationContext [AbstractApplicationContext.java:583] -Refreshing org.springframework.boot.context.embedded.AnnotationConfigEmbeddedWebApplicationContext@53976f5c: startup date [Mon Nov 04 12:22:16 CST 2024]; root of context hierarchy
2024-11-04 12:22:16.356 INFO  [background-preinit] org.hibernate.validator.internal.util.Version [Version.java:30] -HV000001: Hibernate Validator 5.3.5.Final
2024-11-04 12:22:16.692 WARN  [main] o.s.context.annotation.ConfigurationClassPostProcessor [ConfigurationClassPostProcessor.java:373] -Cannot enhance @Configuration bean definition 'propertySourcesPlaceholderConfigurer' since its singleton instance has been created too early. The typical cause is a non-static @Bean method with a BeanDefinitionRegistryPostProcessor return type: Consider declaring such methods as 'static'.
2024-11-04 12:22:16.874 INFO  [main] o.s.c.s.PostProcessorRegistrationDelegate$BeanPostProcessorChecker [PostProcessorRegistrationDelegate.java:325] -Bean 'org.springframework.transaction.annotation.ProxyTransactionManagementConfiguration' of type [org.springframework.transaction.annotation.ProxyTransactionManagementConfiguration$$EnhancerBySpringCGLIB$$1885644a] is not eligible for getting processed by all BeanPostProcessors (for example: not eligible for auto-proxying)
2024-11-04 12:22:17.059 INFO  [main] o.s.b.c.embedded.tomcat.TomcatEmbeddedServletContainer [TomcatEmbeddedServletContainer.java:89] -Tomcat initialized with port(s): 9000 (http)
2024-11-04 12:22:17.063 INFO  [main] org.apache.catalina.core.StandardService [DirectJDKLog.java:179] -Starting service [Tomcat]
2024-11-04 12:22:17.064 INFO  [main] org.apache.catalina.core.StandardEngine [DirectJDKLog.java:179] -Starting Servlet Engine: Apache Tomcat/8.5.16
2024-11-04 12:22:17.123 INFO  [localhost-startStop-1] o.a.catalina.core.ContainerBase.[Tomcat].[localhost].[/] [DirectJDKLog.java:179] -Initializing Spring embedded WebApplicationContext
2024-11-04 12:22:17.123 INFO  [localhost-startStop-1] org.springframework.web.context.ContextLoader [EmbeddedWebApplicationContext.java:276] -Root WebApplicationContext: initialization completed in 820 ms
2024-11-04 12:22:17.176 INFO  [localhost-startStop-1] o.s.boot.web.servlet.ServletRegistrationBean [ServletRegistrationBean.java:190] -Mapping servlet: 'dispatcherServlet' to [/]
2024-11-04 12:22:17.179 INFO  [localhost-startStop-1] o.s.boot.web.servlet.FilterRegistrationBean [AbstractFilterRegistrationBean.java:258] -Mapping filter: 'characterEncodingFilter' to: [/*]
2024-11-04 12:22:17.179 INFO  [localhost-startStop-1] o.s.boot.web.servlet.FilterRegistrationBean [AbstractFilterRegistrationBean.java:258] -Mapping filter: 'hiddenHttpMethodFilter' to: [/*]
2024-11-04 12:22:17.179 INFO  [localhost-startStop-1] o.s.boot.web.servlet.FilterRegistrationBean [AbstractFilterRegistrationBean.java:258] -Mapping filter: 'httpPutFormContentFilter' to: [/*]
2024-11-04 12:22:17.179 INFO  [localhost-startStop-1] o.s.boot.web.servlet.FilterRegistrationBean [AbstractFilterRegistrationBean.java:258] -Mapping filter: 'requestContextFilter' to: [/*]
2024-11-04 12:22:17.569 INFO  [main] o.s.orm.jpa.LocalContainerEntityManagerFactoryBean [LocalContainerEntityManagerFactoryBean.java:349] -Building JPA container EntityManagerFactory for persistence unit 'default'
2024-11-04 12:22:17.576 INFO  [main] org.hibernate.jpa.internal.util.LogHelper [LogHelper.java:31] -HHH000204: Processing PersistenceUnitInfo [
	name: default
	...]
2024-11-04 12:22:17.604 INFO  [main] org.hibernate.Version [Version.java:37] -HHH000412: Hibernate Core {5.0.12.Final}
2024-11-04 12:22:17.605 INFO  [main] org.hibernate.cfg.Environment [Environment.java:213] -HHH000206: hibernate.properties not found
2024-11-04 12:22:17.605 INFO  [main] org.hibernate.cfg.Environment [Environment.java:317] -HHH000021: Bytecode provider name : javassist
2024-11-04 12:22:17.623 INFO  [main] org.hibernate.annotations.common.Version [JavaReflectionManager.java:66] -HCANN000001: Hibernate Commons Annotations {5.0.1.Final}
2024-11-04 12:22:17.656 INFO  [main] org.hibernate.dialect.Dialect [Dialect.java:156] -HHH000400: Using dialect: org.hibernate.dialect.MySQL5Dialect
2024-11-04 12:22:17.757 INFO  [main] o.s.orm.jpa.LocalContainerEntityManagerFactoryBean [AbstractEntityManagerFactoryBean.java:379] -Initialized JPA EntityManagerFactory for persistence unit 'default'
2024-11-04 12:22:18.049 INFO  [main] o.s.w.s.m.method.annotation.RequestMappingHandlerMapping [AbstractHandlerMethodMapping.java:543] -Mapped "{[/dataQuery/findAll]}" onto public java.util.List<airport.cargos.demo.web_common_demo.entity.ContrabandImage> airport.cargos.demo.web_common_demo.controller.ContrabandImageController.findAll()
2024-11-04 12:22:18.049 INFO  [main] o.s.w.s.m.method.annotation.RequestMappingHandlerMapping [AbstractHandlerMethodMapping.java:543] -Mapped "{[/dataQuery/saveContrabandImage]}" onto public com.alibaba.fastjson.JSONObject airport.cargos.demo.web_common_demo.controller.ContrabandImageController.saveContrabandImage(airport.cargos.demo.web_common_demo.entity.ContrabandImage)
2024-11-04 12:22:18.050 INFO  [main] o.s.w.s.m.method.annotation.RequestMappingHandlerMapping [AbstractHandlerMethodMapping.java:543] -Mapped "{[/dataQuery/updateContrabandImage]}" onto public com.alibaba.fastjson.JSONObject airport.cargos.demo.web_common_demo.controller.ContrabandImageController.updateContrabandImage(airport.cargos.demo.web_common_demo.entity.ContrabandImage)
2024-11-04 12:22:18.050 INFO  [main] o.s.w.s.m.method.annotation.RequestMappingHandlerMapping [AbstractHandlerMethodMapping.java:543] -Mapped "{[/dataQuery/delete]}" onto public com.alibaba.fastjson.JSONObject airport.cargos.demo.web_common_demo.controller.ContrabandImageController.deleteContrabandImage(java.util.List<java.lang.Integer>)
2024-11-04 12:22:18.050 INFO  [main] o.s.w.s.m.method.annotation.RequestMappingHandlerMapping [AbstractHandlerMethodMapping.java:543] -Mapped "{[/dataQuery/findById]}" onto public com.alibaba.fastjson.JSONObject airport.cargos.demo.web_common_demo.controller.ContrabandImageController.findById(airport.cargos.demo.web_common_demo.entity.ContrabandImage)
2024-11-04 12:22:18.050 INFO  [main] o.s.w.s.m.method.annotation.RequestMappingHandlerMapping [AbstractHandlerMethodMapping.java:543] -Mapped "{[/dataQuery/findByCondition]}" onto public com.alibaba.fastjson.JSONObject airport.cargos.demo.web_common_demo.controller.ContrabandImageController.findByCondition(airport.cargos.demo.web_common_demo.entity.ContrabandImage)
2024-11-04 12:22:18.050 INFO  [main] o.s.w.s.m.method.annotation.RequestMappingHandlerMapping [AbstractHandlerMethodMapping.java:543] -Mapped "{[/dataQuery/paginate]}" onto public com.alibaba.fastjson.JSONObject airport.cargos.demo.web_common_demo.controller.ContrabandImageController.findWithPagination(java.lang.String)
2024-11-04 12:22:18.050 INFO  [main] o.s.w.s.m.method.annotation.RequestMappingHandlerMapping [AbstractHandlerMethodMapping.java:543] -Mapped "{[/dataQuery/statistic]}" onto public com.alibaba.fastjson.JSONObject airport.cargos.demo.web_common_demo.controller.ContrabandImageController.countByCondition(airport.cargos.demo.web_common_demo.entity.ContrabandImage)
2024-11-04 12:22:18.050 INFO  [main] o.s.w.s.m.method.annotation.RequestMappingHandlerMapping [AbstractHandlerMethodMapping.java:543] -Mapped "{[/dataQuery/getImageByPath],produces=[image/jpeg]}" onto public byte[] airport.cargos.demo.web_common_demo.controller.ContrabandImageController.getImageByPath(java.lang.String,javax.servlet.http.HttpServletResponse)
2024-11-04 12:22:18.051 INFO  [main] o.s.w.s.m.method.annotation.RequestMappingHandlerMapping [AbstractHandlerMethodMapping.java:543] -Mapped "{[/cateSetting/updateStatus]}" onto public com.alibaba.fastjson.JSONObject airport.cargos.demo.web_common_demo.controller.DetectSetController.updateStatus(java.lang.Integer,java.lang.String,java.lang.Boolean)
2024-11-04 12:22:18.051 INFO  [main] o.s.w.s.m.method.annotation.RequestMappingHandlerMapping [AbstractHandlerMethodMapping.java:543] -Mapped "{[/cateSetting/updateCategory]}" onto public com.alibaba.fastjson.JSONObject airport.cargos.demo.web_common_demo.controller.DetectSetController.updateCategory(int,java.lang.String,java.lang.String)
2024-11-04 12:22:18.051 INFO  [main] o.s.w.s.m.method.annotation.RequestMappingHandlerMapping [AbstractHandlerMethodMapping.java:543] -Mapped "{[/cateSetting/select]}" onto public com.alibaba.fastjson.JSONObject airport.cargos.demo.web_common_demo.controller.DetectSetController.findCateList(int,int)
2024-11-04 12:22:18.051 INFO  [main] o.s.w.s.m.method.annotation.RequestMappingHandlerMapping [AbstractHandlerMethodMapping.java:543] -Mapped "{[/cateSetting/addCategory]}" onto public com.alibaba.fastjson.JSONObject airport.cargos.demo.web_common_demo.controller.DetectSetController.addCategory(java.lang.String,java.lang.String)
2024-11-04 12:22:18.051 INFO  [main] o.s.w.s.m.method.annotation.RequestMappingHandlerMapping [AbstractHandlerMethodMapping.java:543] -Mapped "{[/cateSetting/deleteCategory]}" onto public com.alibaba.fastjson.JSONObject airport.cargos.demo.web_common_demo.controller.DetectSetController.deleteCategory(int)
2024-11-04 12:22:18.053 INFO  [main] o.s.w.s.m.method.annotation.RequestMappingHandlerMapping [AbstractHandlerMethodMapping.java:543] -Mapped "{[/echo],methods=[GET]}" onto public java.lang.String airport.cargos.demo.web_common_demo.controller.EchoController.echo()
2024-11-04 12:22:18.053 INFO  [main] o.s.w.s.m.method.annotation.RequestMappingHandlerMapping [AbstractHandlerMethodMapping.java:543] -Mapped "{[/echoHelloWorld],methods=[POST]}" onto public com.alibaba.fastjson.JSONObject airport.cargos.demo.web_common_demo.controller.EchoController.echoHelloWorld()
2024-11-04 12:22:18.053 INFO  [main] o.s.w.s.m.method.annotation.RequestMappingHandlerMapping [AbstractHandlerMethodMapping.java:543] -Mapped "{[/generateImage]}" onto public com.alibaba.fastjson.JSONObject airport.cargos.demo.web_common_demo.controller.GenerateController.generateImage(org.springframework.web.multipart.MultipartFile,org.springframework.web.multipart.MultipartFile,java.lang.String)
2024-11-04 12:22:18.054 INFO  [main] o.s.w.s.m.method.annotation.RequestMappingHandlerMapping [AbstractHandlerMethodMapping.java:543] -Mapped "{[/realTimeVideo/videoStream]}" onto public byte[] airport.cargos.demo.web_common_demo.controller.RealTimeVideoController.play(int)
2024-11-04 12:22:18.055 INFO  [main] o.s.w.s.m.method.annotation.RequestMappingHandlerMapping [AbstractHandlerMethodMapping.java:543] -Mapped "{[/SystemConfiguration/getConfig]}" onto public com.alibaba.fastjson.JSONObject airport.cargos.demo.web_common_demo.controller.SystemConfigController.getConfig()
2024-11-04 12:22:18.055 INFO  [main] o.s.w.s.m.method.annotation.RequestMappingHandlerMapping [AbstractHandlerMethodMapping.java:543] -Mapped "{[/SystemConfiguration/capture]}" onto public com.alibaba.fastjson.JSONObject airport.cargos.demo.web_common_demo.controller.SystemConfigController.capture(airport.cargos.demo.web_common_demo.entity.SystemConfig)
2024-11-04 12:22:18.055 INFO  [main] o.s.w.s.m.method.annotation.RequestMappingHandlerMapping [AbstractHandlerMethodMapping.java:543] -Mapped "{[/SystemConfiguration/updateSaveTimes]}" onto public com.alibaba.fastjson.JSONObject airport.cargos.demo.web_common_demo.controller.SystemConfigController.updateSaveTimes(int)
2024-11-04 12:22:18.056 INFO  [main] o.s.w.s.m.method.annotation.RequestMappingHandlerMapping [AbstractHandlerMethodMapping.java:543] -Mapped "{[/SystemConfiguration/updateThreshold]}" onto public com.alibaba.fastjson.JSONObject airport.cargos.demo.web_common_demo.controller.SystemConfigController.updateThreshold(float)
2024-11-04 12:22:18.056 INFO  [main] o.s.w.s.m.method.annotation.RequestMappingHandlerMapping [AbstractHandlerMethodMapping.java:543] -Mapped "{[/SystemConfiguration/saveInput]}" onto public com.alibaba.fastjson.JSONObject airport.cargos.demo.web_common_demo.controller.SystemConfigController.saveInput(airport.cargos.demo.web_common_demo.entity.SystemConfig)
2024-11-04 12:22:18.056 INFO  [main] o.s.w.s.m.method.annotation.RequestMappingHandlerMapping [AbstractHandlerMethodMapping.java:543] -Mapped "{[/SystemConfiguration/updateSaveStatus]}" onto public com.alibaba.fastjson.JSONObject airport.cargos.demo.web_common_demo.controller.SystemConfigController.updateSaveStatus(int)
2024-11-04 12:22:18.056 INFO  [main] o.s.w.s.m.method.annotation.RequestMappingHandlerMapping [AbstractHandlerMethodMapping.java:543] -Mapped "{[/SystemConfiguration/updateDetectStatus]}" onto public com.alibaba.fastjson.JSONObject airport.cargos.demo.web_common_demo.controller.SystemConfigController.updateDetectStatus(int)
2024-11-04 12:22:18.056 INFO  [main] o.s.w.s.m.method.annotation.RequestMappingHandlerMapping [AbstractHandlerMethodMapping.java:543] -Mapped "{[/SystemConfiguration/updateSource]}" onto public com.alibaba.fastjson.JSONObject airport.cargos.demo.web_common_demo.controller.SystemConfigController.updateSource(java.lang.String)
2024-11-04 12:22:18.056 INFO  [main] o.s.w.s.m.method.annotation.RequestMappingHandlerMapping [AbstractHandlerMethodMapping.java:543] -Mapped "{[/SystemConfiguration/changeInputType]}" onto public com.alibaba.fastjson.JSONObject airport.cargos.demo.web_common_demo.controller.SystemConfigController.changeInputType(int)
2024-11-04 12:22:18.057 INFO  [main] o.s.w.s.m.method.annotation.RequestMappingHandlerMapping [AbstractHandlerMethodMapping.java:543] -Mapped "{[/userManager/user/findByName]}" onto public java.util.List<airport.cargos.demo.web_common_demo.entity.User> airport.cargos.demo.web_common_demo.controller.UserController.findByName(java.lang.String)
2024-11-04 12:22:18.057 INFO  [main] o.s.w.s.m.method.annotation.RequestMappingHandlerMapping [AbstractHandlerMethodMapping.java:543] -Mapped "{[/userManager/user/getUser]}" onto public com.alibaba.fastjson.JSONObject airport.cargos.demo.web_common_demo.controller.UserController.findById(com.alibaba.fastjson.JSONObject)
2024-11-04 12:22:18.057 INFO  [main] o.s.w.s.m.method.annotation.RequestMappingHandlerMapping [AbstractHandlerMethodMapping.java:543] -Mapped "{[/userManager/user/addUser]}" onto public com.alibaba.fastjson.JSONObject airport.cargos.demo.web_common_demo.controller.UserController.saveUser(com.alibaba.fastjson.JSONObject)
2024-11-04 12:22:18.057 INFO  [main] o.s.w.s.m.method.annotation.RequestMappingHandlerMapping [AbstractHandlerMethodMapping.java:543] -Mapped "{[/userManager/user/editUser_realName]}" onto public com.alibaba.fastjson.JSONObject airport.cargos.demo.web_common_demo.controller.UserController.updateUser_realName(com.alibaba.fastjson.JSONObject)
2024-11-04 12:22:18.057 INFO  [main] o.s.w.s.m.method.annotation.RequestMappingHandlerMapping [AbstractHandlerMethodMapping.java:543] -Mapped "{[/userManager/user/editUser_password]}" onto public com.alibaba.fastjson.JSONObject airport.cargos.demo.web_common_demo.controller.UserController.updateUser_password(com.alibaba.fastjson.JSONObject)
2024-11-04 12:22:18.058 INFO  [main] o.s.w.s.m.method.annotation.RequestMappingHandlerMapping [AbstractHandlerMethodMapping.java:543] -Mapped "{[/userManager/user/editUser]}" onto public com.alibaba.fastjson.JSONObject airport.cargos.demo.web_common_demo.controller.UserController.updateUser(com.alibaba.fastjson.JSONObject)
2024-11-04 12:22:18.058 INFO  [main] o.s.w.s.m.method.annotation.RequestMappingHandlerMapping [AbstractHandlerMethodMapping.java:543] -Mapped "{[/userManager/user/deleteUser]}" onto public com.alibaba.fastjson.JSONObject airport.cargos.demo.web_common_demo.controller.UserController.deleteUser(com.alibaba.fastjson.JSONObject)
2024-11-04 12:22:18.058 INFO  [main] o.s.w.s.m.method.annotation.RequestMappingHandlerMapping [AbstractHandlerMethodMapping.java:543] -Mapped "{[/userManager/user/getUserList]}" onto public com.alibaba.fastjson.JSONObject airport.cargos.demo.web_common_demo.controller.UserController.getUserList(java.lang.String,java.lang.String)
2024-11-04 12:22:18.058 INFO  [main] o.s.w.s.m.method.annotation.RequestMappingHandlerMapping [AbstractHandlerMethodMapping.java:543] -Mapped "{[/userManager/user/login]}" onto public com.alibaba.fastjson.JSONObject airport.cargos.demo.web_common_demo.controller.UserController.userLogin(com.alibaba.fastjson.JSONObject,javax.servlet.http.HttpServletResponse)
2024-11-04 12:22:18.058 INFO  [main] o.s.w.s.m.method.annotation.RequestMappingHandlerMapping [AbstractHandlerMethodMapping.java:543] -Mapped "{[/userManager/user/info]}" onto public com.alibaba.fastjson.JSONObject airport.cargos.demo.web_common_demo.controller.UserController.loginInfo(java.lang.String)
2024-11-04 12:22:18.058 INFO  [main] o.s.w.s.m.method.annotation.RequestMappingHandlerMapping [AbstractHandlerMethodMapping.java:543] -Mapped "{[/userManager/user/logout]}" onto public com.alibaba.fastjson.JSONObject airport.cargos.demo.web_common_demo.controller.UserController.logOut(com.alibaba.fastjson.JSONObject)
2024-11-04 12:22:18.058 INFO  [main] o.s.w.s.m.method.annotation.RequestMappingHandlerMapping [AbstractHandlerMethodMapping.java:543] -Mapped "{[/userManager/user/resetPassword]}" onto public com.alibaba.fastjson.JSONObject airport.cargos.demo.web_common_demo.controller.UserController.resetPassword(com.alibaba.fastjson.JSONObject)
2024-11-04 12:22:18.059 INFO  [main] o.s.w.s.m.method.annotation.RequestMappingHandlerMapping [AbstractHandlerMethodMapping.java:543] -Mapped "{[/video/delete]}" onto public com.alibaba.fastjson.JSONObject airport.cargos.demo.web_common_demo.controller.VideoModuleController.destroy(int)
2024-11-04 12:22:18.059 INFO  [main] o.s.w.s.m.method.annotation.RequestMappingHandlerMapping [AbstractHandlerMethodMapping.java:543] -Mapped "{[/video/getVideo]}" onto public com.alibaba.fastjson.JSONObject airport.cargos.demo.web_common_demo.controller.VideoModuleController.conditional_query(java.lang.String,java.lang.String,java.lang.String,int,int)
2024-11-04 12:22:18.059 INFO  [main] o.s.w.s.m.method.annotation.RequestMappingHandlerMapping [AbstractHandlerMethodMapping.java:543] -Mapped "{[/video/getAll]}" onto public com.alibaba.fastjson.JSONObject airport.cargos.demo.web_common_demo.controller.VideoModuleController.list_all(int,int)
2024-11-04 12:22:18.059 INFO  [main] o.s.w.s.m.method.annotation.RequestMappingHandlerMapping [AbstractHandlerMethodMapping.java:543] -Mapped "{[/video/playVideo]}" onto public org.springframework.http.ResponseEntity<org.springframework.core.io.Resource> airport.cargos.demo.web_common_demo.controller.VideoModuleController.playVideo(java.lang.String,javax.servlet.http.HttpServletRequest,javax.servlet.http.HttpServletResponse) throws java.io.IOException
2024-11-04 12:22:18.060 INFO  [main] o.s.w.s.m.method.annotation.RequestMappingHandlerMapping [AbstractHandlerMethodMapping.java:543] -Mapped "{[/swagger-resources/configuration/security]}" onto public org.springframework.http.ResponseEntity<springfox.documentation.swagger.web.SecurityConfiguration> springfox.documentation.swagger.web.ApiResourceController.securityConfiguration()
2024-11-04 12:22:18.061 INFO  [main] o.s.w.s.m.method.annotation.RequestMappingHandlerMapping [AbstractHandlerMethodMapping.java:543] -Mapped "{[/swagger-resources/configuration/ui]}" onto public org.springframework.http.ResponseEntity<springfox.documentation.swagger.web.UiConfiguration> springfox.documentation.swagger.web.ApiResourceController.uiConfiguration()
2024-11-04 12:22:18.061 INFO  [main] o.s.w.s.m.method.annotation.RequestMappingHandlerMapping [AbstractHandlerMethodMapping.java:543] -Mapped "{[/swagger-resources]}" onto public org.springframework.http.ResponseEntity<java.util.List<springfox.documentation.swagger.web.SwaggerResource>> springfox.documentation.swagger.web.ApiResourceController.swaggerResources()
2024-11-04 12:22:18.062 INFO  [main] o.s.w.s.m.method.annotation.RequestMappingHandlerMapping [AbstractHandlerMethodMapping.java:543] -Mapped "{[/error]}" onto public org.springframework.http.ResponseEntity<java.util.Map<java.lang.String, java.lang.Object>> org.springframework.boot.autoconfigure.web.BasicErrorController.error(javax.servlet.http.HttpServletRequest)
2024-11-04 12:22:18.062 INFO  [main] o.s.w.s.m.method.annotation.RequestMappingHandlerMapping [AbstractHandlerMethodMapping.java:543] -Mapped "{[/error],produces=[text/html]}" onto public org.springframework.web.servlet.ModelAndView org.springframework.boot.autoconfigure.web.BasicErrorController.errorHtml(javax.servlet.http.HttpServletRequest,javax.servlet.http.HttpServletResponse)
2024-11-04 12:22:18.140 INFO  [main] s.d.s.web.PropertySourcedRequestMappingHandlerMapping [PropertySourcedRequestMappingHandlerMapping.java:69] -Mapped URL path [/v2/api-docs] onto method [public org.springframework.http.ResponseEntity<springfox.documentation.spring.web.json.Json> springfox.documentation.swagger2.web.Swagger2Controller.getDocumentation(java.lang.String,javax.servlet.http.HttpServletRequest)]
2024-11-04 12:22:18.251 INFO  [main] o.s.w.s.m.method.annotation.RequestMappingHandlerAdapter [RequestMappingHandlerAdapter.java:534] -Looking for @ControllerAdvice: org.springframework.boot.context.embedded.AnnotationConfigEmbeddedWebApplicationContext@53976f5c: startup date [Mon Nov 04 12:22:16 CST 2024]; root of context hierarchy
2024-11-04 12:22:18.279 INFO  [main] o.s.web.servlet.handler.SimpleUrlHandlerMapping [AbstractUrlHandlerMapping.java:362] -Mapped URL path [/webjars/**] onto handler of type [class org.springframework.web.servlet.resource.ResourceHttpRequestHandler]
2024-11-04 12:22:18.279 INFO  [main] o.s.web.servlet.handler.SimpleUrlHandlerMapping [AbstractUrlHandlerMapping.java:362] -Mapped URL path [/**] onto handler of type [class org.springframework.web.servlet.resource.ResourceHttpRequestHandler]
2024-11-04 12:22:18.309 INFO  [main] o.s.web.servlet.handler.SimpleUrlHandlerMapping [AbstractUrlHandlerMapping.java:362] -Mapped URL path [/**/favicon.ico] onto handler of type [class org.springframework.web.servlet.resource.ResourceHttpRequestHandler]
2024-11-04 12:22:18.468 INFO  [main] o.s.b.a.w.WebMvcAutoConfiguration$WelcomePageHandlerMapping [WebMvcAutoConfiguration.java:549] -Adding welcome page: class path resource [static/index.html]
2024-11-04 12:22:18.612 INFO  [main] o.s.jmx.export.annotation.AnnotationMBeanExporter [MBeanExporter.java:431] -Registering beans for JMX exposure on startup
2024-11-04 12:22:18.617 INFO  [main] o.s.context.support.DefaultLifecycleProcessor [DefaultLifecycleProcessor.java:343] -Starting beans in phase 2147483647
2024-11-04 12:22:18.617 INFO  [main] s.d.spring.web.plugins.DocumentationPluginsBootstrapper [DocumentationPluginsBootstrapper.java:160] -Context refreshed
2024-11-04 12:22:18.629 INFO  [main] s.d.spring.web.plugins.DocumentationPluginsBootstrapper [DocumentationPluginsBootstrapper.java:163] -Found 1 custom documentation plugin(s)
2024-11-04 12:22:18.642 INFO  [main] s.d.spring.web.scanners.ApiListingReferenceScanner [ApiListingReferenceScanner.java:41] -Scanning for api listing references
2024-11-04 12:22:18.799 INFO  [main] s.d.s.w.readers.operation.CachingOperationNameGenerator [CachingOperationNameGenerator.java:40] -Generating unique operation named: findByIdUsingGET_1
2024-11-04 12:22:18.800 INFO  [main] s.d.s.w.readers.operation.CachingOperationNameGenerator [CachingOperationNameGenerator.java:40] -Generating unique operation named: findByIdUsingHEAD_1
2024-11-04 12:22:18.800 INFO  [main] s.d.s.w.readers.operation.CachingOperationNameGenerator [CachingOperationNameGenerator.java:40] -Generating unique operation named: findByIdUsingPOST_1
2024-11-04 12:22:18.800 INFO  [main] s.d.s.w.readers.operation.CachingOperationNameGenerator [CachingOperationNameGenerator.java:40] -Generating unique operation named: findByIdUsingPUT_1
2024-11-04 12:22:18.801 INFO  [main] s.d.s.w.readers.operation.CachingOperationNameGenerator [CachingOperationNameGenerator.java:40] -Generating unique operation named: findByIdUsingPATCH_1
2024-11-04 12:22:18.801 INFO  [main] s.d.s.w.readers.operation.CachingOperationNameGenerator [CachingOperationNameGenerator.java:40] -Generating unique operation named: findByIdUsingDELETE_1
2024-11-04 12:22:18.801 INFO  [main] s.d.s.w.readers.operation.CachingOperationNameGenerator [CachingOperationNameGenerator.java:40] -Generating unique operation named: findByIdUsingOPTIONS_1
2024-11-04 12:22:18.802 INFO  [main] s.d.s.w.readers.operation.CachingOperationNameGenerator [CachingOperationNameGenerator.java:40] -Generating unique operation named: findByIdUsingTRACE_1
2024-11-04 12:22:18.853 INFO  [main] org.apache.coyote.http11.Http11NioProtocol [DirectJDKLog.java:179] -Initializing ProtocolHandler ["http-nio-9000"]
2024-11-04 12:22:18.858 INFO  [main] org.apache.coyote.http11.Http11NioProtocol [DirectJDKLog.java:179] -Starting ProtocolHandler ["http-nio-9000"]
2024-11-04 12:22:18.959 INFO  [main] org.apache.tomcat.util.net.NioSelectorPool [DirectJDKLog.java:179] -Using a shared selector for servlet write/read
2024-11-04 12:22:18.966 INFO  [main] o.s.b.c.embedded.tomcat.TomcatEmbeddedServletContainer [TomcatEmbeddedServletContainer.java:201] -Tomcat started on port(s): 9000 (http)
2024-11-04 12:22:18.968 INFO  [main] airport.cargos.demo.web_common_demo.Bootstrap [StartupInfoLogger.java:57] -Started Bootstrap in 2.876 seconds (JVM running for 3.091)
2024-11-04 12:22:18.972 INFO  [main] airport.cargos.demo.web_common_demo.common.ThreadData [ThreadData.java:62] -SystemConfig{input_type=1, source=/home/airport/installer/6号采集视频_13号机.mp4, input_view=1, points=[[I@65a2755e], threshold=0.6, detected_status=1, save_status=0, image_path='../data/images/', video_path='../data/videos/', detect_url='http://127.0.0.1:8000/detect', synthesis_url='http://127.0.0.1:8081/', save_time=1, last_labels=10, scale=2, frame_rate=10, sample_rate=5, video_save_time=2, image_save_time=7}
2024-11-04 12:22:18.974 INFO  [Thread-9] airport.cargos.demo.web_common_demo.common.ThreadData [ThreadData.java:62] -SystemConfig{input_type=1, source=/home/airport/installer/6号采集视频_13号机.mp4, input_view=1, points=[[I@26e79a96], threshold=0.6, detected_status=1, save_status=0, image_path='../data/images/', video_path='../data/videos/', detect_url='http://127.0.0.1:8000/detect', synthesis_url='http://127.0.0.1:8081/', save_time=1, last_labels=10, scale=2, frame_rate=10, sample_rate=5, video_save_time=2, image_save_time=7}
2024-11-04 12:22:21.837 INFO  [http-nio-9000-exec-1] o.a.catalina.core.ContainerBase.[Tomcat].[localhost].[/] [DirectJDKLog.java:179] -Initializing Spring FrameworkServlet 'dispatcherServlet'
2024-11-04 12:22:21.837 INFO  [http-nio-9000-exec-1] org.springframework.web.servlet.DispatcherServlet [FrameworkServlet.java:489] -FrameworkServlet 'dispatcherServlet': initialization started
2024-11-04 12:22:21.844 INFO  [http-nio-9000-exec-1] org.springframework.web.servlet.DispatcherServlet [FrameworkServlet.java:508] -FrameworkServlet 'dispatcherServlet': initialization completed in 7 ms
2024-11-04 12:22:23.536 INFO  [http-nio-9000-exec-5] a.cargos.demo.web_common_demo.controller.UserController [UserController.java:93] -{"password":"123456","username":"admin"}
2024-11-04 12:23:51.619 INFO  [http-nio-9000-exec-5] airport.cargos.demo.web_common_demo.common.ThreadData [ThreadData.java:62] -SystemConfig{input_type=1, source=/home/airport/installer/6号采集视频_13号机.mp4, input_view=1, points=[[I@6dc987ed], threshold=0.6, detected_status=1, save_status=0, image_path='../data/images/', video_path='../data/videos/', detect_url='http://127.0.0.1:8000/detect', synthesis_url='http://127.0.0.1:8081/', save_time=1, last_labels=10, scale=2, frame_rate=10, sample_rate=5, video_save_time=2, image_save_time=7}
2024-11-04 12:23:51.619 INFO  [http-nio-9000-exec-5] airport.cargos.demo.web_common_demo.util.ThreadUtils [ThreadUtils.java:36] -shutdown start
2024-11-04 12:23:51.766 INFO  [pool-2-thread-1] airport.cargos.demo.web_common_demo.util.EncodeThread [EncodeThread.java:75] -EncodeThread  Start
2024-11-04 12:23:51.766 INFO  [pool-2-thread-4] airport.cargos.demo.web_common_demo.util.PlayVideoThread [PlayVideoThread.java:81] -PlayVideoThread Start
2024-11-04 12:23:51.768 INFO  [pool-2-thread-3] airport.cargos.demo.web_common_demo.util.DrawThread [DrawThread.java:44] -[电击器, 警棍, 枪支, 手铐, 管制刀具, 鞭炮, 电子烟花, 礼花, 烟花, 烟饼, 仙女棒, 压缩管, 子弹, 空包弹, 霰弹, 烟雾弹, 塑料打火机, 金属打火机, 镁棒点火器, 防风火柴, 块状电池, 节状电池, 纽扣电池, 蓄电池, 蓝牙耳机]
2024-11-04 12:23:51.771 INFO  [pool-2-thread-3] airport.cargos.demo.web_common_demo.util.DrawThread [DrawThread.java:66] -DrawThread start
2024-11-04 12:23:51.788 INFO  [pool-2-thread-2] airport.cargos.demo.web_common_demo.util.DetectThread [DetectThread.java:66] -DetectThread start
2024-11-04 12:23:52.521 INFO  [pool-2-thread-4] airport.cargos.demo.web_common_demo.util.PlayVideoThread [PlayVideoThread.java:54] -width=960,height=1080,frame_rate=10
2024-11-04 12:24:51.917 INFO  [pool-2-thread-4] airport.cargos.demo.web_common_demo.util.PlayVideoThread [PlayVideoThread.java:110] -保存视频
2024-11-04 12:24:51.918 INFO  [pool-2-thread-4] airport.cargos.demo.web_common_demo.util.PlayVideoThread [PlayVideoThread.java:54] -width=960,height=1080,frame_rate=10
2024-11-04 12:24:51.930 INFO  [Thread-15] airport.cargos.demo.web_common_demo.util.PlayVideoThread [PlayVideoThread.java:167] -开始压缩
2024-11-04 12:24:55.104 INFO  [Thread-15] airport.cargos.demo.web_common_demo.util.PlayVideoThread [PlayVideoThread.java:171] -压缩耗时：3s
2024-11-04 12:24:55.105 INFO  [Thread-15] airport.cargos.demo.web_common_demo.util.PlayVideoThread [PlayVideoThread.java:173] -压缩成功！
2024-11-04 12:25:52.016 INFO  [pool-2-thread-4] airport.cargos.demo.web_common_demo.util.PlayVideoThread [PlayVideoThread.java:110] -保存视频
2024-11-04 12:25:52.016 INFO  [pool-2-thread-4] airport.cargos.demo.web_common_demo.util.PlayVideoThread [PlayVideoThread.java:54] -width=960,height=1080,frame_rate=10
2024-11-04 12:25:52.016 INFO  [Thread-18] airport.cargos.demo.web_common_demo.util.PlayVideoThread [PlayVideoThread.java:167] -开始压缩
2024-11-04 12:25:55.250 INFO  [Thread-18] airport.cargos.demo.web_common_demo.util.PlayVideoThread [PlayVideoThread.java:171] -压缩耗时：3s
2024-11-04 12:25:55.250 INFO  [Thread-18] airport.cargos.demo.web_common_demo.util.PlayVideoThread [PlayVideoThread.java:173] -压缩成功！
2024-11-04 12:26:52.145 INFO  [pool-2-thread-4] airport.cargos.demo.web_common_demo.util.PlayVideoThread [PlayVideoThread.java:110] -保存视频
2024-11-04 12:26:52.146 INFO  [pool-2-thread-4] airport.cargos.demo.web_common_demo.util.PlayVideoThread [PlayVideoThread.java:54] -width=960,height=1080,frame_rate=10
2024-11-04 12:26:52.146 INFO  [Thread-21] airport.cargos.demo.web_common_demo.util.PlayVideoThread [PlayVideoThread.java:167] -开始压缩
2024-11-04 12:26:55.357 INFO  [Thread-21] airport.cargos.demo.web_common_demo.util.PlayVideoThread [PlayVideoThread.java:171] -压缩耗时：3s
2024-11-04 12:26:55.357 INFO  [Thread-21] airport.cargos.demo.web_common_demo.util.PlayVideoThread [PlayVideoThread.java:173] -压缩成功！
2024-11-04 12:27:52.365 INFO  [pool-2-thread-4] airport.cargos.demo.web_common_demo.util.PlayVideoThread [PlayVideoThread.java:110] -保存视频
2024-11-04 12:27:52.365 INFO  [pool-2-thread-4] airport.cargos.demo.web_common_demo.util.PlayVideoThread [PlayVideoThread.java:54] -width=960,height=1080,frame_rate=10
2024-11-04 12:27:52.366 INFO  [Thread-24] airport.cargos.demo.web_common_demo.util.PlayVideoThread [PlayVideoThread.java:167] -开始压缩
2024-11-04 12:27:55.425 INFO  [Thread-24] airport.cargos.demo.web_common_demo.util.PlayVideoThread [PlayVideoThread.java:171] -压缩耗时：3s
2024-11-04 12:27:55.426 INFO  [Thread-24] airport.cargos.demo.web_common_demo.util.PlayVideoThread [PlayVideoThread.java:173] -压缩成功！
2024-11-04 12:28:52.517 INFO  [pool-2-thread-4] airport.cargos.demo.web_common_demo.util.PlayVideoThread [PlayVideoThread.java:110] -保存视频
2024-11-04 12:28:52.518 INFO  [pool-2-thread-4] airport.cargos.demo.web_common_demo.util.PlayVideoThread [PlayVideoThread.java:54] -width=960,height=1080,frame_rate=10
2024-11-04 12:28:52.518 INFO  [Thread-27] airport.cargos.demo.web_common_demo.util.PlayVideoThread [PlayVideoThread.java:167] -开始压缩
2024-11-04 12:28:55.922 INFO  [Thread-27] airport.cargos.demo.web_common_demo.util.PlayVideoThread [PlayVideoThread.java:171] -压缩耗时：3s
2024-11-04 12:28:55.922 INFO  [Thread-27] airport.cargos.demo.web_common_demo.util.PlayVideoThread [PlayVideoThread.java:173] -压缩成功！
2024-11-04 12:29:52.631 INFO  [pool-2-thread-4] airport.cargos.demo.web_common_demo.util.PlayVideoThread [PlayVideoThread.java:110] -保存视频
2024-11-04 12:29:52.632 INFO  [pool-2-thread-4] airport.cargos.demo.web_common_demo.util.PlayVideoThread [PlayVideoThread.java:54] -width=960,height=1080,frame_rate=10
2024-11-04 12:29:52.632 INFO  [Thread-30] airport.cargos.demo.web_common_demo.util.PlayVideoThread [PlayVideoThread.java:167] -开始压缩
2024-11-04 12:29:56.097 INFO  [Thread-30] airport.cargos.demo.web_common_demo.util.PlayVideoThread [PlayVideoThread.java:171] -压缩耗时：3s
2024-11-04 12:29:56.098 INFO  [Thread-30] airport.cargos.demo.web_common_demo.util.PlayVideoThread [PlayVideoThread.java:173] -压缩成功！
2024-11-04 12:30:52.878 INFO  [pool-2-thread-4] airport.cargos.demo.web_common_demo.util.PlayVideoThread [PlayVideoThread.java:110] -保存视频
2024-11-04 12:30:52.878 INFO  [pool-2-thread-4] airport.cargos.demo.web_common_demo.util.PlayVideoThread [PlayVideoThread.java:54] -width=960,height=1080,frame_rate=10
2024-11-04 12:30:52.878 INFO  [Thread-33] airport.cargos.demo.web_common_demo.util.PlayVideoThread [PlayVideoThread.java:167] -开始压缩
2024-11-04 12:30:56.714 INFO  [Thread-33] airport.cargos.demo.web_common_demo.util.PlayVideoThread [PlayVideoThread.java:171] -压缩耗时：3s
2024-11-04 12:30:56.714 INFO  [Thread-33] airport.cargos.demo.web_common_demo.util.PlayVideoThread [PlayVideoThread.java:173] -压缩成功！
2024-11-04 12:31:53.018 INFO  [pool-2-thread-4] airport.cargos.demo.web_common_demo.util.PlayVideoThread [PlayVideoThread.java:110] -保存视频
2024-11-04 12:31:53.018 INFO  [pool-2-thread-4] airport.cargos.demo.web_common_demo.util.PlayVideoThread [PlayVideoThread.java:54] -width=960,height=1080,frame_rate=10
2024-11-04 12:31:53.019 INFO  [Thread-36] airport.cargos.demo.web_common_demo.util.PlayVideoThread [PlayVideoThread.java:167] -开始压缩
2024-11-04 12:31:55.943 INFO  [Thread-36] airport.cargos.demo.web_common_demo.util.PlayVideoThread [PlayVideoThread.java:171] -压缩耗时：2s
2024-11-04 12:31:55.943 INFO  [Thread-36] airport.cargos.demo.web_common_demo.util.PlayVideoThread [PlayVideoThread.java:173] -压缩成功！
2024-11-04 12:32:53.193 INFO  [pool-2-thread-4] airport.cargos.demo.web_common_demo.util.PlayVideoThread [PlayVideoThread.java:110] -保存视频
2024-11-04 12:32:53.193 INFO  [pool-2-thread-4] airport.cargos.demo.web_common_demo.util.PlayVideoThread [PlayVideoThread.java:54] -width=960,height=1080,frame_rate=10
2024-11-04 12:32:53.194 INFO  [Thread-39] airport.cargos.demo.web_common_demo.util.PlayVideoThread [PlayVideoThread.java:167] -开始压缩
2024-11-04 12:32:56.864 INFO  [Thread-39] airport.cargos.demo.web_common_demo.util.PlayVideoThread [PlayVideoThread.java:171] -压缩耗时：3s
2024-11-04 12:32:56.865 INFO  [Thread-39] airport.cargos.demo.web_common_demo.util.PlayVideoThread [PlayVideoThread.java:173] -压缩成功！
2024-11-04 12:33:53.356 INFO  [pool-2-thread-4] airport.cargos.demo.web_common_demo.util.PlayVideoThread [PlayVideoThread.java:110] -保存视频
2024-11-04 12:33:53.356 INFO  [pool-2-thread-4] airport.cargos.demo.web_common_demo.util.PlayVideoThread [PlayVideoThread.java:54] -width=960,height=1080,frame_rate=10
2024-11-04 12:33:53.357 INFO  [Thread-42] airport.cargos.demo.web_common_demo.util.PlayVideoThread [PlayVideoThread.java:167] -开始压缩
2024-11-04 12:33:56.566 INFO  [Thread-42] airport.cargos.demo.web_common_demo.util.PlayVideoThread [PlayVideoThread.java:171] -压缩耗时：3s
2024-11-04 12:33:56.566 INFO  [Thread-42] airport.cargos.demo.web_common_demo.util.PlayVideoThread [PlayVideoThread.java:173] -压缩成功！
2024-11-04 12:34:53.446 INFO  [pool-2-thread-4] airport.cargos.demo.web_common_demo.util.PlayVideoThread [PlayVideoThread.java:110] -保存视频
2024-11-04 12:34:53.446 INFO  [pool-2-thread-4] airport.cargos.demo.web_common_demo.util.PlayVideoThread [PlayVideoThread.java:54] -width=960,height=1080,frame_rate=10
2024-11-04 12:34:53.447 INFO  [Thread-45] airport.cargos.demo.web_common_demo.util.PlayVideoThread [PlayVideoThread.java:167] -开始压缩
2024-11-04 12:34:56.956 INFO  [Thread-45] airport.cargos.demo.web_common_demo.util.PlayVideoThread [PlayVideoThread.java:171] -压缩耗时：3s
2024-11-04 12:34:56.956 INFO  [Thread-45] airport.cargos.demo.web_common_demo.util.PlayVideoThread [PlayVideoThread.java:173] -压缩成功！
2024-11-04 12:35:53.675 INFO  [pool-2-thread-4] airport.cargos.demo.web_common_demo.util.PlayVideoThread [PlayVideoThread.java:110] -保存视频
2024-11-04 12:35:53.675 INFO  [pool-2-thread-4] airport.cargos.demo.web_common_demo.util.PlayVideoThread [PlayVideoThread.java:54] -width=960,height=1080,frame_rate=10
2024-11-04 12:35:53.675 INFO  [Thread-48] airport.cargos.demo.web_common_demo.util.PlayVideoThread [PlayVideoThread.java:167] -开始压缩
2024-11-04 12:35:57.221 INFO  [Thread-48] airport.cargos.demo.web_common_demo.util.PlayVideoThread [PlayVideoThread.java:171] -压缩耗时：3s
2024-11-04 12:35:57.221 INFO  [Thread-48] airport.cargos.demo.web_common_demo.util.PlayVideoThread [PlayVideoThread.java:173] -压缩成功！
2024-11-04 12:36:53.882 INFO  [pool-2-thread-4] airport.cargos.demo.web_common_demo.util.PlayVideoThread [PlayVideoThread.java:110] -保存视频
2024-11-04 12:36:53.882 INFO  [pool-2-thread-4] airport.cargos.demo.web_common_demo.util.PlayVideoThread [PlayVideoThread.java:54] -width=960,height=1080,frame_rate=10
2024-11-04 12:36:53.882 INFO  [Thread-51] airport.cargos.demo.web_common_demo.util.PlayVideoThread [PlayVideoThread.java:167] -开始压缩
2024-11-04 12:36:57.271 INFO  [Thread-51] airport.cargos.demo.web_common_demo.util.PlayVideoThread [PlayVideoThread.java:171] -压缩耗时：3s
2024-11-04 12:36:57.271 INFO  [Thread-51] airport.cargos.demo.web_common_demo.util.PlayVideoThread [PlayVideoThread.java:173] -压缩成功！
2024-11-04 12:37:54.101 INFO  [pool-2-thread-4] airport.cargos.demo.web_common_demo.util.PlayVideoThread [PlayVideoThread.java:110] -保存视频
2024-11-04 12:37:54.101 INFO  [pool-2-thread-4] airport.cargos.demo.web_common_demo.util.PlayVideoThread [PlayVideoThread.java:54] -width=960,height=1080,frame_rate=10
2024-11-04 12:37:54.101 INFO  [Thread-54] airport.cargos.demo.web_common_demo.util.PlayVideoThread [PlayVideoThread.java:167] -开始压缩
2024-11-04 12:37:57.472 INFO  [Thread-54] airport.cargos.demo.web_common_demo.util.PlayVideoThread [PlayVideoThread.java:171] -压缩耗时：3s
2024-11-04 12:37:57.472 INFO  [Thread-54] airport.cargos.demo.web_common_demo.util.PlayVideoThread [PlayVideoThread.java:173] -压缩成功！
2024-11-04 12:38:54.219 INFO  [pool-2-thread-4] airport.cargos.demo.web_common_demo.util.PlayVideoThread [PlayVideoThread.java:110] -保存视频
2024-11-04 12:38:54.219 INFO  [pool-2-thread-4] airport.cargos.demo.web_common_demo.util.PlayVideoThread [PlayVideoThread.java:54] -width=960,height=1080,frame_rate=10
2024-11-04 12:38:54.219 INFO  [Thread-57] airport.cargos.demo.web_common_demo.util.PlayVideoThread [PlayVideoThread.java:167] -开始压缩
2024-11-04 12:38:57.850 INFO  [Thread-57] airport.cargos.demo.web_common_demo.util.PlayVideoThread [PlayVideoThread.java:171] -压缩耗时：3s
2024-11-04 12:38:57.850 INFO  [Thread-57] airport.cargos.demo.web_common_demo.util.PlayVideoThread [PlayVideoThread.java:173] -压缩成功！
2024-11-04 12:39:54.422 INFO  [pool-2-thread-4] airport.cargos.demo.web_common_demo.util.PlayVideoThread [PlayVideoThread.java:110] -保存视频
2024-11-04 12:39:54.422 INFO  [pool-2-thread-4] airport.cargos.demo.web_common_demo.util.PlayVideoThread [PlayVideoThread.java:54] -width=960,height=1080,frame_rate=10
2024-11-04 12:39:54.422 INFO  [Thread-60] airport.cargos.demo.web_common_demo.util.PlayVideoThread [PlayVideoThread.java:167] -开始压缩
2024-11-04 12:39:57.927 INFO  [Thread-60] airport.cargos.demo.web_common_demo.util.PlayVideoThread [PlayVideoThread.java:171] -压缩耗时：3s
2024-11-04 12:39:57.927 INFO  [Thread-60] airport.cargos.demo.web_common_demo.util.PlayVideoThread [PlayVideoThread.java:173] -压缩成功！
2024-11-04 12:40:21.098 INFO  [pool-2-thread-1] airport.cargos.demo.web_common_demo.util.EncodeThread [EncodeThread.java:81] -release
2024-11-04 12:40:21.160 INFO  [pool-2-thread-1] airport.cargos.demo.web_common_demo.util.EncodeThread [EncodeThread.java:86] -------------Stop EncodeThread-----------
2024-11-04 12:40:21.322 INFO  [pool-2-thread-2] airport.cargos.demo.web_common_demo.util.DetectThread [DetectThread.java:78] -------------Stop DetectThread-----------
2024-11-04 12:40:21.468 INFO  [pool-2-thread-3] airport.cargos.demo.web_common_demo.util.DrawThread [DrawThread.java:81] ------------Stop DrawThread-----------
2024-11-04 12:40:21.652 INFO  [pool-2-thread-4] airport.cargos.demo.web_common_demo.util.PlayVideoThread [PlayVideoThread.java:90] -------------Stop PlayVideoThread-----------
2024-11-04 12:45:21.772 INFO  [Thread-8] o.s.b.c.e.AnnotationConfigEmbeddedWebApplicationContext [AbstractApplicationContext.java:984] -Closing org.springframework.boot.context.embedded.AnnotationConfigEmbeddedWebApplicationContext@53976f5c: startup date [Mon Nov 04 12:22:16 CST 2024]; root of context hierarchy
2024-11-04 12:45:21.773 INFO  [Thread-8] o.s.context.support.DefaultLifecycleProcessor [DefaultLifecycleProcessor.java:358] -Stopping beans in phase 2147483647
2024-11-04 12:45:21.774 INFO  [Thread-8] o.s.jmx.export.annotation.AnnotationMBeanExporter [MBeanExporter.java:449] -Unregistering JMX-exposed beans on shutdown
2024-11-04 12:45:21.775 INFO  [Thread-8] o.s.orm.jpa.LocalContainerEntityManagerFactoryBean [AbstractEntityManagerFactoryBean.java:548] -Closing JPA EntityManagerFactory for persistence unit 'default'
