2024-09-27 10:34:13.031 INFO  [main] airport.cargos.demo.web_common_demo.Bootstrap [StartupInfoLogger.java:48] -Starting Bootstrap on airport-B760M-DS3H with PID 1999939 (/home/airport/installer/airport_logistics/web_common_demo-1.0.0-SNAPSHOT.jar started by airport in /home/airport/installer/airport_logistics)
2024-09-27 10:34:13.032 INFO  [main] airport.cargos.demo.web_common_demo.Bootstrap [SpringApplication.java:593] -No active profile set, falling back to default profiles: default
2024-09-27 10:34:13.116 INFO  [main] o.s.b.c.e.AnnotationConfigEmbeddedWebApplicationContext [AbstractApplicationContext.java:583] -Refreshing org.springframework.boot.context.embedded.AnnotationConfigEmbeddedWebApplicationContext@53976f5c: startup date [Fri Sep 27 10:34:13 CST 2024]; root of context hierarchy
2024-09-27 10:34:13.194 INFO  [background-preinit] org.hibernate.validator.internal.util.Version [Version.java:30] -HV000001: Hibernate Validator 5.3.5.Final
2024-09-27 10:34:13.571 WARN  [main] o.s.context.annotation.ConfigurationClassPostProcessor [ConfigurationClassPostProcessor.java:373] -Cannot enhance @Configuration bean definition 'propertySourcesPlaceholderConfigurer' since its singleton instance has been created too early. The typical cause is a non-static @Bean method with a BeanDefinitionRegistryPostProcessor return type: Consider declaring such methods as 'static'.
2024-09-27 10:34:13.755 INFO  [main] o.s.c.s.PostProcessorRegistrationDelegate$BeanPostProcessorChecker [PostProcessorRegistrationDelegate.java:325] -Bean 'org.springframework.transaction.annotation.ProxyTransactionManagementConfiguration' of type [org.springframework.transaction.annotation.ProxyTransactionManagementConfiguration$$EnhancerBySpringCGLIB$$4da2d050] is not eligible for getting processed by all BeanPostProcessors (for example: not eligible for auto-proxying)
2024-09-27 10:34:13.931 INFO  [main] o.s.b.c.embedded.tomcat.TomcatEmbeddedServletContainer [TomcatEmbeddedServletContainer.java:89] -Tomcat initialized with port(s): 9000 (http)
2024-09-27 10:34:13.935 INFO  [main] org.apache.catalina.core.StandardService [DirectJDKLog.java:179] -Starting service [Tomcat]
2024-09-27 10:34:13.936 INFO  [main] org.apache.catalina.core.StandardEngine [DirectJDKLog.java:179] -Starting Servlet Engine: Apache Tomcat/8.5.16
2024-09-27 10:34:13.978 INFO  [localhost-startStop-1] o.a.catalina.core.ContainerBase.[Tomcat].[localhost].[/] [DirectJDKLog.java:179] -Initializing Spring embedded WebApplicationContext
2024-09-27 10:34:13.978 INFO  [localhost-startStop-1] org.springframework.web.context.ContextLoader [EmbeddedWebApplicationContext.java:276] -Root WebApplicationContext: initialization completed in 862 ms
2024-09-27 10:34:14.037 INFO  [localhost-startStop-1] o.s.boot.web.servlet.ServletRegistrationBean [ServletRegistrationBean.java:190] -Mapping servlet: 'dispatcherServlet' to [/]
2024-09-27 10:34:14.039 INFO  [localhost-startStop-1] o.s.boot.web.servlet.FilterRegistrationBean [AbstractFilterRegistrationBean.java:258] -Mapping filter: 'characterEncodingFilter' to: [/*]
2024-09-27 10:34:14.039 INFO  [localhost-startStop-1] o.s.boot.web.servlet.FilterRegistrationBean [AbstractFilterRegistrationBean.java:258] -Mapping filter: 'hiddenHttpMethodFilter' to: [/*]
2024-09-27 10:34:14.039 INFO  [localhost-startStop-1] o.s.boot.web.servlet.FilterRegistrationBean [AbstractFilterRegistrationBean.java:258] -Mapping filter: 'httpPutFormContentFilter' to: [/*]
2024-09-27 10:34:14.039 INFO  [localhost-startStop-1] o.s.boot.web.servlet.FilterRegistrationBean [AbstractFilterRegistrationBean.java:258] -Mapping filter: 'requestContextFilter' to: [/*]
2024-09-27 10:34:14.529 INFO  [main] o.s.orm.jpa.LocalContainerEntityManagerFactoryBean [LocalContainerEntityManagerFactoryBean.java:349] -Building JPA container EntityManagerFactory for persistence unit 'default'
2024-09-27 10:34:14.539 INFO  [main] org.hibernate.jpa.internal.util.LogHelper [LogHelper.java:31] -HHH000204: Processing PersistenceUnitInfo [
	name: default
	...]
2024-09-27 10:34:14.574 INFO  [main] org.hibernate.Version [Version.java:37] -HHH000412: Hibernate Core {5.0.12.Final}
2024-09-27 10:34:14.574 INFO  [main] org.hibernate.cfg.Environment [Environment.java:213] -HHH000206: hibernate.properties not found
2024-09-27 10:34:14.575 INFO  [main] org.hibernate.cfg.Environment [Environment.java:317] -HHH000021: Bytecode provider name : javassist
2024-09-27 10:34:14.597 INFO  [main] org.hibernate.annotations.common.Version [JavaReflectionManager.java:66] -HCANN000001: Hibernate Commons Annotations {5.0.1.Final}
2024-09-27 10:34:14.632 INFO  [main] org.hibernate.dialect.Dialect [Dialect.java:156] -HHH000400: Using dialect: org.hibernate.dialect.MySQL5Dialect
2024-09-27 10:34:14.738 INFO  [main] o.s.orm.jpa.LocalContainerEntityManagerFactoryBean [AbstractEntityManagerFactoryBean.java:379] -Initialized JPA EntityManagerFactory for persistence unit 'default'
2024-09-27 10:34:15.053 INFO  [main] o.s.w.s.m.method.annotation.RequestMappingHandlerMapping [AbstractHandlerMethodMapping.java:543] -Mapped "{[/SystemConfiguration/getConfig]}" onto public com.alibaba.fastjson.JSONObject airport.cargos.demo.web_common_demo.controller.SystemConfigController.getConfig()
2024-09-27 10:34:15.054 INFO  [main] o.s.w.s.m.method.annotation.RequestMappingHandlerMapping [AbstractHandlerMethodMapping.java:543] -Mapped "{[/SystemConfiguration/saveInput]}" onto public com.alibaba.fastjson.JSONObject airport.cargos.demo.web_common_demo.controller.SystemConfigController.saveInput(airport.cargos.demo.web_common_demo.entity.SystemConfig)
2024-09-27 10:34:15.054 INFO  [main] o.s.w.s.m.method.annotation.RequestMappingHandlerMapping [AbstractHandlerMethodMapping.java:543] -Mapped "{[/SystemConfiguration/capture]}" onto public com.alibaba.fastjson.JSONObject airport.cargos.demo.web_common_demo.controller.SystemConfigController.capture(airport.cargos.demo.web_common_demo.entity.SystemConfig)
2024-09-27 10:34:15.054 INFO  [main] o.s.w.s.m.method.annotation.RequestMappingHandlerMapping [AbstractHandlerMethodMapping.java:543] -Mapped "{[/SystemConfiguration/updateThreshold]}" onto public com.alibaba.fastjson.JSONObject airport.cargos.demo.web_common_demo.controller.SystemConfigController.updateThreshold(float)
2024-09-27 10:34:15.054 INFO  [main] o.s.w.s.m.method.annotation.RequestMappingHandlerMapping [AbstractHandlerMethodMapping.java:543] -Mapped "{[/SystemConfiguration/updateDetectStatus]}" onto public com.alibaba.fastjson.JSONObject airport.cargos.demo.web_common_demo.controller.SystemConfigController.updateDetectStatus(int)
2024-09-27 10:34:15.054 INFO  [main] o.s.w.s.m.method.annotation.RequestMappingHandlerMapping [AbstractHandlerMethodMapping.java:543] -Mapped "{[/SystemConfiguration/updateSaveStatus]}" onto public com.alibaba.fastjson.JSONObject airport.cargos.demo.web_common_demo.controller.SystemConfigController.updateSaveStatus(int)
2024-09-27 10:34:15.054 INFO  [main] o.s.w.s.m.method.annotation.RequestMappingHandlerMapping [AbstractHandlerMethodMapping.java:543] -Mapped "{[/SystemConfiguration/updateSaveTimes]}" onto public com.alibaba.fastjson.JSONObject airport.cargos.demo.web_common_demo.controller.SystemConfigController.updateSaveTimes(int)
2024-09-27 10:34:15.054 INFO  [main] o.s.w.s.m.method.annotation.RequestMappingHandlerMapping [AbstractHandlerMethodMapping.java:543] -Mapped "{[/SystemConfiguration/updateSource]}" onto public com.alibaba.fastjson.JSONObject airport.cargos.demo.web_common_demo.controller.SystemConfigController.updateSource(java.lang.String)
2024-09-27 10:34:15.054 INFO  [main] o.s.w.s.m.method.annotation.RequestMappingHandlerMapping [AbstractHandlerMethodMapping.java:543] -Mapped "{[/SystemConfiguration/changeInputType]}" onto public com.alibaba.fastjson.JSONObject airport.cargos.demo.web_common_demo.controller.SystemConfigController.changeInputType(int)
2024-09-27 10:34:15.055 INFO  [main] o.s.w.s.m.method.annotation.RequestMappingHandlerMapping [AbstractHandlerMethodMapping.java:543] -Mapped "{[/generateImage]}" onto public com.alibaba.fastjson.JSONObject airport.cargos.demo.web_common_demo.controller.GenerateController.generateImage(org.springframework.web.multipart.MultipartFile,org.springframework.web.multipart.MultipartFile,java.lang.String)
2024-09-27 10:34:15.055 INFO  [main] o.s.w.s.m.method.annotation.RequestMappingHandlerMapping [AbstractHandlerMethodMapping.java:543] -Mapped "{[/cateSetting/updateStatus]}" onto public com.alibaba.fastjson.JSONObject airport.cargos.demo.web_common_demo.controller.DetectSetController.updateStatus(java.lang.Integer,java.lang.String,java.lang.Boolean)
2024-09-27 10:34:15.055 INFO  [main] o.s.w.s.m.method.annotation.RequestMappingHandlerMapping [AbstractHandlerMethodMapping.java:543] -Mapped "{[/cateSetting/updateCategory]}" onto public com.alibaba.fastjson.JSONObject airport.cargos.demo.web_common_demo.controller.DetectSetController.updateCategory(int,java.lang.String,java.lang.String)
2024-09-27 10:34:15.055 INFO  [main] o.s.w.s.m.method.annotation.RequestMappingHandlerMapping [AbstractHandlerMethodMapping.java:543] -Mapped "{[/cateSetting/deleteCategory]}" onto public com.alibaba.fastjson.JSONObject airport.cargos.demo.web_common_demo.controller.DetectSetController.deleteCategory(int)
2024-09-27 10:34:15.056 INFO  [main] o.s.w.s.m.method.annotation.RequestMappingHandlerMapping [AbstractHandlerMethodMapping.java:543] -Mapped "{[/cateSetting/addCategory]}" onto public com.alibaba.fastjson.JSONObject airport.cargos.demo.web_common_demo.controller.DetectSetController.addCategory(java.lang.String,java.lang.String)
2024-09-27 10:34:15.056 INFO  [main] o.s.w.s.m.method.annotation.RequestMappingHandlerMapping [AbstractHandlerMethodMapping.java:543] -Mapped "{[/cateSetting/select]}" onto public com.alibaba.fastjson.JSONObject airport.cargos.demo.web_common_demo.controller.DetectSetController.findCateList(int,int)
2024-09-27 10:34:15.057 INFO  [main] o.s.w.s.m.method.annotation.RequestMappingHandlerMapping [AbstractHandlerMethodMapping.java:543] -Mapped "{[/userManager/user/findByName]}" onto public java.util.List<airport.cargos.demo.web_common_demo.entity.User> airport.cargos.demo.web_common_demo.controller.UserController.findByName(java.lang.String)
2024-09-27 10:34:15.057 INFO  [main] o.s.w.s.m.method.annotation.RequestMappingHandlerMapping [AbstractHandlerMethodMapping.java:543] -Mapped "{[/userManager/user/editUser_realName]}" onto public com.alibaba.fastjson.JSONObject airport.cargos.demo.web_common_demo.controller.UserController.updateUser_realName(com.alibaba.fastjson.JSONObject)
2024-09-27 10:34:15.057 INFO  [main] o.s.w.s.m.method.annotation.RequestMappingHandlerMapping [AbstractHandlerMethodMapping.java:543] -Mapped "{[/userManager/user/editUser]}" onto public com.alibaba.fastjson.JSONObject airport.cargos.demo.web_common_demo.controller.UserController.updateUser(com.alibaba.fastjson.JSONObject)
2024-09-27 10:34:15.057 INFO  [main] o.s.w.s.m.method.annotation.RequestMappingHandlerMapping [AbstractHandlerMethodMapping.java:543] -Mapped "{[/userManager/user/deleteUser]}" onto public com.alibaba.fastjson.JSONObject airport.cargos.demo.web_common_demo.controller.UserController.deleteUser(com.alibaba.fastjson.JSONObject)
2024-09-27 10:34:15.058 INFO  [main] o.s.w.s.m.method.annotation.RequestMappingHandlerMapping [AbstractHandlerMethodMapping.java:543] -Mapped "{[/userManager/user/login]}" onto public com.alibaba.fastjson.JSONObject airport.cargos.demo.web_common_demo.controller.UserController.userLogin(com.alibaba.fastjson.JSONObject,javax.servlet.http.HttpServletResponse)
2024-09-27 10:34:15.058 INFO  [main] o.s.w.s.m.method.annotation.RequestMappingHandlerMapping [AbstractHandlerMethodMapping.java:543] -Mapped "{[/userManager/user/getUser]}" onto public com.alibaba.fastjson.JSONObject airport.cargos.demo.web_common_demo.controller.UserController.findById(com.alibaba.fastjson.JSONObject)
2024-09-27 10:34:15.058 INFO  [main] o.s.w.s.m.method.annotation.RequestMappingHandlerMapping [AbstractHandlerMethodMapping.java:543] -Mapped "{[/userManager/user/logout]}" onto public com.alibaba.fastjson.JSONObject airport.cargos.demo.web_common_demo.controller.UserController.logOut(com.alibaba.fastjson.JSONObject)
2024-09-27 10:34:15.058 INFO  [main] o.s.w.s.m.method.annotation.RequestMappingHandlerMapping [AbstractHandlerMethodMapping.java:543] -Mapped "{[/userManager/user/addUser]}" onto public com.alibaba.fastjson.JSONObject airport.cargos.demo.web_common_demo.controller.UserController.saveUser(com.alibaba.fastjson.JSONObject)
2024-09-27 10:34:15.058 INFO  [main] o.s.w.s.m.method.annotation.RequestMappingHandlerMapping [AbstractHandlerMethodMapping.java:543] -Mapped "{[/userManager/user/info]}" onto public com.alibaba.fastjson.JSONObject airport.cargos.demo.web_common_demo.controller.UserController.loginInfo(java.lang.String)
2024-09-27 10:34:15.058 INFO  [main] o.s.w.s.m.method.annotation.RequestMappingHandlerMapping [AbstractHandlerMethodMapping.java:543] -Mapped "{[/userManager/user/getUserList]}" onto public com.alibaba.fastjson.JSONObject airport.cargos.demo.web_common_demo.controller.UserController.getUserList(java.lang.String,java.lang.String)
2024-09-27 10:34:15.058 INFO  [main] o.s.w.s.m.method.annotation.RequestMappingHandlerMapping [AbstractHandlerMethodMapping.java:543] -Mapped "{[/userManager/user/resetPassword]}" onto public com.alibaba.fastjson.JSONObject airport.cargos.demo.web_common_demo.controller.UserController.resetPassword(com.alibaba.fastjson.JSONObject)
2024-09-27 10:34:15.058 INFO  [main] o.s.w.s.m.method.annotation.RequestMappingHandlerMapping [AbstractHandlerMethodMapping.java:543] -Mapped "{[/userManager/user/editUser_password]}" onto public com.alibaba.fastjson.JSONObject airport.cargos.demo.web_common_demo.controller.UserController.updateUser_password(com.alibaba.fastjson.JSONObject)
2024-09-27 10:34:15.058 INFO  [main] o.s.w.s.m.method.annotation.RequestMappingHandlerMapping [AbstractHandlerMethodMapping.java:543] -Mapped "{[/realTimeVideo/videoStream]}" onto public byte[] airport.cargos.demo.web_common_demo.controller.RealTimeVideoController.play(int)
2024-09-27 10:34:15.059 INFO  [main] o.s.w.s.m.method.annotation.RequestMappingHandlerMapping [AbstractHandlerMethodMapping.java:543] -Mapped "{[/video/getVideo]}" onto public com.alibaba.fastjson.JSONObject airport.cargos.demo.web_common_demo.controller.VideoModuleController.conditional_query(java.lang.String,java.lang.String,java.lang.String,int,int)
2024-09-27 10:34:15.059 INFO  [main] o.s.w.s.m.method.annotation.RequestMappingHandlerMapping [AbstractHandlerMethodMapping.java:543] -Mapped "{[/video/getAll]}" onto public com.alibaba.fastjson.JSONObject airport.cargos.demo.web_common_demo.controller.VideoModuleController.list_all(int,int)
2024-09-27 10:34:15.059 INFO  [main] o.s.w.s.m.method.annotation.RequestMappingHandlerMapping [AbstractHandlerMethodMapping.java:543] -Mapped "{[/video/playVideo]}" onto public org.springframework.http.ResponseEntity<org.springframework.core.io.Resource> airport.cargos.demo.web_common_demo.controller.VideoModuleController.playVideo(java.lang.String,javax.servlet.http.HttpServletRequest,javax.servlet.http.HttpServletResponse) throws java.io.IOException
2024-09-27 10:34:15.059 INFO  [main] o.s.w.s.m.method.annotation.RequestMappingHandlerMapping [AbstractHandlerMethodMapping.java:543] -Mapped "{[/video/delete]}" onto public com.alibaba.fastjson.JSONObject airport.cargos.demo.web_common_demo.controller.VideoModuleController.destroy(int)
2024-09-27 10:34:15.060 INFO  [main] o.s.w.s.m.method.annotation.RequestMappingHandlerMapping [AbstractHandlerMethodMapping.java:543] -Mapped "{[/echo],methods=[GET]}" onto public java.lang.String airport.cargos.demo.web_common_demo.controller.EchoController.echo()
2024-09-27 10:34:15.061 INFO  [main] o.s.w.s.m.method.annotation.RequestMappingHandlerMapping [AbstractHandlerMethodMapping.java:543] -Mapped "{[/echoHelloWorld],methods=[POST]}" onto public com.alibaba.fastjson.JSONObject airport.cargos.demo.web_common_demo.controller.EchoController.echoHelloWorld()
2024-09-27 10:34:15.061 INFO  [main] o.s.w.s.m.method.annotation.RequestMappingHandlerMapping [AbstractHandlerMethodMapping.java:543] -Mapped "{[/dataQuery/findAll]}" onto public java.util.List<airport.cargos.demo.web_common_demo.entity.ContrabandImage> airport.cargos.demo.web_common_demo.controller.ContrabandImageController.findAll()
2024-09-27 10:34:15.061 INFO  [main] o.s.w.s.m.method.annotation.RequestMappingHandlerMapping [AbstractHandlerMethodMapping.java:543] -Mapped "{[/dataQuery/findById]}" onto public com.alibaba.fastjson.JSONObject airport.cargos.demo.web_common_demo.controller.ContrabandImageController.findById(airport.cargos.demo.web_common_demo.entity.ContrabandImage)
2024-09-27 10:34:15.061 INFO  [main] o.s.w.s.m.method.annotation.RequestMappingHandlerMapping [AbstractHandlerMethodMapping.java:543] -Mapped "{[/dataQuery/saveContrabandImage]}" onto public com.alibaba.fastjson.JSONObject airport.cargos.demo.web_common_demo.controller.ContrabandImageController.saveContrabandImage(airport.cargos.demo.web_common_demo.entity.ContrabandImage)
2024-09-27 10:34:15.061 INFO  [main] o.s.w.s.m.method.annotation.RequestMappingHandlerMapping [AbstractHandlerMethodMapping.java:543] -Mapped "{[/dataQuery/updateContrabandImage]}" onto public com.alibaba.fastjson.JSONObject airport.cargos.demo.web_common_demo.controller.ContrabandImageController.updateContrabandImage(airport.cargos.demo.web_common_demo.entity.ContrabandImage)
2024-09-27 10:34:15.062 INFO  [main] o.s.w.s.m.method.annotation.RequestMappingHandlerMapping [AbstractHandlerMethodMapping.java:543] -Mapped "{[/dataQuery/delete]}" onto public com.alibaba.fastjson.JSONObject airport.cargos.demo.web_common_demo.controller.ContrabandImageController.deleteContrabandImage(java.util.List<java.lang.Integer>)
2024-09-27 10:34:15.062 INFO  [main] o.s.w.s.m.method.annotation.RequestMappingHandlerMapping [AbstractHandlerMethodMapping.java:543] -Mapped "{[/dataQuery/paginate]}" onto public com.alibaba.fastjson.JSONObject airport.cargos.demo.web_common_demo.controller.ContrabandImageController.findWithPagination(java.lang.String)
2024-09-27 10:34:15.062 INFO  [main] o.s.w.s.m.method.annotation.RequestMappingHandlerMapping [AbstractHandlerMethodMapping.java:543] -Mapped "{[/dataQuery/findByCondition]}" onto public com.alibaba.fastjson.JSONObject airport.cargos.demo.web_common_demo.controller.ContrabandImageController.findByCondition(airport.cargos.demo.web_common_demo.entity.ContrabandImage)
2024-09-27 10:34:15.062 INFO  [main] o.s.w.s.m.method.annotation.RequestMappingHandlerMapping [AbstractHandlerMethodMapping.java:543] -Mapped "{[/dataQuery/statistic]}" onto public com.alibaba.fastjson.JSONObject airport.cargos.demo.web_common_demo.controller.ContrabandImageController.countByCondition(airport.cargos.demo.web_common_demo.entity.ContrabandImage)
2024-09-27 10:34:15.062 INFO  [main] o.s.w.s.m.method.annotation.RequestMappingHandlerMapping [AbstractHandlerMethodMapping.java:543] -Mapped "{[/dataQuery/getImageByPath],produces=[image/jpeg]}" onto public byte[] airport.cargos.demo.web_common_demo.controller.ContrabandImageController.getImageByPath(java.lang.String,javax.servlet.http.HttpServletResponse)
2024-09-27 10:34:15.063 INFO  [main] o.s.w.s.m.method.annotation.RequestMappingHandlerMapping [AbstractHandlerMethodMapping.java:543] -Mapped "{[/swagger-resources/configuration/security]}" onto public org.springframework.http.ResponseEntity<springfox.documentation.swagger.web.SecurityConfiguration> springfox.documentation.swagger.web.ApiResourceController.securityConfiguration()
2024-09-27 10:34:15.064 INFO  [main] o.s.w.s.m.method.annotation.RequestMappingHandlerMapping [AbstractHandlerMethodMapping.java:543] -Mapped "{[/swagger-resources/configuration/ui]}" onto public org.springframework.http.ResponseEntity<springfox.documentation.swagger.web.UiConfiguration> springfox.documentation.swagger.web.ApiResourceController.uiConfiguration()
2024-09-27 10:34:15.064 INFO  [main] o.s.w.s.m.method.annotation.RequestMappingHandlerMapping [AbstractHandlerMethodMapping.java:543] -Mapped "{[/swagger-resources]}" onto public org.springframework.http.ResponseEntity<java.util.List<springfox.documentation.swagger.web.SwaggerResource>> springfox.documentation.swagger.web.ApiResourceController.swaggerResources()
2024-09-27 10:34:15.065 INFO  [main] o.s.w.s.m.method.annotation.RequestMappingHandlerMapping [AbstractHandlerMethodMapping.java:543] -Mapped "{[/error],produces=[text/html]}" onto public org.springframework.web.servlet.ModelAndView org.springframework.boot.autoconfigure.web.BasicErrorController.errorHtml(javax.servlet.http.HttpServletRequest,javax.servlet.http.HttpServletResponse)
2024-09-27 10:34:15.065 INFO  [main] o.s.w.s.m.method.annotation.RequestMappingHandlerMapping [AbstractHandlerMethodMapping.java:543] -Mapped "{[/error]}" onto public org.springframework.http.ResponseEntity<java.util.Map<java.lang.String, java.lang.Object>> org.springframework.boot.autoconfigure.web.BasicErrorController.error(javax.servlet.http.HttpServletRequest)
2024-09-27 10:34:15.147 INFO  [main] s.d.s.web.PropertySourcedRequestMappingHandlerMapping [PropertySourcedRequestMappingHandlerMapping.java:69] -Mapped URL path [/v2/api-docs] onto method [public org.springframework.http.ResponseEntity<springfox.documentation.spring.web.json.Json> springfox.documentation.swagger2.web.Swagger2Controller.getDocumentation(java.lang.String,javax.servlet.http.HttpServletRequest)]
2024-09-27 10:34:15.259 INFO  [main] o.s.w.s.m.method.annotation.RequestMappingHandlerAdapter [RequestMappingHandlerAdapter.java:534] -Looking for @ControllerAdvice: org.springframework.boot.context.embedded.AnnotationConfigEmbeddedWebApplicationContext@53976f5c: startup date [Fri Sep 27 10:34:13 CST 2024]; root of context hierarchy
2024-09-27 10:34:15.289 INFO  [main] o.s.web.servlet.handler.SimpleUrlHandlerMapping [AbstractUrlHandlerMapping.java:362] -Mapped URL path [/webjars/**] onto handler of type [class org.springframework.web.servlet.resource.ResourceHttpRequestHandler]
2024-09-27 10:34:15.289 INFO  [main] o.s.web.servlet.handler.SimpleUrlHandlerMapping [AbstractUrlHandlerMapping.java:362] -Mapped URL path [/**] onto handler of type [class org.springframework.web.servlet.resource.ResourceHttpRequestHandler]
2024-09-27 10:34:15.315 INFO  [main] o.s.web.servlet.handler.SimpleUrlHandlerMapping [AbstractUrlHandlerMapping.java:362] -Mapped URL path [/**/favicon.ico] onto handler of type [class org.springframework.web.servlet.resource.ResourceHttpRequestHandler]
2024-09-27 10:34:15.440 INFO  [main] o.s.b.a.w.WebMvcAutoConfiguration$WelcomePageHandlerMapping [WebMvcAutoConfiguration.java:549] -Adding welcome page: class path resource [static/index.html]
2024-09-27 10:34:15.569 INFO  [main] o.s.jmx.export.annotation.AnnotationMBeanExporter [MBeanExporter.java:431] -Registering beans for JMX exposure on startup
2024-09-27 10:34:15.573 INFO  [main] o.s.context.support.DefaultLifecycleProcessor [DefaultLifecycleProcessor.java:343] -Starting beans in phase 2147483647
2024-09-27 10:34:15.573 INFO  [main] s.d.spring.web.plugins.DocumentationPluginsBootstrapper [DocumentationPluginsBootstrapper.java:160] -Context refreshed
2024-09-27 10:34:15.582 INFO  [main] s.d.spring.web.plugins.DocumentationPluginsBootstrapper [DocumentationPluginsBootstrapper.java:163] -Found 1 custom documentation plugin(s)
2024-09-27 10:34:15.593 INFO  [main] s.d.spring.web.scanners.ApiListingReferenceScanner [ApiListingReferenceScanner.java:41] -Scanning for api listing references
2024-09-27 10:34:15.757 INFO  [main] s.d.s.w.readers.operation.CachingOperationNameGenerator [CachingOperationNameGenerator.java:40] -Generating unique operation named: findByIdUsingGET_1
2024-09-27 10:34:15.757 INFO  [main] s.d.s.w.readers.operation.CachingOperationNameGenerator [CachingOperationNameGenerator.java:40] -Generating unique operation named: findByIdUsingHEAD_1
2024-09-27 10:34:15.758 INFO  [main] s.d.s.w.readers.operation.CachingOperationNameGenerator [CachingOperationNameGenerator.java:40] -Generating unique operation named: findByIdUsingPOST_1
2024-09-27 10:34:15.758 INFO  [main] s.d.s.w.readers.operation.CachingOperationNameGenerator [CachingOperationNameGenerator.java:40] -Generating unique operation named: findByIdUsingPUT_1
2024-09-27 10:34:15.758 INFO  [main] s.d.s.w.readers.operation.CachingOperationNameGenerator [CachingOperationNameGenerator.java:40] -Generating unique operation named: findByIdUsingPATCH_1
2024-09-27 10:34:15.758 INFO  [main] s.d.s.w.readers.operation.CachingOperationNameGenerator [CachingOperationNameGenerator.java:40] -Generating unique operation named: findByIdUsingDELETE_1
2024-09-27 10:34:15.758 INFO  [main] s.d.s.w.readers.operation.CachingOperationNameGenerator [CachingOperationNameGenerator.java:40] -Generating unique operation named: findByIdUsingOPTIONS_1
2024-09-27 10:34:15.758 INFO  [main] s.d.s.w.readers.operation.CachingOperationNameGenerator [CachingOperationNameGenerator.java:40] -Generating unique operation named: findByIdUsingTRACE_1
2024-09-27 10:34:15.814 INFO  [main] org.apache.coyote.http11.Http11NioProtocol [DirectJDKLog.java:179] -Initializing ProtocolHandler ["http-nio-9000"]
2024-09-27 10:34:15.900 INFO  [main] org.apache.coyote.http11.Http11NioProtocol [DirectJDKLog.java:179] -Starting ProtocolHandler ["http-nio-9000"]
2024-09-27 10:34:15.903 INFO  [main] org.apache.tomcat.util.net.NioSelectorPool [DirectJDKLog.java:179] -Using a shared selector for servlet write/read
2024-09-27 10:34:15.911 INFO  [main] o.s.b.c.embedded.tomcat.TomcatEmbeddedServletContainer [TomcatEmbeddedServletContainer.java:201] -Tomcat started on port(s): 9000 (http)
2024-09-27 10:34:15.913 INFO  [main] airport.cargos.demo.web_common_demo.Bootstrap [StartupInfoLogger.java:57] -Started Bootstrap in 3.015 seconds (JVM running for 3.262)
2024-09-27 10:34:15.918 INFO  [main] airport.cargos.demo.web_common_demo.common.ThreadData [ThreadData.java:61] -SystemConfig{input_type=1, source=/home/airport/installer/6号采集视频_13号机.mp4, input_view=1, points=[[I@649009d6], threshold=0.25, detected_status=1, save_status=0, image_path='../data/images/', video_path='../data/videos/', detect_url='http://127.0.0.1:8000/detect', synthesis_url='http://127.0.0.1:8081/', save_time=1, last_labels=10, scale=2, frame_rate=10, sample_rate=5, video_save_time=2, image_save_time=7}
2024-09-27 10:34:15.920 INFO  [Thread-9] airport.cargos.demo.web_common_demo.common.ThreadData [ThreadData.java:61] -SystemConfig{input_type=1, source=/home/airport/installer/6号采集视频_13号机.mp4, input_view=1, points=[[I@729c1d6b], threshold=0.25, detected_status=1, save_status=0, image_path='../data/images/', video_path='../data/videos/', detect_url='http://127.0.0.1:8000/detect', synthesis_url='http://127.0.0.1:8081/', save_time=1, last_labels=10, scale=2, frame_rate=10, sample_rate=5, video_save_time=2, image_save_time=7}
2024-09-27 10:34:18.589 INFO  [http-nio-9000-exec-1] o.a.catalina.core.ContainerBase.[Tomcat].[localhost].[/] [DirectJDKLog.java:179] -Initializing Spring FrameworkServlet 'dispatcherServlet'
2024-09-27 10:34:18.589 INFO  [http-nio-9000-exec-1] org.springframework.web.servlet.DispatcherServlet [FrameworkServlet.java:489] -FrameworkServlet 'dispatcherServlet': initialization started
2024-09-27 10:34:18.596 INFO  [http-nio-9000-exec-1] org.springframework.web.servlet.DispatcherServlet [FrameworkServlet.java:508] -FrameworkServlet 'dispatcherServlet': initialization completed in 7 ms
2024-09-27 10:34:19.511 INFO  [http-nio-9000-exec-7] a.cargos.demo.web_common_demo.controller.UserController [UserController.java:93] -{"password":"123456","username":"admin"}
2024-09-27 10:34:26.833 INFO  [http-nio-9000-exec-1] airport.cargos.demo.web_common_demo.common.ThreadData [ThreadData.java:61] -SystemConfig{input_type=1, source=/home/airport/installer/6号采集视频_13号机.mp4, input_view=1, points=[[I@6edeaf7], threshold=0.25, detected_status=1, save_status=0, image_path='../data/images/', video_path='../data/videos/', detect_url='http://127.0.0.1:8000/detect', synthesis_url='http://127.0.0.1:8081/', save_time=1, last_labels=10, scale=2, frame_rate=10, sample_rate=5, video_save_time=2, image_save_time=7}
2024-09-27 10:34:27.020 INFO  [pool-2-thread-1] airport.cargos.demo.web_common_demo.util.EncodeThread [EncodeThread.java:75] -EncodeThread  Start
2024-09-27 10:34:27.020 INFO  [pool-2-thread-3] airport.cargos.demo.web_common_demo.util.PlayVideoThread [PlayVideoThread.java:81] -PlayVideoThread Start
2024-09-27 10:34:27.022 INFO  [pool-2-thread-4] airport.cargos.demo.web_common_demo.util.DrawThread [DrawThread.java:44] -[电击器, 警棍, 枪支, 手铐, 管制刀具, 鞭炮, 电子烟花, 礼花, 烟花, 烟饼, 仙女棒, 压缩管, 子弹, 空包弹, 霰弹, 烟雾弹, 塑料打火机, 金属打火机, 镁棒点火器, 防风火柴, 块状电池, 节状电池, 纽扣电池, 蓄电池, 蓝牙耳机]
2024-09-27 10:34:27.027 INFO  [pool-2-thread-4] airport.cargos.demo.web_common_demo.util.DrawThread [DrawThread.java:63] -DrawThread start
2024-09-27 10:34:27.048 INFO  [pool-2-thread-2] airport.cargos.demo.web_common_demo.util.DetectThread [DetectThread.java:66] -DetectThread start
2024-09-27 10:34:28.080 INFO  [pool-2-thread-3] airport.cargos.demo.web_common_demo.util.PlayVideoThread [PlayVideoThread.java:54] -width=960,height=1080,frame_rate=10
2024-09-27 10:35:14.491 WARN  [http-nio-9000-exec-2] airport.cargos.demo.web_common_demo.util.ThreadUtils [ThreadUtils.java:40] -shutdownNow
2024-09-27 10:35:24.491 INFO  [http-nio-9000-exec-2] airport.cargos.demo.web_common_demo.util.ThreadUtils [ThreadUtils.java:42] -status:false
2024-09-27 10:39:18.129 INFO  [http-nio-9000-exec-5] airport.cargos.demo.web_common_demo.common.ThreadData [ThreadData.java:61] -SystemConfig{input_type=0, source=/home/airport/installer/6号采集视频_13号机.mp4, input_view=1, points=[[I@1d85d1c7], threshold=0.25, detected_status=1, save_status=0, image_path='../data/images/', video_path='../data/videos/', detect_url='http://127.0.0.1:8000/detect', synthesis_url='http://127.0.0.1:8081/', save_time=1, last_labels=10, scale=2, frame_rate=10, sample_rate=5, video_save_time=2, image_save_time=7}
2024-09-27 10:39:18.129 WARN  [http-nio-9000-exec-5] airport.cargos.demo.web_common_demo.util.ThreadUtils [ThreadUtils.java:40] -shutdownNow
2024-09-27 10:39:18.129 INFO  [http-nio-9000-exec-5] airport.cargos.demo.web_common_demo.util.ThreadUtils [ThreadUtils.java:42] -status:true
2024-09-27 10:39:18.144 ERROR [http-nio-9000-exec-5] a.c.d.w.service.impl.SystemConfigServiceImpl [SystemConfigServiceImpl.java:187] -java.lang.RuntimeException: 未知的输入类型
java.lang.RuntimeException: 未知的输入类型
	at airport.cargos.demo.web_common_demo.util.EncodeThread.<init>(EncodeThread.java:33)
	at airport.cargos.demo.web_common_demo.util.ThreadUtils.startAllThread(ThreadUtils.java:24)
	at airport.cargos.demo.web_common_demo.util.ThreadUtils.restartAllThread(ThreadUtils.java:52)
	at airport.cargos.demo.web_common_demo.service.impl.SystemConfigServiceImpl.updateDetectStatus(SystemConfigServiceImpl.java:173)
	at airport.cargos.demo.web_common_demo.controller.SystemConfigController.updateDetectStatus(SystemConfigController.java:46)
	at sun.reflect.NativeMethodAccessorImpl.invoke0(Native Method)
	at sun.reflect.NativeMethodAccessorImpl.invoke(NativeMethodAccessorImpl.java:62)
	at sun.reflect.DelegatingMethodAccessorImpl.invoke(DelegatingMethodAccessorImpl.java:43)
	at java.lang.reflect.Method.invoke(Method.java:498)
	at org.springframework.web.method.support.InvocableHandlerMethod.doInvoke(InvocableHandlerMethod.java:205)
	at org.springframework.web.method.support.InvocableHandlerMethod.invokeForRequest(InvocableHandlerMethod.java:133)
	at org.springframework.web.servlet.mvc.method.annotation.ServletInvocableHandlerMethod.invokeAndHandle(ServletInvocableHandlerMethod.java:97)
	at org.springframework.web.servlet.mvc.method.annotation.RequestMappingHandlerAdapter.invokeHandlerMethod(RequestMappingHandlerAdapter.java:827)
	at org.springframework.web.servlet.mvc.method.annotation.RequestMappingHandlerAdapter.handleInternal(RequestMappingHandlerAdapter.java:738)
	at org.springframework.web.servlet.mvc.method.AbstractHandlerMethodAdapter.handle(AbstractHandlerMethodAdapter.java:85)
	at org.springframework.web.servlet.DispatcherServlet.doDispatch(DispatcherServlet.java:967)
	at org.springframework.web.servlet.DispatcherServlet.doService(DispatcherServlet.java:901)
	at org.springframework.web.servlet.FrameworkServlet.processRequest(FrameworkServlet.java:970)
	at org.springframework.web.servlet.FrameworkServlet.doPost(FrameworkServlet.java:872)
	at javax.servlet.http.HttpServlet.service(HttpServlet.java:661)
	at org.springframework.web.servlet.FrameworkServlet.service(FrameworkServlet.java:846)
	at javax.servlet.http.HttpServlet.service(HttpServlet.java:742)
	at org.apache.catalina.core.ApplicationFilterChain.internalDoFilter(ApplicationFilterChain.java:231)
	at org.apache.catalina.core.ApplicationFilterChain.doFilter(ApplicationFilterChain.java:166)
	at org.apache.tomcat.websocket.server.WsFilter.doFilter(WsFilter.java:52)
	at org.apache.catalina.core.ApplicationFilterChain.internalDoFilter(ApplicationFilterChain.java:193)
	at org.apache.catalina.core.ApplicationFilterChain.doFilter(ApplicationFilterChain.java:166)
	at org.springframework.web.filter.RequestContextFilter.doFilterInternal(RequestContextFilter.java:99)
	at org.springframework.web.filter.OncePerRequestFilter.doFilter(OncePerRequestFilter.java:107)
	at org.apache.catalina.core.ApplicationFilterChain.internalDoFilter(ApplicationFilterChain.java:193)
	at org.apache.catalina.core.ApplicationFilterChain.doFilter(ApplicationFilterChain.java:166)
	at org.springframework.web.filter.HttpPutFormContentFilter.doFilterInternal(HttpPutFormContentFilter.java:105)
	at org.springframework.web.filter.OncePerRequestFilter.doFilter(OncePerRequestFilter.java:107)
	at org.apache.catalina.core.ApplicationFilterChain.internalDoFilter(ApplicationFilterChain.java:193)
	at org.apache.catalina.core.ApplicationFilterChain.doFilter(ApplicationFilterChain.java:166)
	at org.springframework.web.filter.HiddenHttpMethodFilter.doFilterInternal(HiddenHttpMethodFilter.java:81)
	at org.springframework.web.filter.OncePerRequestFilter.doFilter(OncePerRequestFilter.java:107)
	at org.apache.catalina.core.ApplicationFilterChain.internalDoFilter(ApplicationFilterChain.java:193)
	at org.apache.catalina.core.ApplicationFilterChain.doFilter(ApplicationFilterChain.java:166)
	at org.springframework.web.filter.CharacterEncodingFilter.doFilterInternal(CharacterEncodingFilter.java:197)
	at org.springframework.web.filter.OncePerRequestFilter.doFilter(OncePerRequestFilter.java:107)
	at org.apache.catalina.core.ApplicationFilterChain.internalDoFilter(ApplicationFilterChain.java:193)
	at org.apache.catalina.core.ApplicationFilterChain.doFilter(ApplicationFilterChain.java:166)
	at org.apache.catalina.core.StandardWrapperValve.invoke(StandardWrapperValve.java:198)
	at org.apache.catalina.core.StandardContextValve.invoke(StandardContextValve.java:96)
	at org.apache.catalina.authenticator.AuthenticatorBase.invoke(AuthenticatorBase.java:478)
	at org.apache.catalina.core.StandardHostValve.invoke(StandardHostValve.java:140)
	at org.apache.catalina.valves.ErrorReportValve.invoke(ErrorReportValve.java:80)
	at org.apache.catalina.core.StandardEngineValve.invoke(StandardEngineValve.java:87)
	at org.apache.catalina.connector.CoyoteAdapter.service(CoyoteAdapter.java:342)
	at org.apache.coyote.http11.Http11Processor.service(Http11Processor.java:799)
	at org.apache.coyote.AbstractProcessorLight.process(AbstractProcessorLight.java:66)
	at org.apache.coyote.AbstractProtocol$ConnectionHandler.process(AbstractProtocol.java:868)
	at org.apache.tomcat.util.net.NioEndpoint$SocketProcessor.doRun(NioEndpoint.java:1455)
	at org.apache.tomcat.util.net.SocketProcessorBase.run(SocketProcessorBase.java:49)
	at java.util.concurrent.ThreadPoolExecutor.runWorker(ThreadPoolExecutor.java:1149)
	at java.util.concurrent.ThreadPoolExecutor$Worker.run(ThreadPoolExecutor.java:624)
	at org.apache.tomcat.util.threads.TaskThread$WrappingRunnable.run(TaskThread.java:61)
	at java.lang.Thread.run(Thread.java:750)
2024-09-27 10:39:31.820 INFO  [http-nio-9000-exec-2] airport.cargos.demo.web_common_demo.common.ThreadData [ThreadData.java:61] -SystemConfig{input_type=1, source=/home/airport/installer/6号采集视频_13号机.mp4, input_view=1, points=[[I@174b168f], threshold=0.25, detected_status=1, save_status=0, image_path='../data/images/', video_path='../data/videos/', detect_url='http://127.0.0.1:8000/detect', synthesis_url='http://127.0.0.1:8081/', save_time=1, last_labels=10, scale=2, frame_rate=10, sample_rate=5, video_save_time=2, image_save_time=7}
2024-09-27 10:39:31.820 WARN  [http-nio-9000-exec-2] airport.cargos.demo.web_common_demo.util.ThreadUtils [ThreadUtils.java:40] -shutdownNow
2024-09-27 10:39:31.821 INFO  [http-nio-9000-exec-2] airport.cargos.demo.web_common_demo.util.ThreadUtils [ThreadUtils.java:42] -status:true
2024-09-27 10:39:31.830 INFO  [pool-5-thread-4] airport.cargos.demo.web_common_demo.util.PlayVideoThread [PlayVideoThread.java:81] -PlayVideoThread Start
2024-09-27 10:39:31.830 INFO  [pool-5-thread-1] airport.cargos.demo.web_common_demo.util.EncodeThread [EncodeThread.java:75] -EncodeThread  Start
2024-09-27 10:39:31.831 INFO  [pool-5-thread-2] airport.cargos.demo.web_common_demo.util.DetectThread [DetectThread.java:66] -DetectThread start
2024-09-27 10:39:31.832 INFO  [pool-5-thread-3] airport.cargos.demo.web_common_demo.util.DrawThread [DrawThread.java:44] -[电击器, 警棍, 枪支, 手铐, 管制刀具, 鞭炮, 电子烟花, 礼花, 烟花, 烟饼, 仙女棒, 压缩管, 子弹, 空包弹, 霰弹, 烟雾弹, 塑料打火机, 金属打火机, 镁棒点火器, 防风火柴, 块状电池, 节状电池, 纽扣电池, 蓄电池, 蓝牙耳机]
2024-09-27 10:39:31.832 INFO  [pool-5-thread-3] airport.cargos.demo.web_common_demo.util.DrawThread [DrawThread.java:63] -DrawThread start
2024-09-27 10:39:32.019 INFO  [pool-5-thread-4] airport.cargos.demo.web_common_demo.util.PlayVideoThread [PlayVideoThread.java:54] -width=960,height=1080,frame_rate=10
2024-09-27 10:39:40.874 WARN  [http-nio-9000-exec-4] airport.cargos.demo.web_common_demo.util.ThreadUtils [ThreadUtils.java:40] -shutdownNow
2024-09-27 10:39:50.874 INFO  [http-nio-9000-exec-4] airport.cargos.demo.web_common_demo.util.ThreadUtils [ThreadUtils.java:42] -status:false
2024-09-27 10:42:42.752 INFO  [Thread-8] o.s.b.c.e.AnnotationConfigEmbeddedWebApplicationContext [AbstractApplicationContext.java:984] -Closing org.springframework.boot.context.embedded.AnnotationConfigEmbeddedWebApplicationContext@53976f5c: startup date [Fri Sep 27 10:34:13 CST 2024]; root of context hierarchy
2024-09-27 10:42:42.753 INFO  [Thread-8] o.s.context.support.DefaultLifecycleProcessor [DefaultLifecycleProcessor.java:358] -Stopping beans in phase 2147483647
2024-09-27 10:42:42.753 INFO  [Thread-8] o.s.jmx.export.annotation.AnnotationMBeanExporter [MBeanExporter.java:449] -Unregistering JMX-exposed beans on shutdown
2024-09-27 10:42:42.754 INFO  [Thread-8] o.s.orm.jpa.LocalContainerEntityManagerFactoryBean [AbstractEntityManagerFactoryBean.java:548] -Closing JPA EntityManagerFactory for persistence unit 'default'
2024-09-27 10:42:44.294 INFO  [main] airport.cargos.demo.web_common_demo.Bootstrap [StartupInfoLogger.java:48] -Starting Bootstrap on airport-B760M-DS3H with PID 2278273 (/home/airport/installer/airport_logistics/web_common_demo-1.0.0-SNAPSHOT.jar started by airport in /home/airport/installer/airport_logistics)
2024-09-27 10:42:44.296 INFO  [main] airport.cargos.demo.web_common_demo.Bootstrap [SpringApplication.java:593] -No active profile set, falling back to default profiles: default
2024-09-27 10:42:44.376 INFO  [main] o.s.b.c.e.AnnotationConfigEmbeddedWebApplicationContext [AbstractApplicationContext.java:583] -Refreshing org.springframework.boot.context.embedded.AnnotationConfigEmbeddedWebApplicationContext@53976f5c: startup date [Fri Sep 27 10:42:44 CST 2024]; root of context hierarchy
2024-09-27 10:42:44.447 INFO  [background-preinit] org.hibernate.validator.internal.util.Version [Version.java:30] -HV000001: Hibernate Validator 5.3.5.Final
2024-09-27 10:42:44.762 WARN  [main] o.s.context.annotation.ConfigurationClassPostProcessor [ConfigurationClassPostProcessor.java:373] -Cannot enhance @Configuration bean definition 'propertySourcesPlaceholderConfigurer' since its singleton instance has been created too early. The typical cause is a non-static @Bean method with a BeanDefinitionRegistryPostProcessor return type: Consider declaring such methods as 'static'.
2024-09-27 10:42:44.902 INFO  [main] o.s.c.s.PostProcessorRegistrationDelegate$BeanPostProcessorChecker [PostProcessorRegistrationDelegate.java:325] -Bean 'org.springframework.transaction.annotation.ProxyTransactionManagementConfiguration' of type [org.springframework.transaction.annotation.ProxyTransactionManagementConfiguration$$EnhancerBySpringCGLIB$$2bf53fee] is not eligible for getting processed by all BeanPostProcessors (for example: not eligible for auto-proxying)
2024-09-27 10:42:45.091 INFO  [main] o.s.b.c.embedded.tomcat.TomcatEmbeddedServletContainer [TomcatEmbeddedServletContainer.java:89] -Tomcat initialized with port(s): 9000 (http)
2024-09-27 10:42:45.095 INFO  [main] org.apache.catalina.core.StandardService [DirectJDKLog.java:179] -Starting service [Tomcat]
2024-09-27 10:42:45.095 INFO  [main] org.apache.catalina.core.StandardEngine [DirectJDKLog.java:179] -Starting Servlet Engine: Apache Tomcat/8.5.16
2024-09-27 10:42:45.135 INFO  [localhost-startStop-1] o.a.catalina.core.ContainerBase.[Tomcat].[localhost].[/] [DirectJDKLog.java:179] -Initializing Spring embedded WebApplicationContext
2024-09-27 10:42:45.135 INFO  [localhost-startStop-1] org.springframework.web.context.ContextLoader [EmbeddedWebApplicationContext.java:276] -Root WebApplicationContext: initialization completed in 759 ms
2024-09-27 10:42:45.188 INFO  [localhost-startStop-1] o.s.boot.web.servlet.ServletRegistrationBean [ServletRegistrationBean.java:190] -Mapping servlet: 'dispatcherServlet' to [/]
2024-09-27 10:42:45.190 INFO  [localhost-startStop-1] o.s.boot.web.servlet.FilterRegistrationBean [AbstractFilterRegistrationBean.java:258] -Mapping filter: 'characterEncodingFilter' to: [/*]
2024-09-27 10:42:45.190 INFO  [localhost-startStop-1] o.s.boot.web.servlet.FilterRegistrationBean [AbstractFilterRegistrationBean.java:258] -Mapping filter: 'hiddenHttpMethodFilter' to: [/*]
2024-09-27 10:42:45.191 INFO  [localhost-startStop-1] o.s.boot.web.servlet.FilterRegistrationBean [AbstractFilterRegistrationBean.java:258] -Mapping filter: 'httpPutFormContentFilter' to: [/*]
2024-09-27 10:42:45.191 INFO  [localhost-startStop-1] o.s.boot.web.servlet.FilterRegistrationBean [AbstractFilterRegistrationBean.java:258] -Mapping filter: 'requestContextFilter' to: [/*]
2024-09-27 10:42:45.600 INFO  [main] o.s.orm.jpa.LocalContainerEntityManagerFactoryBean [LocalContainerEntityManagerFactoryBean.java:349] -Building JPA container EntityManagerFactory for persistence unit 'default'
2024-09-27 10:42:45.607 INFO  [main] org.hibernate.jpa.internal.util.LogHelper [LogHelper.java:31] -HHH000204: Processing PersistenceUnitInfo [
	name: default
	...]
2024-09-27 10:42:45.634 INFO  [main] org.hibernate.Version [Version.java:37] -HHH000412: Hibernate Core {5.0.12.Final}
2024-09-27 10:42:45.634 INFO  [main] org.hibernate.cfg.Environment [Environment.java:213] -HHH000206: hibernate.properties not found
2024-09-27 10:42:45.635 INFO  [main] org.hibernate.cfg.Environment [Environment.java:317] -HHH000021: Bytecode provider name : javassist
2024-09-27 10:42:45.658 INFO  [main] org.hibernate.annotations.common.Version [JavaReflectionManager.java:66] -HCANN000001: Hibernate Commons Annotations {5.0.1.Final}
2024-09-27 10:42:45.726 INFO  [main] org.hibernate.dialect.Dialect [Dialect.java:156] -HHH000400: Using dialect: org.hibernate.dialect.MySQL5Dialect
2024-09-27 10:42:45.827 INFO  [main] o.s.orm.jpa.LocalContainerEntityManagerFactoryBean [AbstractEntityManagerFactoryBean.java:379] -Initialized JPA EntityManagerFactory for persistence unit 'default'
2024-09-27 10:42:46.133 INFO  [main] o.s.w.s.m.method.annotation.RequestMappingHandlerMapping [AbstractHandlerMethodMapping.java:543] -Mapped "{[/SystemConfiguration/getConfig]}" onto public com.alibaba.fastjson.JSONObject airport.cargos.demo.web_common_demo.controller.SystemConfigController.getConfig()
2024-09-27 10:42:46.134 INFO  [main] o.s.w.s.m.method.annotation.RequestMappingHandlerMapping [AbstractHandlerMethodMapping.java:543] -Mapped "{[/SystemConfiguration/saveInput]}" onto public com.alibaba.fastjson.JSONObject airport.cargos.demo.web_common_demo.controller.SystemConfigController.saveInput(airport.cargos.demo.web_common_demo.entity.SystemConfig)
2024-09-27 10:42:46.135 INFO  [main] o.s.w.s.m.method.annotation.RequestMappingHandlerMapping [AbstractHandlerMethodMapping.java:543] -Mapped "{[/SystemConfiguration/capture]}" onto public com.alibaba.fastjson.JSONObject airport.cargos.demo.web_common_demo.controller.SystemConfigController.capture(airport.cargos.demo.web_common_demo.entity.SystemConfig)
2024-09-27 10:42:46.135 INFO  [main] o.s.w.s.m.method.annotation.RequestMappingHandlerMapping [AbstractHandlerMethodMapping.java:543] -Mapped "{[/SystemConfiguration/updateThreshold]}" onto public com.alibaba.fastjson.JSONObject airport.cargos.demo.web_common_demo.controller.SystemConfigController.updateThreshold(float)
2024-09-27 10:42:46.135 INFO  [main] o.s.w.s.m.method.annotation.RequestMappingHandlerMapping [AbstractHandlerMethodMapping.java:543] -Mapped "{[/SystemConfiguration/updateDetectStatus]}" onto public com.alibaba.fastjson.JSONObject airport.cargos.demo.web_common_demo.controller.SystemConfigController.updateDetectStatus(int)
2024-09-27 10:42:46.135 INFO  [main] o.s.w.s.m.method.annotation.RequestMappingHandlerMapping [AbstractHandlerMethodMapping.java:543] -Mapped "{[/SystemConfiguration/updateSaveStatus]}" onto public com.alibaba.fastjson.JSONObject airport.cargos.demo.web_common_demo.controller.SystemConfigController.updateSaveStatus(int)
2024-09-27 10:42:46.135 INFO  [main] o.s.w.s.m.method.annotation.RequestMappingHandlerMapping [AbstractHandlerMethodMapping.java:543] -Mapped "{[/SystemConfiguration/updateSaveTimes]}" onto public com.alibaba.fastjson.JSONObject airport.cargos.demo.web_common_demo.controller.SystemConfigController.updateSaveTimes(int)
2024-09-27 10:42:46.135 INFO  [main] o.s.w.s.m.method.annotation.RequestMappingHandlerMapping [AbstractHandlerMethodMapping.java:543] -Mapped "{[/SystemConfiguration/updateSource]}" onto public com.alibaba.fastjson.JSONObject airport.cargos.demo.web_common_demo.controller.SystemConfigController.updateSource(java.lang.String)
2024-09-27 10:42:46.136 INFO  [main] o.s.w.s.m.method.annotation.RequestMappingHandlerMapping [AbstractHandlerMethodMapping.java:543] -Mapped "{[/SystemConfiguration/changeInputType]}" onto public com.alibaba.fastjson.JSONObject airport.cargos.demo.web_common_demo.controller.SystemConfigController.changeInputType(int)
2024-09-27 10:42:46.136 INFO  [main] o.s.w.s.m.method.annotation.RequestMappingHandlerMapping [AbstractHandlerMethodMapping.java:543] -Mapped "{[/generateImage]}" onto public com.alibaba.fastjson.JSONObject airport.cargos.demo.web_common_demo.controller.GenerateController.generateImage(org.springframework.web.multipart.MultipartFile,org.springframework.web.multipart.MultipartFile,java.lang.String)
2024-09-27 10:42:46.137 INFO  [main] o.s.w.s.m.method.annotation.RequestMappingHandlerMapping [AbstractHandlerMethodMapping.java:543] -Mapped "{[/cateSetting/updateStatus]}" onto public com.alibaba.fastjson.JSONObject airport.cargos.demo.web_common_demo.controller.DetectSetController.updateStatus(java.lang.Integer,java.lang.String,java.lang.Boolean)
2024-09-27 10:42:46.137 INFO  [main] o.s.w.s.m.method.annotation.RequestMappingHandlerMapping [AbstractHandlerMethodMapping.java:543] -Mapped "{[/cateSetting/updateCategory]}" onto public com.alibaba.fastjson.JSONObject airport.cargos.demo.web_common_demo.controller.DetectSetController.updateCategory(int,java.lang.String,java.lang.String)
2024-09-27 10:42:46.138 INFO  [main] o.s.w.s.m.method.annotation.RequestMappingHandlerMapping [AbstractHandlerMethodMapping.java:543] -Mapped "{[/cateSetting/deleteCategory]}" onto public com.alibaba.fastjson.JSONObject airport.cargos.demo.web_common_demo.controller.DetectSetController.deleteCategory(int)
2024-09-27 10:42:46.138 INFO  [main] o.s.w.s.m.method.annotation.RequestMappingHandlerMapping [AbstractHandlerMethodMapping.java:543] -Mapped "{[/cateSetting/addCategory]}" onto public com.alibaba.fastjson.JSONObject airport.cargos.demo.web_common_demo.controller.DetectSetController.addCategory(java.lang.String,java.lang.String)
2024-09-27 10:42:46.138 INFO  [main] o.s.w.s.m.method.annotation.RequestMappingHandlerMapping [AbstractHandlerMethodMapping.java:543] -Mapped "{[/cateSetting/select]}" onto public com.alibaba.fastjson.JSONObject airport.cargos.demo.web_common_demo.controller.DetectSetController.findCateList(int,int)
2024-09-27 10:42:46.140 INFO  [main] o.s.w.s.m.method.annotation.RequestMappingHandlerMapping [AbstractHandlerMethodMapping.java:543] -Mapped "{[/userManager/user/findByName]}" onto public java.util.List<airport.cargos.demo.web_common_demo.entity.User> airport.cargos.demo.web_common_demo.controller.UserController.findByName(java.lang.String)
2024-09-27 10:42:46.141 INFO  [main] o.s.w.s.m.method.annotation.RequestMappingHandlerMapping [AbstractHandlerMethodMapping.java:543] -Mapped "{[/userManager/user/getUserList]}" onto public com.alibaba.fastjson.JSONObject airport.cargos.demo.web_common_demo.controller.UserController.getUserList(java.lang.String,java.lang.String)
2024-09-27 10:42:46.142 INFO  [main] o.s.w.s.m.method.annotation.RequestMappingHandlerMapping [AbstractHandlerMethodMapping.java:543] -Mapped "{[/userManager/user/resetPassword]}" onto public com.alibaba.fastjson.JSONObject airport.cargos.demo.web_common_demo.controller.UserController.resetPassword(com.alibaba.fastjson.JSONObject)
2024-09-27 10:42:46.142 INFO  [main] o.s.w.s.m.method.annotation.RequestMappingHandlerMapping [AbstractHandlerMethodMapping.java:543] -Mapped "{[/userManager/user/editUser_realName]}" onto public com.alibaba.fastjson.JSONObject airport.cargos.demo.web_common_demo.controller.UserController.updateUser_realName(com.alibaba.fastjson.JSONObject)
2024-09-27 10:42:46.142 INFO  [main] o.s.w.s.m.method.annotation.RequestMappingHandlerMapping [AbstractHandlerMethodMapping.java:543] -Mapped "{[/userManager/user/editUser]}" onto public com.alibaba.fastjson.JSONObject airport.cargos.demo.web_common_demo.controller.UserController.updateUser(com.alibaba.fastjson.JSONObject)
2024-09-27 10:42:46.143 INFO  [main] o.s.w.s.m.method.annotation.RequestMappingHandlerMapping [AbstractHandlerMethodMapping.java:543] -Mapped "{[/userManager/user/deleteUser]}" onto public com.alibaba.fastjson.JSONObject airport.cargos.demo.web_common_demo.controller.UserController.deleteUser(com.alibaba.fastjson.JSONObject)
2024-09-27 10:42:46.143 INFO  [main] o.s.w.s.m.method.annotation.RequestMappingHandlerMapping [AbstractHandlerMethodMapping.java:543] -Mapped "{[/userManager/user/logout]}" onto public com.alibaba.fastjson.JSONObject airport.cargos.demo.web_common_demo.controller.UserController.logOut(com.alibaba.fastjson.JSONObject)
2024-09-27 10:42:46.143 INFO  [main] o.s.w.s.m.method.annotation.RequestMappingHandlerMapping [AbstractHandlerMethodMapping.java:543] -Mapped "{[/userManager/user/info]}" onto public com.alibaba.fastjson.JSONObject airport.cargos.demo.web_common_demo.controller.UserController.loginInfo(java.lang.String)
2024-09-27 10:42:46.143 INFO  [main] o.s.w.s.m.method.annotation.RequestMappingHandlerMapping [AbstractHandlerMethodMapping.java:543] -Mapped "{[/userManager/user/getUser]}" onto public com.alibaba.fastjson.JSONObject airport.cargos.demo.web_common_demo.controller.UserController.findById(com.alibaba.fastjson.JSONObject)
2024-09-27 10:42:46.144 INFO  [main] o.s.w.s.m.method.annotation.RequestMappingHandlerMapping [AbstractHandlerMethodMapping.java:543] -Mapped "{[/userManager/user/login]}" onto public com.alibaba.fastjson.JSONObject airport.cargos.demo.web_common_demo.controller.UserController.userLogin(com.alibaba.fastjson.JSONObject,javax.servlet.http.HttpServletResponse)
2024-09-27 10:42:46.144 INFO  [main] o.s.w.s.m.method.annotation.RequestMappingHandlerMapping [AbstractHandlerMethodMapping.java:543] -Mapped "{[/userManager/user/addUser]}" onto public com.alibaba.fastjson.JSONObject airport.cargos.demo.web_common_demo.controller.UserController.saveUser(com.alibaba.fastjson.JSONObject)
2024-09-27 10:42:46.144 INFO  [main] o.s.w.s.m.method.annotation.RequestMappingHandlerMapping [AbstractHandlerMethodMapping.java:543] -Mapped "{[/userManager/user/editUser_password]}" onto public com.alibaba.fastjson.JSONObject airport.cargos.demo.web_common_demo.controller.UserController.updateUser_password(com.alibaba.fastjson.JSONObject)
2024-09-27 10:42:46.145 INFO  [main] o.s.w.s.m.method.annotation.RequestMappingHandlerMapping [AbstractHandlerMethodMapping.java:543] -Mapped "{[/realTimeVideo/videoStream]}" onto public byte[] airport.cargos.demo.web_common_demo.controller.RealTimeVideoController.play(int)
2024-09-27 10:42:46.146 INFO  [main] o.s.w.s.m.method.annotation.RequestMappingHandlerMapping [AbstractHandlerMethodMapping.java:543] -Mapped "{[/video/delete]}" onto public com.alibaba.fastjson.JSONObject airport.cargos.demo.web_common_demo.controller.VideoModuleController.destroy(int)
2024-09-27 10:42:46.146 INFO  [main] o.s.w.s.m.method.annotation.RequestMappingHandlerMapping [AbstractHandlerMethodMapping.java:543] -Mapped "{[/video/getVideo]}" onto public com.alibaba.fastjson.JSONObject airport.cargos.demo.web_common_demo.controller.VideoModuleController.conditional_query(java.lang.String,java.lang.String,java.lang.String,int,int)
2024-09-27 10:42:46.146 INFO  [main] o.s.w.s.m.method.annotation.RequestMappingHandlerMapping [AbstractHandlerMethodMapping.java:543] -Mapped "{[/video/getAll]}" onto public com.alibaba.fastjson.JSONObject airport.cargos.demo.web_common_demo.controller.VideoModuleController.list_all(int,int)
2024-09-27 10:42:46.146 INFO  [main] o.s.w.s.m.method.annotation.RequestMappingHandlerMapping [AbstractHandlerMethodMapping.java:543] -Mapped "{[/video/playVideo]}" onto public org.springframework.http.ResponseEntity<org.springframework.core.io.Resource> airport.cargos.demo.web_common_demo.controller.VideoModuleController.playVideo(java.lang.String,javax.servlet.http.HttpServletRequest,javax.servlet.http.HttpServletResponse) throws java.io.IOException
2024-09-27 10:42:46.148 INFO  [main] o.s.w.s.m.method.annotation.RequestMappingHandlerMapping [AbstractHandlerMethodMapping.java:543] -Mapped "{[/echo],methods=[GET]}" onto public java.lang.String airport.cargos.demo.web_common_demo.controller.EchoController.echo()
2024-09-27 10:42:46.149 INFO  [main] o.s.w.s.m.method.annotation.RequestMappingHandlerMapping [AbstractHandlerMethodMapping.java:543] -Mapped "{[/echoHelloWorld],methods=[POST]}" onto public com.alibaba.fastjson.JSONObject airport.cargos.demo.web_common_demo.controller.EchoController.echoHelloWorld()
2024-09-27 10:42:46.150 INFO  [main] o.s.w.s.m.method.annotation.RequestMappingHandlerMapping [AbstractHandlerMethodMapping.java:543] -Mapped "{[/dataQuery/findAll]}" onto public java.util.List<airport.cargos.demo.web_common_demo.entity.ContrabandImage> airport.cargos.demo.web_common_demo.controller.ContrabandImageController.findAll()
2024-09-27 10:42:46.150 INFO  [main] o.s.w.s.m.method.annotation.RequestMappingHandlerMapping [AbstractHandlerMethodMapping.java:543] -Mapped "{[/dataQuery/findById]}" onto public com.alibaba.fastjson.JSONObject airport.cargos.demo.web_common_demo.controller.ContrabandImageController.findById(airport.cargos.demo.web_common_demo.entity.ContrabandImage)
2024-09-27 10:42:46.150 INFO  [main] o.s.w.s.m.method.annotation.RequestMappingHandlerMapping [AbstractHandlerMethodMapping.java:543] -Mapped "{[/dataQuery/saveContrabandImage]}" onto public com.alibaba.fastjson.JSONObject airport.cargos.demo.web_common_demo.controller.ContrabandImageController.saveContrabandImage(airport.cargos.demo.web_common_demo.entity.ContrabandImage)
2024-09-27 10:42:46.150 INFO  [main] o.s.w.s.m.method.annotation.RequestMappingHandlerMapping [AbstractHandlerMethodMapping.java:543] -Mapped "{[/dataQuery/updateContrabandImage]}" onto public com.alibaba.fastjson.JSONObject airport.cargos.demo.web_common_demo.controller.ContrabandImageController.updateContrabandImage(airport.cargos.demo.web_common_demo.entity.ContrabandImage)
2024-09-27 10:42:46.151 INFO  [main] o.s.w.s.m.method.annotation.RequestMappingHandlerMapping [AbstractHandlerMethodMapping.java:543] -Mapped "{[/dataQuery/delete]}" onto public com.alibaba.fastjson.JSONObject airport.cargos.demo.web_common_demo.controller.ContrabandImageController.deleteContrabandImage(java.util.List<java.lang.Integer>)
2024-09-27 10:42:46.151 INFO  [main] o.s.w.s.m.method.annotation.RequestMappingHandlerMapping [AbstractHandlerMethodMapping.java:543] -Mapped "{[/dataQuery/paginate]}" onto public com.alibaba.fastjson.JSONObject airport.cargos.demo.web_common_demo.controller.ContrabandImageController.findWithPagination(java.lang.String)
2024-09-27 10:42:46.151 INFO  [main] o.s.w.s.m.method.annotation.RequestMappingHandlerMapping [AbstractHandlerMethodMapping.java:543] -Mapped "{[/dataQuery/findByCondition]}" onto public com.alibaba.fastjson.JSONObject airport.cargos.demo.web_common_demo.controller.ContrabandImageController.findByCondition(airport.cargos.demo.web_common_demo.entity.ContrabandImage)
2024-09-27 10:42:46.151 INFO  [main] o.s.w.s.m.method.annotation.RequestMappingHandlerMapping [AbstractHandlerMethodMapping.java:543] -Mapped "{[/dataQuery/statistic]}" onto public com.alibaba.fastjson.JSONObject airport.cargos.demo.web_common_demo.controller.ContrabandImageController.countByCondition(airport.cargos.demo.web_common_demo.entity.ContrabandImage)
2024-09-27 10:42:46.151 INFO  [main] o.s.w.s.m.method.annotation.RequestMappingHandlerMapping [AbstractHandlerMethodMapping.java:543] -Mapped "{[/dataQuery/getImageByPath],produces=[image/jpeg]}" onto public byte[] airport.cargos.demo.web_common_demo.controller.ContrabandImageController.getImageByPath(java.lang.String,javax.servlet.http.HttpServletResponse)
2024-09-27 10:42:46.154 INFO  [main] o.s.w.s.m.method.annotation.RequestMappingHandlerMapping [AbstractHandlerMethodMapping.java:543] -Mapped "{[/swagger-resources/configuration/security]}" onto public org.springframework.http.ResponseEntity<springfox.documentation.swagger.web.SecurityConfiguration> springfox.documentation.swagger.web.ApiResourceController.securityConfiguration()
2024-09-27 10:42:46.154 INFO  [main] o.s.w.s.m.method.annotation.RequestMappingHandlerMapping [AbstractHandlerMethodMapping.java:543] -Mapped "{[/swagger-resources/configuration/ui]}" onto public org.springframework.http.ResponseEntity<springfox.documentation.swagger.web.UiConfiguration> springfox.documentation.swagger.web.ApiResourceController.uiConfiguration()
2024-09-27 10:42:46.155 INFO  [main] o.s.w.s.m.method.annotation.RequestMappingHandlerMapping [AbstractHandlerMethodMapping.java:543] -Mapped "{[/swagger-resources]}" onto public org.springframework.http.ResponseEntity<java.util.List<springfox.documentation.swagger.web.SwaggerResource>> springfox.documentation.swagger.web.ApiResourceController.swaggerResources()
2024-09-27 10:42:46.157 INFO  [main] o.s.w.s.m.method.annotation.RequestMappingHandlerMapping [AbstractHandlerMethodMapping.java:543] -Mapped "{[/error]}" onto public org.springframework.http.ResponseEntity<java.util.Map<java.lang.String, java.lang.Object>> org.springframework.boot.autoconfigure.web.BasicErrorController.error(javax.servlet.http.HttpServletRequest)
2024-09-27 10:42:46.157 INFO  [main] o.s.w.s.m.method.annotation.RequestMappingHandlerMapping [AbstractHandlerMethodMapping.java:543] -Mapped "{[/error],produces=[text/html]}" onto public org.springframework.web.servlet.ModelAndView org.springframework.boot.autoconfigure.web.BasicErrorController.errorHtml(javax.servlet.http.HttpServletRequest,javax.servlet.http.HttpServletResponse)
2024-09-27 10:42:46.280 INFO  [main] s.d.s.web.PropertySourcedRequestMappingHandlerMapping [PropertySourcedRequestMappingHandlerMapping.java:69] -Mapped URL path [/v2/api-docs] onto method [public org.springframework.http.ResponseEntity<springfox.documentation.spring.web.json.Json> springfox.documentation.swagger2.web.Swagger2Controller.getDocumentation(java.lang.String,javax.servlet.http.HttpServletRequest)]
2024-09-27 10:42:46.419 INFO  [main] o.s.w.s.m.method.annotation.RequestMappingHandlerAdapter [RequestMappingHandlerAdapter.java:534] -Looking for @ControllerAdvice: org.springframework.boot.context.embedded.AnnotationConfigEmbeddedWebApplicationContext@53976f5c: startup date [Fri Sep 27 10:42:44 CST 2024]; root of context hierarchy
2024-09-27 10:42:46.451 INFO  [main] o.s.web.servlet.handler.SimpleUrlHandlerMapping [AbstractUrlHandlerMapping.java:362] -Mapped URL path [/webjars/**] onto handler of type [class org.springframework.web.servlet.resource.ResourceHttpRequestHandler]
2024-09-27 10:42:46.452 INFO  [main] o.s.web.servlet.handler.SimpleUrlHandlerMapping [AbstractUrlHandlerMapping.java:362] -Mapped URL path [/**] onto handler of type [class org.springframework.web.servlet.resource.ResourceHttpRequestHandler]
2024-09-27 10:42:46.467 INFO  [main] o.s.web.servlet.handler.SimpleUrlHandlerMapping [AbstractUrlHandlerMapping.java:362] -Mapped URL path [/**/favicon.ico] onto handler of type [class org.springframework.web.servlet.resource.ResourceHttpRequestHandler]
2024-09-27 10:42:46.615 INFO  [main] o.s.b.a.w.WebMvcAutoConfiguration$WelcomePageHandlerMapping [WebMvcAutoConfiguration.java:549] -Adding welcome page: class path resource [static/index.html]
2024-09-27 10:42:46.726 INFO  [main] o.s.jmx.export.annotation.AnnotationMBeanExporter [MBeanExporter.java:431] -Registering beans for JMX exposure on startup
2024-09-27 10:42:46.732 INFO  [main] o.s.context.support.DefaultLifecycleProcessor [DefaultLifecycleProcessor.java:343] -Starting beans in phase 2147483647
2024-09-27 10:42:46.732 INFO  [main] s.d.spring.web.plugins.DocumentationPluginsBootstrapper [DocumentationPluginsBootstrapper.java:160] -Context refreshed
2024-09-27 10:42:46.745 INFO  [main] s.d.spring.web.plugins.DocumentationPluginsBootstrapper [DocumentationPluginsBootstrapper.java:163] -Found 1 custom documentation plugin(s)
2024-09-27 10:42:46.762 INFO  [main] s.d.spring.web.scanners.ApiListingReferenceScanner [ApiListingReferenceScanner.java:41] -Scanning for api listing references
2024-09-27 10:42:46.958 INFO  [main] s.d.s.w.readers.operation.CachingOperationNameGenerator [CachingOperationNameGenerator.java:40] -Generating unique operation named: findByIdUsingGET_1
2024-09-27 10:42:46.959 INFO  [main] s.d.s.w.readers.operation.CachingOperationNameGenerator [CachingOperationNameGenerator.java:40] -Generating unique operation named: findByIdUsingHEAD_1
2024-09-27 10:42:46.959 INFO  [main] s.d.s.w.readers.operation.CachingOperationNameGenerator [CachingOperationNameGenerator.java:40] -Generating unique operation named: findByIdUsingPOST_1
2024-09-27 10:42:46.960 INFO  [main] s.d.s.w.readers.operation.CachingOperationNameGenerator [CachingOperationNameGenerator.java:40] -Generating unique operation named: findByIdUsingPUT_1
2024-09-27 10:42:46.960 INFO  [main] s.d.s.w.readers.operation.CachingOperationNameGenerator [CachingOperationNameGenerator.java:40] -Generating unique operation named: findByIdUsingPATCH_1
2024-09-27 10:42:46.960 INFO  [main] s.d.s.w.readers.operation.CachingOperationNameGenerator [CachingOperationNameGenerator.java:40] -Generating unique operation named: findByIdUsingDELETE_1
2024-09-27 10:42:46.961 INFO  [main] s.d.s.w.readers.operation.CachingOperationNameGenerator [CachingOperationNameGenerator.java:40] -Generating unique operation named: findByIdUsingOPTIONS_1
2024-09-27 10:42:46.961 INFO  [main] s.d.s.w.readers.operation.CachingOperationNameGenerator [CachingOperationNameGenerator.java:40] -Generating unique operation named: findByIdUsingTRACE_1
2024-09-27 10:42:47.027 INFO  [main] org.apache.coyote.http11.Http11NioProtocol [DirectJDKLog.java:179] -Initializing ProtocolHandler ["http-nio-9000"]
2024-09-27 10:42:47.127 INFO  [main] org.apache.coyote.http11.Http11NioProtocol [DirectJDKLog.java:179] -Starting ProtocolHandler ["http-nio-9000"]
2024-09-27 10:42:47.130 INFO  [main] org.apache.tomcat.util.net.NioSelectorPool [DirectJDKLog.java:179] -Using a shared selector for servlet write/read
2024-09-27 10:42:47.137 INFO  [main] o.s.b.c.embedded.tomcat.TomcatEmbeddedServletContainer [TomcatEmbeddedServletContainer.java:201] -Tomcat started on port(s): 9000 (http)
2024-09-27 10:42:47.140 INFO  [main] airport.cargos.demo.web_common_demo.Bootstrap [StartupInfoLogger.java:57] -Started Bootstrap in 2.982 seconds (JVM running for 3.253)
2024-09-27 10:42:47.146 INFO  [main] airport.cargos.demo.web_common_demo.common.ThreadData [ThreadData.java:62] -SystemConfig{input_type=1, source=/home/airport/installer/6号采集视频_13号机.mp4, input_view=1, points=[[I@571db8b4], threshold=0.25, detected_status=1, save_status=0, image_path='../data/images/', video_path='../data/videos/', detect_url='http://127.0.0.1:8000/detect', synthesis_url='http://127.0.0.1:8081/', save_time=1, last_labels=10, scale=2, frame_rate=10, sample_rate=5, video_save_time=2, image_save_time=7}
2024-09-27 10:42:47.148 INFO  [Thread-9] airport.cargos.demo.web_common_demo.common.ThreadData [ThreadData.java:62] -SystemConfig{input_type=1, source=/home/airport/installer/6号采集视频_13号机.mp4, input_view=1, points=[[I@36240d07], threshold=0.25, detected_status=1, save_status=0, image_path='../data/images/', video_path='../data/videos/', detect_url='http://127.0.0.1:8000/detect', synthesis_url='http://127.0.0.1:8081/', save_time=1, last_labels=10, scale=2, frame_rate=10, sample_rate=5, video_save_time=2, image_save_time=7}
2024-09-27 10:42:49.740 INFO  [http-nio-9000-exec-1] o.a.catalina.core.ContainerBase.[Tomcat].[localhost].[/] [DirectJDKLog.java:179] -Initializing Spring FrameworkServlet 'dispatcherServlet'
2024-09-27 10:42:49.740 INFO  [http-nio-9000-exec-1] org.springframework.web.servlet.DispatcherServlet [FrameworkServlet.java:489] -FrameworkServlet 'dispatcherServlet': initialization started
2024-09-27 10:42:49.746 INFO  [http-nio-9000-exec-1] org.springframework.web.servlet.DispatcherServlet [FrameworkServlet.java:508] -FrameworkServlet 'dispatcherServlet': initialization completed in 6 ms
2024-09-27 10:42:54.417 INFO  [http-nio-9000-exec-9] airport.cargos.demo.web_common_demo.common.ThreadData [ThreadData.java:62] -SystemConfig{input_type=1, source=/home/airport/installer/6号采集视频_13号机.mp4, input_view=1, points=[[I@63fa0ae], threshold=0.25, detected_status=1, save_status=0, image_path='../data/images/', video_path='../data/videos/', detect_url='http://127.0.0.1:8000/detect', synthesis_url='http://127.0.0.1:8081/', save_time=1, last_labels=10, scale=2, frame_rate=10, sample_rate=5, video_save_time=2, image_save_time=7}
2024-09-27 10:42:54.417 INFO  [http-nio-9000-exec-9] airport.cargos.demo.web_common_demo.util.ThreadUtils [ThreadUtils.java:36] -shutdown start
2024-09-27 10:42:54.578 INFO  [pool-2-thread-1] airport.cargos.demo.web_common_demo.util.EncodeThread [EncodeThread.java:75] -EncodeThread  Start
2024-09-27 10:42:54.578 INFO  [pool-2-thread-4] airport.cargos.demo.web_common_demo.util.PlayVideoThread [PlayVideoThread.java:81] -PlayVideoThread Start
2024-09-27 10:42:54.581 INFO  [pool-2-thread-3] airport.cargos.demo.web_common_demo.util.DrawThread [DrawThread.java:44] -[电击器, 警棍, 枪支, 手铐, 管制刀具, 鞭炮, 电子烟花, 礼花, 烟花, 烟饼, 仙女棒, 压缩管, 子弹, 空包弹, 霰弹, 烟雾弹, 塑料打火机, 金属打火机, 镁棒点火器, 防风火柴, 块状电池, 节状电池, 纽扣电池, 蓄电池, 蓝牙耳机]
2024-09-27 10:42:54.587 INFO  [pool-2-thread-3] airport.cargos.demo.web_common_demo.util.DrawThread [DrawThread.java:63] -DrawThread start
2024-09-27 10:42:54.604 INFO  [pool-2-thread-2] airport.cargos.demo.web_common_demo.util.DetectThread [DetectThread.java:66] -DetectThread start
2024-09-27 10:42:55.501 INFO  [pool-2-thread-4] airport.cargos.demo.web_common_demo.util.PlayVideoThread [PlayVideoThread.java:54] -width=960,height=1080,frame_rate=10
2024-09-27 10:43:04.433 INFO  [http-nio-9000-exec-9] airport.cargos.demo.web_common_demo.util.ThreadUtils [ThreadUtils.java:36] -shutdown start
2024-09-27 10:43:04.433 INFO  [http-nio-9000-exec-9] airport.cargos.demo.web_common_demo.util.ThreadUtils [ThreadUtils.java:40] -shutdownNow
2024-09-27 10:43:04.433 ERROR [pool-2-thread-2] airport.cargos.demo.web_common_demo.util.DetectThread [DetectThread.java:129] -java.lang.InterruptedException
2024-09-27 10:43:04.442 ERROR [pool-2-thread-3] airport.cargos.demo.web_common_demo.util.DrawThread [DrawThread.java:216] -java.lang.InterruptedException
java.lang.InterruptedException: null
	at java.util.concurrent.locks.AbstractQueuedSynchronizer$ConditionObject.reportInterruptAfterWait(AbstractQueuedSynchronizer.java:2014)
	at java.util.concurrent.locks.AbstractQueuedSynchronizer$ConditionObject.await(AbstractQueuedSynchronizer.java:2048)
	at java.util.concurrent.LinkedBlockingDeque.putLast(LinkedBlockingDeque.java:396)
	at java.util.concurrent.LinkedBlockingDeque.put(LinkedBlockingDeque.java:649)
	at airport.cargos.demo.web_common_demo.util.DrawThread.run(DrawThread.java:210)
	at java.util.concurrent.ThreadPoolExecutor.runWorker(ThreadPoolExecutor.java:1149)
	at java.util.concurrent.ThreadPoolExecutor$Worker.run(ThreadPoolExecutor.java:624)
	at java.lang.Thread.run(Thread.java:750)
2024-09-27 10:43:04.442 ERROR [pool-2-thread-4] airport.cargos.demo.web_common_demo.util.PlayVideoThread [PlayVideoThread.java:206] -java.lang.InterruptedException: sleep interrupted
java.lang.InterruptedException: sleep interrupted
	at java.lang.Thread.sleep(Native Method)
	at airport.cargos.demo.web_common_demo.util.PlayVideoThread.run(PlayVideoThread.java:203)
	at java.util.concurrent.ThreadPoolExecutor.runWorker(ThreadPoolExecutor.java:1149)
	at java.util.concurrent.ThreadPoolExecutor$Worker.run(ThreadPoolExecutor.java:624)
	at java.lang.Thread.run(Thread.java:750)
2024-09-27 10:43:04.452 ERROR [pool-2-thread-1] airport.cargos.demo.web_common_demo.util.EncodeThread [EncodeThread.java:110] -java.lang.InterruptedException
java.lang.InterruptedException: null
	at java.util.concurrent.locks.AbstractQueuedSynchronizer.acquireInterruptibly(AbstractQueuedSynchronizer.java:1220)
	at java.util.concurrent.locks.ReentrantLock.lockInterruptibly(ReentrantLock.java:335)
	at java.util.concurrent.LinkedBlockingQueue.put(LinkedBlockingQueue.java:339)
	at airport.cargos.demo.web_common_demo.util.EncodeThread.run(EncodeThread.java:100)
	at java.util.concurrent.ThreadPoolExecutor.runWorker(ThreadPoolExecutor.java:1149)
	at java.util.concurrent.ThreadPoolExecutor$Worker.run(ThreadPoolExecutor.java:624)
	at java.lang.Thread.run(Thread.java:750)
2024-09-27 10:43:04.453 INFO  [pool-2-thread-1] airport.cargos.demo.web_common_demo.util.EncodeThread [EncodeThread.java:122] -------------Stop EncodeThread-----------
2024-09-27 10:43:04.469 INFO  [pool-2-thread-2] airport.cargos.demo.web_common_demo.util.DetectThread [DetectThread.java:78] -------------Stop DetectThread-----------
2024-09-27 10:43:04.580 INFO  [pool-2-thread-3] airport.cargos.demo.web_common_demo.util.DrawThread [DrawThread.java:78] ------------Stop DrawThread-----------
2024-09-27 10:43:04.722 INFO  [pool-2-thread-4] airport.cargos.demo.web_common_demo.util.PlayVideoThread [PlayVideoThread.java:90] -------------Stop PlayVideoThread-----------
2024-09-27 10:43:04.722 INFO  [http-nio-9000-exec-9] airport.cargos.demo.web_common_demo.util.ThreadUtils [ThreadUtils.java:42] -status:true
2024-09-27 10:43:24.161 INFO  [http-nio-9000-exec-9] airport.cargos.demo.web_common_demo.common.ThreadData [ThreadData.java:62] -SystemConfig{input_type=1, source=/home/airport/installer/6号采集视频_13号机.mp4, input_view=1, points=[[I@53d848c5], threshold=0.6, detected_status=1, save_status=0, image_path='../data/images/', video_path='../data/videos/', detect_url='http://127.0.0.1:8000/detect', synthesis_url='http://127.0.0.1:8081/', save_time=1, last_labels=10, scale=2, frame_rate=10, sample_rate=5, video_save_time=2, image_save_time=7}
2024-09-27 10:43:24.161 INFO  [http-nio-9000-exec-9] airport.cargos.demo.web_common_demo.util.ThreadUtils [ThreadUtils.java:36] -shutdown start
2024-09-27 10:43:24.162 INFO  [http-nio-9000-exec-9] airport.cargos.demo.web_common_demo.util.ThreadUtils [ThreadUtils.java:40] -shutdownNow
2024-09-27 10:43:24.162 INFO  [http-nio-9000-exec-9] airport.cargos.demo.web_common_demo.util.ThreadUtils [ThreadUtils.java:42] -status:true
2024-09-27 10:43:24.170 INFO  [pool-4-thread-1] airport.cargos.demo.web_common_demo.util.EncodeThread [EncodeThread.java:75] -EncodeThread  Start
2024-09-27 10:43:24.170 INFO  [pool-4-thread-4] airport.cargos.demo.web_common_demo.util.PlayVideoThread [PlayVideoThread.java:81] -PlayVideoThread Start
2024-09-27 10:43:24.170 INFO  [pool-4-thread-2] airport.cargos.demo.web_common_demo.util.DetectThread [DetectThread.java:66] -DetectThread start
2024-09-27 10:43:24.171 INFO  [pool-4-thread-3] airport.cargos.demo.web_common_demo.util.DrawThread [DrawThread.java:44] -[电击器, 警棍, 枪支, 手铐, 管制刀具, 鞭炮, 电子烟花, 礼花, 烟花, 烟饼, 仙女棒, 压缩管, 子弹, 空包弹, 霰弹, 烟雾弹, 塑料打火机, 金属打火机, 镁棒点火器, 防风火柴, 块状电池, 节状电池, 纽扣电池, 蓄电池, 蓝牙耳机]
2024-09-27 10:43:24.171 INFO  [pool-4-thread-3] airport.cargos.demo.web_common_demo.util.DrawThread [DrawThread.java:63] -DrawThread start
2024-09-27 10:43:24.360 INFO  [pool-4-thread-4] airport.cargos.demo.web_common_demo.util.PlayVideoThread [PlayVideoThread.java:54] -width=960,height=1080,frame_rate=10
2024-09-27 10:44:04.116 INFO  [http-nio-9000-exec-3] airport.cargos.demo.web_common_demo.util.ThreadUtils [ThreadUtils.java:36] -shutdown start
2024-09-27 10:44:04.117 INFO  [http-nio-9000-exec-3] airport.cargos.demo.web_common_demo.util.ThreadUtils [ThreadUtils.java:40] -shutdownNow
2024-09-27 10:44:04.117 ERROR [pool-4-thread-4] airport.cargos.demo.web_common_demo.util.PlayVideoThread [PlayVideoThread.java:206] -java.lang.InterruptedException: sleep interrupted
java.lang.InterruptedException: sleep interrupted
	at java.lang.Thread.sleep(Native Method)
	at airport.cargos.demo.web_common_demo.util.PlayVideoThread.run(PlayVideoThread.java:203)
	at java.util.concurrent.ThreadPoolExecutor.runWorker(ThreadPoolExecutor.java:1149)
	at java.util.concurrent.ThreadPoolExecutor$Worker.run(ThreadPoolExecutor.java:624)
	at java.lang.Thread.run(Thread.java:750)
2024-09-27 10:44:04.117 ERROR [pool-4-thread-2] airport.cargos.demo.web_common_demo.util.DetectThread [DetectThread.java:129] -java.lang.InterruptedException
2024-09-27 10:44:04.117 ERROR [pool-4-thread-3] airport.cargos.demo.web_common_demo.util.DrawThread [DrawThread.java:216] -java.lang.InterruptedException
java.lang.InterruptedException: null
	at java.util.concurrent.locks.AbstractQueuedSynchronizer$ConditionObject.reportInterruptAfterWait(AbstractQueuedSynchronizer.java:2014)
	at java.util.concurrent.locks.AbstractQueuedSynchronizer$ConditionObject.await(AbstractQueuedSynchronizer.java:2048)
	at java.util.concurrent.LinkedBlockingDeque.putLast(LinkedBlockingDeque.java:396)
	at java.util.concurrent.LinkedBlockingDeque.put(LinkedBlockingDeque.java:649)
	at airport.cargos.demo.web_common_demo.util.DrawThread.run(DrawThread.java:210)
	at java.util.concurrent.ThreadPoolExecutor.runWorker(ThreadPoolExecutor.java:1149)
	at java.util.concurrent.ThreadPoolExecutor$Worker.run(ThreadPoolExecutor.java:624)
	at java.lang.Thread.run(Thread.java:750)
2024-09-27 10:44:04.127 ERROR [pool-4-thread-1] airport.cargos.demo.web_common_demo.util.EncodeThread [EncodeThread.java:110] -java.lang.InterruptedException
java.lang.InterruptedException: null
	at java.util.concurrent.locks.AbstractQueuedSynchronizer.acquireInterruptibly(AbstractQueuedSynchronizer.java:1220)
	at java.util.concurrent.locks.ReentrantLock.lockInterruptibly(ReentrantLock.java:335)
	at java.util.concurrent.LinkedBlockingQueue.put(LinkedBlockingQueue.java:339)
	at airport.cargos.demo.web_common_demo.util.EncodeThread.run(EncodeThread.java:100)
	at java.util.concurrent.ThreadPoolExecutor.runWorker(ThreadPoolExecutor.java:1149)
	at java.util.concurrent.ThreadPoolExecutor$Worker.run(ThreadPoolExecutor.java:624)
	at java.lang.Thread.run(Thread.java:750)
2024-09-27 10:44:04.128 INFO  [pool-4-thread-1] airport.cargos.demo.web_common_demo.util.EncodeThread [EncodeThread.java:122] -------------Stop EncodeThread-----------
2024-09-27 10:44:04.134 INFO  [pool-4-thread-2] airport.cargos.demo.web_common_demo.util.DetectThread [DetectThread.java:78] -------------Stop DetectThread-----------
2024-09-27 10:44:04.258 INFO  [pool-4-thread-3] airport.cargos.demo.web_common_demo.util.DrawThread [DrawThread.java:78] ------------Stop DrawThread-----------
2024-09-27 10:44:04.437 INFO  [pool-4-thread-4] airport.cargos.demo.web_common_demo.util.PlayVideoThread [PlayVideoThread.java:90] -------------Stop PlayVideoThread-----------
2024-09-27 10:44:04.437 INFO  [http-nio-9000-exec-3] airport.cargos.demo.web_common_demo.util.ThreadUtils [ThreadUtils.java:42] -status:true
