2024-11-21 16:10:08.710 INFO  [main] airport.cargos.demo.web_common_demo.Bootstrap [StartupInfoLogger.java:48] -Starting Bootstrap on airport-B760M-DS3H with PID 27976 (/home/airport/installer/airport_logistics/web_common_demo-1.0.0-SNAPSHOT.jar started by airport in /home/airport/installer/airport_logistics)
2024-11-21 16:10:08.711 INFO  [main] airport.cargos.demo.web_common_demo.Bootstrap [SpringApplication.java:593] -No active profile set, falling back to default profiles: default
2024-11-21 16:10:08.786 INFO  [main] o.s.b.c.e.AnnotationConfigEmbeddedWebApplicationContext [AbstractApplicationContext.java:583] -Refreshing org.springframework.boot.context.embedded.AnnotationConfigEmbeddedWebApplicationContext@53976f5c: startup date [Thu Nov 21 16:10:08 CST 2024]; root of context hierarchy
2024-11-21 16:10:08.856 INFO  [background-preinit] org.hibernate.validator.internal.util.Version [Version.java:30] -HV000001: Hibernate Validator 5.3.5.Final
2024-11-21 16:10:09.141 WARN  [main] o.s.context.annotation.ConfigurationClassPostProcessor [ConfigurationClassPostProcessor.java:373] -Cannot enhance @Configuration bean definition 'propertySourcesPlaceholderConfigurer' since its singleton instance has been created too early. The typical cause is a non-static @Bean method with a BeanDefinitionRegistryPostProcessor return type: Consider declaring such methods as 'static'.
2024-11-21 16:10:09.282 INFO  [main] o.s.c.s.PostProcessorRegistrationDelegate$BeanPostProcessorChecker [PostProcessorRegistrationDelegate.java:325] -Bean 'org.springframework.transaction.annotation.ProxyTransactionManagementConfiguration' of type [org.springframework.transaction.annotation.ProxyTransactionManagementConfiguration$$EnhancerBySpringCGLIB$$22ef58f8] is not eligible for getting processed by all BeanPostProcessors (for example: not eligible for auto-proxying)
2024-11-21 16:10:09.456 INFO  [main] o.s.b.c.embedded.tomcat.TomcatEmbeddedServletContainer [TomcatEmbeddedServletContainer.java:89] -Tomcat initialized with port(s): 9000 (http)
2024-11-21 16:10:09.460 INFO  [main] org.apache.catalina.core.StandardService [DirectJDKLog.java:179] -Starting service [Tomcat]
2024-11-21 16:10:09.461 INFO  [main] org.apache.catalina.core.StandardEngine [DirectJDKLog.java:179] -Starting Servlet Engine: Apache Tomcat/8.5.16
2024-11-21 16:10:09.498 INFO  [localhost-startStop-1] o.a.catalina.core.ContainerBase.[Tomcat].[localhost].[/] [DirectJDKLog.java:179] -Initializing Spring embedded WebApplicationContext
2024-11-21 16:10:09.498 INFO  [localhost-startStop-1] org.springframework.web.context.ContextLoader [EmbeddedWebApplicationContext.java:276] -Root WebApplicationContext: initialization completed in 712 ms
2024-11-21 16:10:09.544 INFO  [localhost-startStop-1] o.s.boot.web.servlet.ServletRegistrationBean [ServletRegistrationBean.java:190] -Mapping servlet: 'dispatcherServlet' to [/]
2024-11-21 16:10:09.546 INFO  [localhost-startStop-1] o.s.boot.web.servlet.FilterRegistrationBean [AbstractFilterRegistrationBean.java:258] -Mapping filter: 'characterEncodingFilter' to: [/*]
2024-11-21 16:10:09.546 INFO  [localhost-startStop-1] o.s.boot.web.servlet.FilterRegistrationBean [AbstractFilterRegistrationBean.java:258] -Mapping filter: 'hiddenHttpMethodFilter' to: [/*]
2024-11-21 16:10:09.546 INFO  [localhost-startStop-1] o.s.boot.web.servlet.FilterRegistrationBean [AbstractFilterRegistrationBean.java:258] -Mapping filter: 'httpPutFormContentFilter' to: [/*]
2024-11-21 16:10:09.546 INFO  [localhost-startStop-1] o.s.boot.web.servlet.FilterRegistrationBean [AbstractFilterRegistrationBean.java:258] -Mapping filter: 'requestContextFilter' to: [/*]
2024-11-21 16:10:09.924 INFO  [main] o.s.orm.jpa.LocalContainerEntityManagerFactoryBean [LocalContainerEntityManagerFactoryBean.java:349] -Building JPA container EntityManagerFactory for persistence unit 'default'
2024-11-21 16:10:09.932 INFO  [main] org.hibernate.jpa.internal.util.LogHelper [LogHelper.java:31] -HHH000204: Processing PersistenceUnitInfo [
	name: default
	...]
2024-11-21 16:10:09.964 INFO  [main] org.hibernate.Version [Version.java:37] -HHH000412: Hibernate Core {5.0.12.Final}
2024-11-21 16:10:09.965 INFO  [main] org.hibernate.cfg.Environment [Environment.java:213] -HHH000206: hibernate.properties not found
2024-11-21 16:10:09.966 INFO  [main] org.hibernate.cfg.Environment [Environment.java:317] -HHH000021: Bytecode provider name : javassist
2024-11-21 16:10:09.983 INFO  [main] org.hibernate.annotations.common.Version [JavaReflectionManager.java:66] -HCANN000001: Hibernate Commons Annotations {5.0.1.Final}
2024-11-21 16:10:10.018 INFO  [main] org.hibernate.dialect.Dialect [Dialect.java:156] -HHH000400: Using dialect: org.hibernate.dialect.MySQL5Dialect
2024-11-21 16:10:10.124 INFO  [main] o.s.orm.jpa.LocalContainerEntityManagerFactoryBean [AbstractEntityManagerFactoryBean.java:379] -Initialized JPA EntityManagerFactory for persistence unit 'default'
2024-11-21 16:10:10.424 INFO  [main] o.s.w.s.m.method.annotation.RequestMappingHandlerMapping [AbstractHandlerMethodMapping.java:543] -Mapped "{[/dataQuery/findAll]}" onto public java.util.List<airport.cargos.demo.web_common_demo.entity.ContrabandImage> airport.cargos.demo.web_common_demo.controller.ContrabandImageController.findAll()
2024-11-21 16:10:10.425 INFO  [main] o.s.w.s.m.method.annotation.RequestMappingHandlerMapping [AbstractHandlerMethodMapping.java:543] -Mapped "{[/dataQuery/saveContrabandImage]}" onto public com.alibaba.fastjson.JSONObject airport.cargos.demo.web_common_demo.controller.ContrabandImageController.saveContrabandImage(airport.cargos.demo.web_common_demo.entity.ContrabandImage)
2024-11-21 16:10:10.425 INFO  [main] o.s.w.s.m.method.annotation.RequestMappingHandlerMapping [AbstractHandlerMethodMapping.java:543] -Mapped "{[/dataQuery/updateContrabandImage]}" onto public com.alibaba.fastjson.JSONObject airport.cargos.demo.web_common_demo.controller.ContrabandImageController.updateContrabandImage(airport.cargos.demo.web_common_demo.entity.ContrabandImage)
2024-11-21 16:10:10.425 INFO  [main] o.s.w.s.m.method.annotation.RequestMappingHandlerMapping [AbstractHandlerMethodMapping.java:543] -Mapped "{[/dataQuery/delete]}" onto public com.alibaba.fastjson.JSONObject airport.cargos.demo.web_common_demo.controller.ContrabandImageController.deleteContrabandImage(java.util.List<java.lang.Integer>)
2024-11-21 16:10:10.425 INFO  [main] o.s.w.s.m.method.annotation.RequestMappingHandlerMapping [AbstractHandlerMethodMapping.java:543] -Mapped "{[/dataQuery/findById]}" onto public com.alibaba.fastjson.JSONObject airport.cargos.demo.web_common_demo.controller.ContrabandImageController.findById(airport.cargos.demo.web_common_demo.entity.ContrabandImage)
2024-11-21 16:10:10.425 INFO  [main] o.s.w.s.m.method.annotation.RequestMappingHandlerMapping [AbstractHandlerMethodMapping.java:543] -Mapped "{[/dataQuery/findByCondition]}" onto public com.alibaba.fastjson.JSONObject airport.cargos.demo.web_common_demo.controller.ContrabandImageController.findByCondition(airport.cargos.demo.web_common_demo.entity.ContrabandImage)
2024-11-21 16:10:10.425 INFO  [main] o.s.w.s.m.method.annotation.RequestMappingHandlerMapping [AbstractHandlerMethodMapping.java:543] -Mapped "{[/dataQuery/paginate]}" onto public com.alibaba.fastjson.JSONObject airport.cargos.demo.web_common_demo.controller.ContrabandImageController.findWithPagination(java.lang.String)
2024-11-21 16:10:10.425 INFO  [main] o.s.w.s.m.method.annotation.RequestMappingHandlerMapping [AbstractHandlerMethodMapping.java:543] -Mapped "{[/dataQuery/statistic]}" onto public com.alibaba.fastjson.JSONObject airport.cargos.demo.web_common_demo.controller.ContrabandImageController.countByCondition(airport.cargos.demo.web_common_demo.entity.ContrabandImage)
2024-11-21 16:10:10.425 INFO  [main] o.s.w.s.m.method.annotation.RequestMappingHandlerMapping [AbstractHandlerMethodMapping.java:543] -Mapped "{[/dataQuery/getImageByPath],produces=[image/jpeg]}" onto public byte[] airport.cargos.demo.web_common_demo.controller.ContrabandImageController.getImageByPath(java.lang.String,javax.servlet.http.HttpServletResponse)
2024-11-21 16:10:10.426 INFO  [main] o.s.w.s.m.method.annotation.RequestMappingHandlerMapping [AbstractHandlerMethodMapping.java:543] -Mapped "{[/cateSetting/updateStatus]}" onto public com.alibaba.fastjson.JSONObject airport.cargos.demo.web_common_demo.controller.DetectSetController.updateStatus(java.lang.Integer,java.lang.String,java.lang.Boolean)
2024-11-21 16:10:10.426 INFO  [main] o.s.w.s.m.method.annotation.RequestMappingHandlerMapping [AbstractHandlerMethodMapping.java:543] -Mapped "{[/cateSetting/select]}" onto public com.alibaba.fastjson.JSONObject airport.cargos.demo.web_common_demo.controller.DetectSetController.findCateList(int,int)
2024-11-21 16:10:10.426 INFO  [main] o.s.w.s.m.method.annotation.RequestMappingHandlerMapping [AbstractHandlerMethodMapping.java:543] -Mapped "{[/cateSetting/addCategory]}" onto public com.alibaba.fastjson.JSONObject airport.cargos.demo.web_common_demo.controller.DetectSetController.addCategory(java.lang.String,java.lang.String)
2024-11-21 16:10:10.426 INFO  [main] o.s.w.s.m.method.annotation.RequestMappingHandlerMapping [AbstractHandlerMethodMapping.java:543] -Mapped "{[/cateSetting/deleteCategory]}" onto public com.alibaba.fastjson.JSONObject airport.cargos.demo.web_common_demo.controller.DetectSetController.deleteCategory(int)
2024-11-21 16:10:10.426 INFO  [main] o.s.w.s.m.method.annotation.RequestMappingHandlerMapping [AbstractHandlerMethodMapping.java:543] -Mapped "{[/cateSetting/updateCategory]}" onto public com.alibaba.fastjson.JSONObject airport.cargos.demo.web_common_demo.controller.DetectSetController.updateCategory(int,java.lang.String,java.lang.String)
2024-11-21 16:10:10.428 INFO  [main] o.s.w.s.m.method.annotation.RequestMappingHandlerMapping [AbstractHandlerMethodMapping.java:543] -Mapped "{[/echo],methods=[GET]}" onto public java.lang.String airport.cargos.demo.web_common_demo.controller.EchoController.echo()
2024-11-21 16:10:10.428 INFO  [main] o.s.w.s.m.method.annotation.RequestMappingHandlerMapping [AbstractHandlerMethodMapping.java:543] -Mapped "{[/echoHelloWorld],methods=[POST]}" onto public com.alibaba.fastjson.JSONObject airport.cargos.demo.web_common_demo.controller.EchoController.echoHelloWorld()
2024-11-21 16:10:10.428 INFO  [main] o.s.w.s.m.method.annotation.RequestMappingHandlerMapping [AbstractHandlerMethodMapping.java:543] -Mapped "{[/generateImage]}" onto public com.alibaba.fastjson.JSONObject airport.cargos.demo.web_common_demo.controller.GenerateController.generateImage(org.springframework.web.multipart.MultipartFile,org.springframework.web.multipart.MultipartFile,java.lang.String)
2024-11-21 16:10:10.428 INFO  [main] o.s.w.s.m.method.annotation.RequestMappingHandlerMapping [AbstractHandlerMethodMapping.java:543] -Mapped "{[/realTimeVideo/videoStream]}" onto public byte[] airport.cargos.demo.web_common_demo.controller.RealTimeVideoController.play(int)
2024-11-21 16:10:10.429 INFO  [main] o.s.w.s.m.method.annotation.RequestMappingHandlerMapping [AbstractHandlerMethodMapping.java:543] -Mapped "{[/SystemConfiguration/getConfig]}" onto public com.alibaba.fastjson.JSONObject airport.cargos.demo.web_common_demo.controller.SystemConfigController.getConfig()
2024-11-21 16:10:10.429 INFO  [main] o.s.w.s.m.method.annotation.RequestMappingHandlerMapping [AbstractHandlerMethodMapping.java:543] -Mapped "{[/SystemConfiguration/capture]}" onto public com.alibaba.fastjson.JSONObject airport.cargos.demo.web_common_demo.controller.SystemConfigController.capture(airport.cargos.demo.web_common_demo.entity.SystemConfig)
2024-11-21 16:10:10.429 INFO  [main] o.s.w.s.m.method.annotation.RequestMappingHandlerMapping [AbstractHandlerMethodMapping.java:543] -Mapped "{[/SystemConfiguration/updateSaveTimes]}" onto public com.alibaba.fastjson.JSONObject airport.cargos.demo.web_common_demo.controller.SystemConfigController.updateSaveTimes(int)
2024-11-21 16:10:10.430 INFO  [main] o.s.w.s.m.method.annotation.RequestMappingHandlerMapping [AbstractHandlerMethodMapping.java:543] -Mapped "{[/SystemConfiguration/updateThreshold]}" onto public com.alibaba.fastjson.JSONObject airport.cargos.demo.web_common_demo.controller.SystemConfigController.updateThreshold(float)
2024-11-21 16:10:10.430 INFO  [main] o.s.w.s.m.method.annotation.RequestMappingHandlerMapping [AbstractHandlerMethodMapping.java:543] -Mapped "{[/SystemConfiguration/updateDetectStatus]}" onto public com.alibaba.fastjson.JSONObject airport.cargos.demo.web_common_demo.controller.SystemConfigController.updateDetectStatus(int)
2024-11-21 16:10:10.430 INFO  [main] o.s.w.s.m.method.annotation.RequestMappingHandlerMapping [AbstractHandlerMethodMapping.java:543] -Mapped "{[/SystemConfiguration/updateSource]}" onto public com.alibaba.fastjson.JSONObject airport.cargos.demo.web_common_demo.controller.SystemConfigController.updateSource(java.lang.String)
2024-11-21 16:10:10.430 INFO  [main] o.s.w.s.m.method.annotation.RequestMappingHandlerMapping [AbstractHandlerMethodMapping.java:543] -Mapped "{[/SystemConfiguration/changeInputType]}" onto public com.alibaba.fastjson.JSONObject airport.cargos.demo.web_common_demo.controller.SystemConfigController.changeInputType(int)
2024-11-21 16:10:10.430 INFO  [main] o.s.w.s.m.method.annotation.RequestMappingHandlerMapping [AbstractHandlerMethodMapping.java:543] -Mapped "{[/SystemConfiguration/saveInput]}" onto public com.alibaba.fastjson.JSONObject airport.cargos.demo.web_common_demo.controller.SystemConfigController.saveInput(airport.cargos.demo.web_common_demo.entity.SystemConfig)
2024-11-21 16:10:10.430 INFO  [main] o.s.w.s.m.method.annotation.RequestMappingHandlerMapping [AbstractHandlerMethodMapping.java:543] -Mapped "{[/SystemConfiguration/updateSaveStatus]}" onto public com.alibaba.fastjson.JSONObject airport.cargos.demo.web_common_demo.controller.SystemConfigController.updateSaveStatus(int)
2024-11-21 16:10:10.430 INFO  [main] o.s.w.s.m.method.annotation.RequestMappingHandlerMapping [AbstractHandlerMethodMapping.java:543] -Mapped "{[/userManager/user/findByName]}" onto public java.util.List<airport.cargos.demo.web_common_demo.entity.User> airport.cargos.demo.web_common_demo.controller.UserController.findByName(java.lang.String)
2024-11-21 16:10:10.431 INFO  [main] o.s.w.s.m.method.annotation.RequestMappingHandlerMapping [AbstractHandlerMethodMapping.java:543] -Mapped "{[/userManager/user/getUser]}" onto public com.alibaba.fastjson.JSONObject airport.cargos.demo.web_common_demo.controller.UserController.findById(com.alibaba.fastjson.JSONObject)
2024-11-21 16:10:10.431 INFO  [main] o.s.w.s.m.method.annotation.RequestMappingHandlerMapping [AbstractHandlerMethodMapping.java:543] -Mapped "{[/userManager/user/addUser]}" onto public com.alibaba.fastjson.JSONObject airport.cargos.demo.web_common_demo.controller.UserController.saveUser(com.alibaba.fastjson.JSONObject)
2024-11-21 16:10:10.431 INFO  [main] o.s.w.s.m.method.annotation.RequestMappingHandlerMapping [AbstractHandlerMethodMapping.java:543] -Mapped "{[/userManager/user/editUser_realName]}" onto public com.alibaba.fastjson.JSONObject airport.cargos.demo.web_common_demo.controller.UserController.updateUser_realName(com.alibaba.fastjson.JSONObject)
2024-11-21 16:10:10.431 INFO  [main] o.s.w.s.m.method.annotation.RequestMappingHandlerMapping [AbstractHandlerMethodMapping.java:543] -Mapped "{[/userManager/user/editUser_password]}" onto public com.alibaba.fastjson.JSONObject airport.cargos.demo.web_common_demo.controller.UserController.updateUser_password(com.alibaba.fastjson.JSONObject)
2024-11-21 16:10:10.431 INFO  [main] o.s.w.s.m.method.annotation.RequestMappingHandlerMapping [AbstractHandlerMethodMapping.java:543] -Mapped "{[/userManager/user/editUser]}" onto public com.alibaba.fastjson.JSONObject airport.cargos.demo.web_common_demo.controller.UserController.updateUser(com.alibaba.fastjson.JSONObject)
2024-11-21 16:10:10.431 INFO  [main] o.s.w.s.m.method.annotation.RequestMappingHandlerMapping [AbstractHandlerMethodMapping.java:543] -Mapped "{[/userManager/user/deleteUser]}" onto public com.alibaba.fastjson.JSONObject airport.cargos.demo.web_common_demo.controller.UserController.deleteUser(com.alibaba.fastjson.JSONObject)
2024-11-21 16:10:10.431 INFO  [main] o.s.w.s.m.method.annotation.RequestMappingHandlerMapping [AbstractHandlerMethodMapping.java:543] -Mapped "{[/userManager/user/getUserList]}" onto public com.alibaba.fastjson.JSONObject airport.cargos.demo.web_common_demo.controller.UserController.getUserList(java.lang.String,java.lang.String)
2024-11-21 16:10:10.431 INFO  [main] o.s.w.s.m.method.annotation.RequestMappingHandlerMapping [AbstractHandlerMethodMapping.java:543] -Mapped "{[/userManager/user/login]}" onto public com.alibaba.fastjson.JSONObject airport.cargos.demo.web_common_demo.controller.UserController.userLogin(com.alibaba.fastjson.JSONObject,javax.servlet.http.HttpServletResponse)
2024-11-21 16:10:10.431 INFO  [main] o.s.w.s.m.method.annotation.RequestMappingHandlerMapping [AbstractHandlerMethodMapping.java:543] -Mapped "{[/userManager/user/info]}" onto public com.alibaba.fastjson.JSONObject airport.cargos.demo.web_common_demo.controller.UserController.loginInfo(java.lang.String)
2024-11-21 16:10:10.431 INFO  [main] o.s.w.s.m.method.annotation.RequestMappingHandlerMapping [AbstractHandlerMethodMapping.java:543] -Mapped "{[/userManager/user/logout]}" onto public com.alibaba.fastjson.JSONObject airport.cargos.demo.web_common_demo.controller.UserController.logOut(com.alibaba.fastjson.JSONObject)
2024-11-21 16:10:10.431 INFO  [main] o.s.w.s.m.method.annotation.RequestMappingHandlerMapping [AbstractHandlerMethodMapping.java:543] -Mapped "{[/userManager/user/resetPassword]}" onto public com.alibaba.fastjson.JSONObject airport.cargos.demo.web_common_demo.controller.UserController.resetPassword(com.alibaba.fastjson.JSONObject)
2024-11-21 16:10:10.432 INFO  [main] o.s.w.s.m.method.annotation.RequestMappingHandlerMapping [AbstractHandlerMethodMapping.java:543] -Mapped "{[/video/delete]}" onto public com.alibaba.fastjson.JSONObject airport.cargos.demo.web_common_demo.controller.VideoModuleController.destroy(int)
2024-11-21 16:10:10.432 INFO  [main] o.s.w.s.m.method.annotation.RequestMappingHandlerMapping [AbstractHandlerMethodMapping.java:543] -Mapped "{[/video/getAll]}" onto public com.alibaba.fastjson.JSONObject airport.cargos.demo.web_common_demo.controller.VideoModuleController.list_all(int,int)
2024-11-21 16:10:10.432 INFO  [main] o.s.w.s.m.method.annotation.RequestMappingHandlerMapping [AbstractHandlerMethodMapping.java:543] -Mapped "{[/video/playVideo]}" onto public org.springframework.http.ResponseEntity<org.springframework.core.io.Resource> airport.cargos.demo.web_common_demo.controller.VideoModuleController.playVideo(java.lang.String,javax.servlet.http.HttpServletRequest,javax.servlet.http.HttpServletResponse) throws java.io.IOException
2024-11-21 16:10:10.432 INFO  [main] o.s.w.s.m.method.annotation.RequestMappingHandlerMapping [AbstractHandlerMethodMapping.java:543] -Mapped "{[/video/getVideo]}" onto public com.alibaba.fastjson.JSONObject airport.cargos.demo.web_common_demo.controller.VideoModuleController.conditional_query(java.lang.String,java.lang.String,java.lang.String,int,int)
2024-11-21 16:10:10.433 INFO  [main] o.s.w.s.m.method.annotation.RequestMappingHandlerMapping [AbstractHandlerMethodMapping.java:543] -Mapped "{[/swagger-resources/configuration/security]}" onto public org.springframework.http.ResponseEntity<springfox.documentation.swagger.web.SecurityConfiguration> springfox.documentation.swagger.web.ApiResourceController.securityConfiguration()
2024-11-21 16:10:10.433 INFO  [main] o.s.w.s.m.method.annotation.RequestMappingHandlerMapping [AbstractHandlerMethodMapping.java:543] -Mapped "{[/swagger-resources/configuration/ui]}" onto public org.springframework.http.ResponseEntity<springfox.documentation.swagger.web.UiConfiguration> springfox.documentation.swagger.web.ApiResourceController.uiConfiguration()
2024-11-21 16:10:10.434 INFO  [main] o.s.w.s.m.method.annotation.RequestMappingHandlerMapping [AbstractHandlerMethodMapping.java:543] -Mapped "{[/swagger-resources]}" onto public org.springframework.http.ResponseEntity<java.util.List<springfox.documentation.swagger.web.SwaggerResource>> springfox.documentation.swagger.web.ApiResourceController.swaggerResources()
2024-11-21 16:10:10.434 INFO  [main] o.s.w.s.m.method.annotation.RequestMappingHandlerMapping [AbstractHandlerMethodMapping.java:543] -Mapped "{[/error]}" onto public org.springframework.http.ResponseEntity<java.util.Map<java.lang.String, java.lang.Object>> org.springframework.boot.autoconfigure.web.BasicErrorController.error(javax.servlet.http.HttpServletRequest)
2024-11-21 16:10:10.434 INFO  [main] o.s.w.s.m.method.annotation.RequestMappingHandlerMapping [AbstractHandlerMethodMapping.java:543] -Mapped "{[/error],produces=[text/html]}" onto public org.springframework.web.servlet.ModelAndView org.springframework.boot.autoconfigure.web.BasicErrorController.errorHtml(javax.servlet.http.HttpServletRequest,javax.servlet.http.HttpServletResponse)
2024-11-21 16:10:10.501 INFO  [main] s.d.s.web.PropertySourcedRequestMappingHandlerMapping [PropertySourcedRequestMappingHandlerMapping.java:69] -Mapped URL path [/v2/api-docs] onto method [public org.springframework.http.ResponseEntity<springfox.documentation.spring.web.json.Json> springfox.documentation.swagger2.web.Swagger2Controller.getDocumentation(java.lang.String,javax.servlet.http.HttpServletRequest)]
2024-11-21 16:10:10.591 INFO  [main] o.s.w.s.m.method.annotation.RequestMappingHandlerAdapter [RequestMappingHandlerAdapter.java:534] -Looking for @ControllerAdvice: org.springframework.boot.context.embedded.AnnotationConfigEmbeddedWebApplicationContext@53976f5c: startup date [Thu Nov 21 16:10:08 CST 2024]; root of context hierarchy
2024-11-21 16:10:10.613 INFO  [main] o.s.web.servlet.handler.SimpleUrlHandlerMapping [AbstractUrlHandlerMapping.java:362] -Mapped URL path [/webjars/**] onto handler of type [class org.springframework.web.servlet.resource.ResourceHttpRequestHandler]
2024-11-21 16:10:10.613 INFO  [main] o.s.web.servlet.handler.SimpleUrlHandlerMapping [AbstractUrlHandlerMapping.java:362] -Mapped URL path [/**] onto handler of type [class org.springframework.web.servlet.resource.ResourceHttpRequestHandler]
2024-11-21 16:10:10.628 INFO  [main] o.s.web.servlet.handler.SimpleUrlHandlerMapping [AbstractUrlHandlerMapping.java:362] -Mapped URL path [/**/favicon.ico] onto handler of type [class org.springframework.web.servlet.resource.ResourceHttpRequestHandler]
2024-11-21 16:10:10.769 INFO  [main] o.s.b.a.w.WebMvcAutoConfiguration$WelcomePageHandlerMapping [WebMvcAutoConfiguration.java:549] -Adding welcome page: class path resource [static/index.html]
2024-11-21 16:10:10.865 INFO  [main] o.s.jmx.export.annotation.AnnotationMBeanExporter [MBeanExporter.java:431] -Registering beans for JMX exposure on startup
2024-11-21 16:10:10.868 INFO  [main] o.s.context.support.DefaultLifecycleProcessor [DefaultLifecycleProcessor.java:343] -Starting beans in phase 2147483647
2024-11-21 16:10:10.869 INFO  [main] s.d.spring.web.plugins.DocumentationPluginsBootstrapper [DocumentationPluginsBootstrapper.java:160] -Context refreshed
2024-11-21 16:10:10.876 INFO  [main] s.d.spring.web.plugins.DocumentationPluginsBootstrapper [DocumentationPluginsBootstrapper.java:163] -Found 1 custom documentation plugin(s)
2024-11-21 16:10:10.885 INFO  [main] s.d.spring.web.scanners.ApiListingReferenceScanner [ApiListingReferenceScanner.java:41] -Scanning for api listing references
2024-11-21 16:10:10.977 INFO  [main] s.d.s.w.readers.operation.CachingOperationNameGenerator [CachingOperationNameGenerator.java:40] -Generating unique operation named: findByIdUsingGET_1
2024-11-21 16:10:10.977 INFO  [main] s.d.s.w.readers.operation.CachingOperationNameGenerator [CachingOperationNameGenerator.java:40] -Generating unique operation named: findByIdUsingHEAD_1
2024-11-21 16:10:10.977 INFO  [main] s.d.s.w.readers.operation.CachingOperationNameGenerator [CachingOperationNameGenerator.java:40] -Generating unique operation named: findByIdUsingPOST_1
2024-11-21 16:10:10.978 INFO  [main] s.d.s.w.readers.operation.CachingOperationNameGenerator [CachingOperationNameGenerator.java:40] -Generating unique operation named: findByIdUsingPUT_1
2024-11-21 16:10:10.978 INFO  [main] s.d.s.w.readers.operation.CachingOperationNameGenerator [CachingOperationNameGenerator.java:40] -Generating unique operation named: findByIdUsingPATCH_1
2024-11-21 16:10:10.978 INFO  [main] s.d.s.w.readers.operation.CachingOperationNameGenerator [CachingOperationNameGenerator.java:40] -Generating unique operation named: findByIdUsingDELETE_1
2024-11-21 16:10:10.978 INFO  [main] s.d.s.w.readers.operation.CachingOperationNameGenerator [CachingOperationNameGenerator.java:40] -Generating unique operation named: findByIdUsingOPTIONS_1
2024-11-21 16:10:10.978 INFO  [main] s.d.s.w.readers.operation.CachingOperationNameGenerator [CachingOperationNameGenerator.java:40] -Generating unique operation named: findByIdUsingTRACE_1
2024-11-21 16:10:11.006 INFO  [main] org.apache.coyote.http11.Http11NioProtocol [DirectJDKLog.java:179] -Initializing ProtocolHandler ["http-nio-9000"]
2024-11-21 16:10:11.010 INFO  [main] org.apache.coyote.http11.Http11NioProtocol [DirectJDKLog.java:179] -Starting ProtocolHandler ["http-nio-9000"]
2024-11-21 16:10:11.075 INFO  [main] org.apache.tomcat.util.net.NioSelectorPool [DirectJDKLog.java:179] -Using a shared selector for servlet write/read
2024-11-21 16:10:11.082 INFO  [main] o.s.b.c.embedded.tomcat.TomcatEmbeddedServletContainer [TomcatEmbeddedServletContainer.java:201] -Tomcat started on port(s): 9000 (http)
2024-11-21 16:10:11.084 INFO  [main] airport.cargos.demo.web_common_demo.Bootstrap [StartupInfoLogger.java:57] -Started Bootstrap in 2.506 seconds (JVM running for 2.843)
2024-11-21 16:10:11.089 INFO  [main] airport.cargos.demo.web_common_demo.common.ThreadData [ThreadData.java:62] -SystemConfig{input_type=1, source=/home/airport/installer/6号采集视频_13号机.mp4, input_view=1, points=[[I@649009d6], threshold=0.6, detected_status=0, save_status=0, image_path='../data/images/', video_path='../data/videos/', detect_url='http://127.0.0.1:8000/detect', synthesis_url='http://127.0.0.1:8081/', save_time=1, last_labels=10, scale=2, frame_rate=10, sample_rate=5, video_save_time=2, image_save_time=7}
2024-11-21 16:10:20.103 INFO  [Thread-8] o.s.b.c.e.AnnotationConfigEmbeddedWebApplicationContext [AbstractApplicationContext.java:984] -Closing org.springframework.boot.context.embedded.AnnotationConfigEmbeddedWebApplicationContext@53976f5c: startup date [Thu Nov 21 16:10:08 CST 2024]; root of context hierarchy
2024-11-21 16:10:20.107 INFO  [Thread-8] o.s.context.support.DefaultLifecycleProcessor [DefaultLifecycleProcessor.java:358] -Stopping beans in phase 2147483647
2024-11-21 16:10:20.108 INFO  [Thread-8] o.s.jmx.export.annotation.AnnotationMBeanExporter [MBeanExporter.java:449] -Unregistering JMX-exposed beans on shutdown
2024-11-21 16:10:20.110 INFO  [Thread-8] o.s.orm.jpa.LocalContainerEntityManagerFactoryBean [AbstractEntityManagerFactoryBean.java:548] -Closing JPA EntityManagerFactory for persistence unit 'default'
2024-11-21 16:10:46.914 INFO  [main] airport.cargos.demo.web_common_demo.Bootstrap [StartupInfoLogger.java:48] -Starting Bootstrap on airport-B760M-DS3H with PID 28096 (/home/airport/installer/airport_logistics/web_common_demo-1.0.0-SNAPSHOT.jar started by airport in /home/airport/installer/airport_logistics)
2024-11-21 16:10:46.915 INFO  [main] airport.cargos.demo.web_common_demo.Bootstrap [SpringApplication.java:593] -No active profile set, falling back to default profiles: default
2024-11-21 16:10:46.982 INFO  [main] o.s.b.c.e.AnnotationConfigEmbeddedWebApplicationContext [AbstractApplicationContext.java:583] -Refreshing org.springframework.boot.context.embedded.AnnotationConfigEmbeddedWebApplicationContext@53976f5c: startup date [Thu Nov 21 16:10:46 CST 2024]; root of context hierarchy
2024-11-21 16:10:47.036 INFO  [background-preinit] org.hibernate.validator.internal.util.Version [Version.java:30] -HV000001: Hibernate Validator 5.3.5.Final
2024-11-21 16:10:47.354 WARN  [main] o.s.context.annotation.ConfigurationClassPostProcessor [ConfigurationClassPostProcessor.java:373] -Cannot enhance @Configuration bean definition 'propertySourcesPlaceholderConfigurer' since its singleton instance has been created too early. The typical cause is a non-static @Bean method with a BeanDefinitionRegistryPostProcessor return type: Consider declaring such methods as 'static'.
2024-11-21 16:10:47.510 INFO  [main] o.s.c.s.PostProcessorRegistrationDelegate$BeanPostProcessorChecker [PostProcessorRegistrationDelegate.java:325] -Bean 'org.springframework.transaction.annotation.ProxyTransactionManagementConfiguration' of type [org.springframework.transaction.annotation.ProxyTransactionManagementConfiguration$$EnhancerBySpringCGLIB$$22ef58f8] is not eligible for getting processed by all BeanPostProcessors (for example: not eligible for auto-proxying)
2024-11-21 16:10:47.672 INFO  [main] o.s.b.c.embedded.tomcat.TomcatEmbeddedServletContainer [TomcatEmbeddedServletContainer.java:89] -Tomcat initialized with port(s): 9000 (http)
2024-11-21 16:10:47.676 INFO  [main] org.apache.catalina.core.StandardService [DirectJDKLog.java:179] -Starting service [Tomcat]
2024-11-21 16:10:47.676 INFO  [main] org.apache.catalina.core.StandardEngine [DirectJDKLog.java:179] -Starting Servlet Engine: Apache Tomcat/8.5.16
2024-11-21 16:10:47.714 INFO  [localhost-startStop-1] o.a.catalina.core.ContainerBase.[Tomcat].[localhost].[/] [DirectJDKLog.java:179] -Initializing Spring embedded WebApplicationContext
2024-11-21 16:10:47.714 INFO  [localhost-startStop-1] org.springframework.web.context.ContextLoader [EmbeddedWebApplicationContext.java:276] -Root WebApplicationContext: initialization completed in 732 ms
2024-11-21 16:10:47.763 INFO  [localhost-startStop-1] o.s.boot.web.servlet.ServletRegistrationBean [ServletRegistrationBean.java:190] -Mapping servlet: 'dispatcherServlet' to [/]
2024-11-21 16:10:47.765 INFO  [localhost-startStop-1] o.s.boot.web.servlet.FilterRegistrationBean [AbstractFilterRegistrationBean.java:258] -Mapping filter: 'characterEncodingFilter' to: [/*]
2024-11-21 16:10:47.765 INFO  [localhost-startStop-1] o.s.boot.web.servlet.FilterRegistrationBean [AbstractFilterRegistrationBean.java:258] -Mapping filter: 'hiddenHttpMethodFilter' to: [/*]
2024-11-21 16:10:47.765 INFO  [localhost-startStop-1] o.s.boot.web.servlet.FilterRegistrationBean [AbstractFilterRegistrationBean.java:258] -Mapping filter: 'httpPutFormContentFilter' to: [/*]
2024-11-21 16:10:47.765 INFO  [localhost-startStop-1] o.s.boot.web.servlet.FilterRegistrationBean [AbstractFilterRegistrationBean.java:258] -Mapping filter: 'requestContextFilter' to: [/*]
2024-11-21 16:10:48.135 INFO  [main] o.s.orm.jpa.LocalContainerEntityManagerFactoryBean [LocalContainerEntityManagerFactoryBean.java:349] -Building JPA container EntityManagerFactory for persistence unit 'default'
2024-11-21 16:10:48.141 INFO  [main] org.hibernate.jpa.internal.util.LogHelper [LogHelper.java:31] -HHH000204: Processing PersistenceUnitInfo [
	name: default
	...]
2024-11-21 16:10:48.166 INFO  [main] org.hibernate.Version [Version.java:37] -HHH000412: Hibernate Core {5.0.12.Final}
2024-11-21 16:10:48.167 INFO  [main] org.hibernate.cfg.Environment [Environment.java:213] -HHH000206: hibernate.properties not found
2024-11-21 16:10:48.168 INFO  [main] org.hibernate.cfg.Environment [Environment.java:317] -HHH000021: Bytecode provider name : javassist
2024-11-21 16:10:48.184 INFO  [main] org.hibernate.annotations.common.Version [JavaReflectionManager.java:66] -HCANN000001: Hibernate Commons Annotations {5.0.1.Final}
2024-11-21 16:10:48.216 INFO  [main] org.hibernate.dialect.Dialect [Dialect.java:156] -HHH000400: Using dialect: org.hibernate.dialect.MySQL5Dialect
2024-11-21 16:10:48.314 INFO  [main] o.s.orm.jpa.LocalContainerEntityManagerFactoryBean [AbstractEntityManagerFactoryBean.java:379] -Initialized JPA EntityManagerFactory for persistence unit 'default'
2024-11-21 16:10:48.613 INFO  [main] o.s.w.s.m.method.annotation.RequestMappingHandlerMapping [AbstractHandlerMethodMapping.java:543] -Mapped "{[/dataQuery/findAll]}" onto public java.util.List<airport.cargos.demo.web_common_demo.entity.ContrabandImage> airport.cargos.demo.web_common_demo.controller.ContrabandImageController.findAll()
2024-11-21 16:10:48.614 INFO  [main] o.s.w.s.m.method.annotation.RequestMappingHandlerMapping [AbstractHandlerMethodMapping.java:543] -Mapped "{[/dataQuery/saveContrabandImage]}" onto public com.alibaba.fastjson.JSONObject airport.cargos.demo.web_common_demo.controller.ContrabandImageController.saveContrabandImage(airport.cargos.demo.web_common_demo.entity.ContrabandImage)
2024-11-21 16:10:48.614 INFO  [main] o.s.w.s.m.method.annotation.RequestMappingHandlerMapping [AbstractHandlerMethodMapping.java:543] -Mapped "{[/dataQuery/updateContrabandImage]}" onto public com.alibaba.fastjson.JSONObject airport.cargos.demo.web_common_demo.controller.ContrabandImageController.updateContrabandImage(airport.cargos.demo.web_common_demo.entity.ContrabandImage)
2024-11-21 16:10:48.614 INFO  [main] o.s.w.s.m.method.annotation.RequestMappingHandlerMapping [AbstractHandlerMethodMapping.java:543] -Mapped "{[/dataQuery/delete]}" onto public com.alibaba.fastjson.JSONObject airport.cargos.demo.web_common_demo.controller.ContrabandImageController.deleteContrabandImage(java.util.List<java.lang.Integer>)
2024-11-21 16:10:48.614 INFO  [main] o.s.w.s.m.method.annotation.RequestMappingHandlerMapping [AbstractHandlerMethodMapping.java:543] -Mapped "{[/dataQuery/findById]}" onto public com.alibaba.fastjson.JSONObject airport.cargos.demo.web_common_demo.controller.ContrabandImageController.findById(airport.cargos.demo.web_common_demo.entity.ContrabandImage)
2024-11-21 16:10:48.614 INFO  [main] o.s.w.s.m.method.annotation.RequestMappingHandlerMapping [AbstractHandlerMethodMapping.java:543] -Mapped "{[/dataQuery/findByCondition]}" onto public com.alibaba.fastjson.JSONObject airport.cargos.demo.web_common_demo.controller.ContrabandImageController.findByCondition(airport.cargos.demo.web_common_demo.entity.ContrabandImage)
2024-11-21 16:10:48.614 INFO  [main] o.s.w.s.m.method.annotation.RequestMappingHandlerMapping [AbstractHandlerMethodMapping.java:543] -Mapped "{[/dataQuery/paginate]}" onto public com.alibaba.fastjson.JSONObject airport.cargos.demo.web_common_demo.controller.ContrabandImageController.findWithPagination(java.lang.String)
2024-11-21 16:10:48.614 INFO  [main] o.s.w.s.m.method.annotation.RequestMappingHandlerMapping [AbstractHandlerMethodMapping.java:543] -Mapped "{[/dataQuery/statistic]}" onto public com.alibaba.fastjson.JSONObject airport.cargos.demo.web_common_demo.controller.ContrabandImageController.countByCondition(airport.cargos.demo.web_common_demo.entity.ContrabandImage)
2024-11-21 16:10:48.614 INFO  [main] o.s.w.s.m.method.annotation.RequestMappingHandlerMapping [AbstractHandlerMethodMapping.java:543] -Mapped "{[/dataQuery/getImageByPath],produces=[image/jpeg]}" onto public byte[] airport.cargos.demo.web_common_demo.controller.ContrabandImageController.getImageByPath(java.lang.String,javax.servlet.http.HttpServletResponse)
2024-11-21 16:10:48.615 INFO  [main] o.s.w.s.m.method.annotation.RequestMappingHandlerMapping [AbstractHandlerMethodMapping.java:543] -Mapped "{[/cateSetting/updateStatus]}" onto public com.alibaba.fastjson.JSONObject airport.cargos.demo.web_common_demo.controller.DetectSetController.updateStatus(java.lang.Integer,java.lang.String,java.lang.Boolean)
2024-11-21 16:10:48.615 INFO  [main] o.s.w.s.m.method.annotation.RequestMappingHandlerMapping [AbstractHandlerMethodMapping.java:543] -Mapped "{[/cateSetting/updateCategory]}" onto public com.alibaba.fastjson.JSONObject airport.cargos.demo.web_common_demo.controller.DetectSetController.updateCategory(int,java.lang.String,java.lang.String)
2024-11-21 16:10:48.615 INFO  [main] o.s.w.s.m.method.annotation.RequestMappingHandlerMapping [AbstractHandlerMethodMapping.java:543] -Mapped "{[/cateSetting/select]}" onto public com.alibaba.fastjson.JSONObject airport.cargos.demo.web_common_demo.controller.DetectSetController.findCateList(int,int)
2024-11-21 16:10:48.615 INFO  [main] o.s.w.s.m.method.annotation.RequestMappingHandlerMapping [AbstractHandlerMethodMapping.java:543] -Mapped "{[/cateSetting/addCategory]}" onto public com.alibaba.fastjson.JSONObject airport.cargos.demo.web_common_demo.controller.DetectSetController.addCategory(java.lang.String,java.lang.String)
2024-11-21 16:10:48.615 INFO  [main] o.s.w.s.m.method.annotation.RequestMappingHandlerMapping [AbstractHandlerMethodMapping.java:543] -Mapped "{[/cateSetting/deleteCategory]}" onto public com.alibaba.fastjson.JSONObject airport.cargos.demo.web_common_demo.controller.DetectSetController.deleteCategory(int)
2024-11-21 16:10:48.617 INFO  [main] o.s.w.s.m.method.annotation.RequestMappingHandlerMapping [AbstractHandlerMethodMapping.java:543] -Mapped "{[/echo],methods=[GET]}" onto public java.lang.String airport.cargos.demo.web_common_demo.controller.EchoController.echo()
2024-11-21 16:10:48.617 INFO  [main] o.s.w.s.m.method.annotation.RequestMappingHandlerMapping [AbstractHandlerMethodMapping.java:543] -Mapped "{[/echoHelloWorld],methods=[POST]}" onto public com.alibaba.fastjson.JSONObject airport.cargos.demo.web_common_demo.controller.EchoController.echoHelloWorld()
2024-11-21 16:10:48.617 INFO  [main] o.s.w.s.m.method.annotation.RequestMappingHandlerMapping [AbstractHandlerMethodMapping.java:543] -Mapped "{[/generateImage]}" onto public com.alibaba.fastjson.JSONObject airport.cargos.demo.web_common_demo.controller.GenerateController.generateImage(org.springframework.web.multipart.MultipartFile,org.springframework.web.multipart.MultipartFile,java.lang.String)
2024-11-21 16:10:48.617 INFO  [main] o.s.w.s.m.method.annotation.RequestMappingHandlerMapping [AbstractHandlerMethodMapping.java:543] -Mapped "{[/realTimeVideo/videoStream]}" onto public byte[] airport.cargos.demo.web_common_demo.controller.RealTimeVideoController.play(int)
2024-11-21 16:10:48.618 INFO  [main] o.s.w.s.m.method.annotation.RequestMappingHandlerMapping [AbstractHandlerMethodMapping.java:543] -Mapped "{[/SystemConfiguration/getConfig]}" onto public com.alibaba.fastjson.JSONObject airport.cargos.demo.web_common_demo.controller.SystemConfigController.getConfig()
2024-11-21 16:10:48.619 INFO  [main] o.s.w.s.m.method.annotation.RequestMappingHandlerMapping [AbstractHandlerMethodMapping.java:543] -Mapped "{[/SystemConfiguration/capture]}" onto public com.alibaba.fastjson.JSONObject airport.cargos.demo.web_common_demo.controller.SystemConfigController.capture(airport.cargos.demo.web_common_demo.entity.SystemConfig)
2024-11-21 16:10:48.619 INFO  [main] o.s.w.s.m.method.annotation.RequestMappingHandlerMapping [AbstractHandlerMethodMapping.java:543] -Mapped "{[/SystemConfiguration/updateSaveTimes]}" onto public com.alibaba.fastjson.JSONObject airport.cargos.demo.web_common_demo.controller.SystemConfigController.updateSaveTimes(int)
2024-11-21 16:10:48.619 INFO  [main] o.s.w.s.m.method.annotation.RequestMappingHandlerMapping [AbstractHandlerMethodMapping.java:543] -Mapped "{[/SystemConfiguration/updateThreshold]}" onto public com.alibaba.fastjson.JSONObject airport.cargos.demo.web_common_demo.controller.SystemConfigController.updateThreshold(float)
2024-11-21 16:10:48.619 INFO  [main] o.s.w.s.m.method.annotation.RequestMappingHandlerMapping [AbstractHandlerMethodMapping.java:543] -Mapped "{[/SystemConfiguration/saveInput]}" onto public com.alibaba.fastjson.JSONObject airport.cargos.demo.web_common_demo.controller.SystemConfigController.saveInput(airport.cargos.demo.web_common_demo.entity.SystemConfig)
2024-11-21 16:10:48.619 INFO  [main] o.s.w.s.m.method.annotation.RequestMappingHandlerMapping [AbstractHandlerMethodMapping.java:543] -Mapped "{[/SystemConfiguration/updateSaveStatus]}" onto public com.alibaba.fastjson.JSONObject airport.cargos.demo.web_common_demo.controller.SystemConfigController.updateSaveStatus(int)
2024-11-21 16:10:48.619 INFO  [main] o.s.w.s.m.method.annotation.RequestMappingHandlerMapping [AbstractHandlerMethodMapping.java:543] -Mapped "{[/SystemConfiguration/updateDetectStatus]}" onto public com.alibaba.fastjson.JSONObject airport.cargos.demo.web_common_demo.controller.SystemConfigController.updateDetectStatus(int)
2024-11-21 16:10:48.619 INFO  [main] o.s.w.s.m.method.annotation.RequestMappingHandlerMapping [AbstractHandlerMethodMapping.java:543] -Mapped "{[/SystemConfiguration/updateSource]}" onto public com.alibaba.fastjson.JSONObject airport.cargos.demo.web_common_demo.controller.SystemConfigController.updateSource(java.lang.String)
2024-11-21 16:10:48.619 INFO  [main] o.s.w.s.m.method.annotation.RequestMappingHandlerMapping [AbstractHandlerMethodMapping.java:543] -Mapped "{[/SystemConfiguration/changeInputType]}" onto public com.alibaba.fastjson.JSONObject airport.cargos.demo.web_common_demo.controller.SystemConfigController.changeInputType(int)
2024-11-21 16:10:48.620 INFO  [main] o.s.w.s.m.method.annotation.RequestMappingHandlerMapping [AbstractHandlerMethodMapping.java:543] -Mapped "{[/userManager/user/findByName]}" onto public java.util.List<airport.cargos.demo.web_common_demo.entity.User> airport.cargos.demo.web_common_demo.controller.UserController.findByName(java.lang.String)
2024-11-21 16:10:48.620 INFO  [main] o.s.w.s.m.method.annotation.RequestMappingHandlerMapping [AbstractHandlerMethodMapping.java:543] -Mapped "{[/userManager/user/getUser]}" onto public com.alibaba.fastjson.JSONObject airport.cargos.demo.web_common_demo.controller.UserController.findById(com.alibaba.fastjson.JSONObject)
2024-11-21 16:10:48.620 INFO  [main] o.s.w.s.m.method.annotation.RequestMappingHandlerMapping [AbstractHandlerMethodMapping.java:543] -Mapped "{[/userManager/user/addUser]}" onto public com.alibaba.fastjson.JSONObject airport.cargos.demo.web_common_demo.controller.UserController.saveUser(com.alibaba.fastjson.JSONObject)
2024-11-21 16:10:48.620 INFO  [main] o.s.w.s.m.method.annotation.RequestMappingHandlerMapping [AbstractHandlerMethodMapping.java:543] -Mapped "{[/userManager/user/editUser_realName]}" onto public com.alibaba.fastjson.JSONObject airport.cargos.demo.web_common_demo.controller.UserController.updateUser_realName(com.alibaba.fastjson.JSONObject)
2024-11-21 16:10:48.620 INFO  [main] o.s.w.s.m.method.annotation.RequestMappingHandlerMapping [AbstractHandlerMethodMapping.java:543] -Mapped "{[/userManager/user/editUser_password]}" onto public com.alibaba.fastjson.JSONObject airport.cargos.demo.web_common_demo.controller.UserController.updateUser_password(com.alibaba.fastjson.JSONObject)
2024-11-21 16:10:48.620 INFO  [main] o.s.w.s.m.method.annotation.RequestMappingHandlerMapping [AbstractHandlerMethodMapping.java:543] -Mapped "{[/userManager/user/editUser]}" onto public com.alibaba.fastjson.JSONObject airport.cargos.demo.web_common_demo.controller.UserController.updateUser(com.alibaba.fastjson.JSONObject)
2024-11-21 16:10:48.620 INFO  [main] o.s.w.s.m.method.annotation.RequestMappingHandlerMapping [AbstractHandlerMethodMapping.java:543] -Mapped "{[/userManager/user/deleteUser]}" onto public com.alibaba.fastjson.JSONObject airport.cargos.demo.web_common_demo.controller.UserController.deleteUser(com.alibaba.fastjson.JSONObject)
2024-11-21 16:10:48.620 INFO  [main] o.s.w.s.m.method.annotation.RequestMappingHandlerMapping [AbstractHandlerMethodMapping.java:543] -Mapped "{[/userManager/user/getUserList]}" onto public com.alibaba.fastjson.JSONObject airport.cargos.demo.web_common_demo.controller.UserController.getUserList(java.lang.String,java.lang.String)
2024-11-21 16:10:48.621 INFO  [main] o.s.w.s.m.method.annotation.RequestMappingHandlerMapping [AbstractHandlerMethodMapping.java:543] -Mapped "{[/userManager/user/login]}" onto public com.alibaba.fastjson.JSONObject airport.cargos.demo.web_common_demo.controller.UserController.userLogin(com.alibaba.fastjson.JSONObject,javax.servlet.http.HttpServletResponse)
2024-11-21 16:10:48.621 INFO  [main] o.s.w.s.m.method.annotation.RequestMappingHandlerMapping [AbstractHandlerMethodMapping.java:543] -Mapped "{[/userManager/user/info]}" onto public com.alibaba.fastjson.JSONObject airport.cargos.demo.web_common_demo.controller.UserController.loginInfo(java.lang.String)
2024-11-21 16:10:48.621 INFO  [main] o.s.w.s.m.method.annotation.RequestMappingHandlerMapping [AbstractHandlerMethodMapping.java:543] -Mapped "{[/userManager/user/logout]}" onto public com.alibaba.fastjson.JSONObject airport.cargos.demo.web_common_demo.controller.UserController.logOut(com.alibaba.fastjson.JSONObject)
2024-11-21 16:10:48.621 INFO  [main] o.s.w.s.m.method.annotation.RequestMappingHandlerMapping [AbstractHandlerMethodMapping.java:543] -Mapped "{[/userManager/user/resetPassword]}" onto public com.alibaba.fastjson.JSONObject airport.cargos.demo.web_common_demo.controller.UserController.resetPassword(com.alibaba.fastjson.JSONObject)
2024-11-21 16:10:48.621 INFO  [main] o.s.w.s.m.method.annotation.RequestMappingHandlerMapping [AbstractHandlerMethodMapping.java:543] -Mapped "{[/video/delete]}" onto public com.alibaba.fastjson.JSONObject airport.cargos.demo.web_common_demo.controller.VideoModuleController.destroy(int)
2024-11-21 16:10:48.621 INFO  [main] o.s.w.s.m.method.annotation.RequestMappingHandlerMapping [AbstractHandlerMethodMapping.java:543] -Mapped "{[/video/getVideo]}" onto public com.alibaba.fastjson.JSONObject airport.cargos.demo.web_common_demo.controller.VideoModuleController.conditional_query(java.lang.String,java.lang.String,java.lang.String,int,int)
2024-11-21 16:10:48.621 INFO  [main] o.s.w.s.m.method.annotation.RequestMappingHandlerMapping [AbstractHandlerMethodMapping.java:543] -Mapped "{[/video/getAll]}" onto public com.alibaba.fastjson.JSONObject airport.cargos.demo.web_common_demo.controller.VideoModuleController.list_all(int,int)
2024-11-21 16:10:48.621 INFO  [main] o.s.w.s.m.method.annotation.RequestMappingHandlerMapping [AbstractHandlerMethodMapping.java:543] -Mapped "{[/video/playVideo]}" onto public org.springframework.http.ResponseEntity<org.springframework.core.io.Resource> airport.cargos.demo.web_common_demo.controller.VideoModuleController.playVideo(java.lang.String,javax.servlet.http.HttpServletRequest,javax.servlet.http.HttpServletResponse) throws java.io.IOException
2024-11-21 16:10:48.622 INFO  [main] o.s.w.s.m.method.annotation.RequestMappingHandlerMapping [AbstractHandlerMethodMapping.java:543] -Mapped "{[/swagger-resources/configuration/security]}" onto public org.springframework.http.ResponseEntity<springfox.documentation.swagger.web.SecurityConfiguration> springfox.documentation.swagger.web.ApiResourceController.securityConfiguration()
2024-11-21 16:10:48.623 INFO  [main] o.s.w.s.m.method.annotation.RequestMappingHandlerMapping [AbstractHandlerMethodMapping.java:543] -Mapped "{[/swagger-resources/configuration/ui]}" onto public org.springframework.http.ResponseEntity<springfox.documentation.swagger.web.UiConfiguration> springfox.documentation.swagger.web.ApiResourceController.uiConfiguration()
2024-11-21 16:10:48.623 INFO  [main] o.s.w.s.m.method.annotation.RequestMappingHandlerMapping [AbstractHandlerMethodMapping.java:543] -Mapped "{[/swagger-resources]}" onto public org.springframework.http.ResponseEntity<java.util.List<springfox.documentation.swagger.web.SwaggerResource>> springfox.documentation.swagger.web.ApiResourceController.swaggerResources()
2024-11-21 16:10:48.624 INFO  [main] o.s.w.s.m.method.annotation.RequestMappingHandlerMapping [AbstractHandlerMethodMapping.java:543] -Mapped "{[/error]}" onto public org.springframework.http.ResponseEntity<java.util.Map<java.lang.String, java.lang.Object>> org.springframework.boot.autoconfigure.web.BasicErrorController.error(javax.servlet.http.HttpServletRequest)
2024-11-21 16:10:48.624 INFO  [main] o.s.w.s.m.method.annotation.RequestMappingHandlerMapping [AbstractHandlerMethodMapping.java:543] -Mapped "{[/error],produces=[text/html]}" onto public org.springframework.web.servlet.ModelAndView org.springframework.boot.autoconfigure.web.BasicErrorController.errorHtml(javax.servlet.http.HttpServletRequest,javax.servlet.http.HttpServletResponse)
2024-11-21 16:10:48.698 INFO  [main] s.d.s.web.PropertySourcedRequestMappingHandlerMapping [PropertySourcedRequestMappingHandlerMapping.java:69] -Mapped URL path [/v2/api-docs] onto method [public org.springframework.http.ResponseEntity<springfox.documentation.spring.web.json.Json> springfox.documentation.swagger2.web.Swagger2Controller.getDocumentation(java.lang.String,javax.servlet.http.HttpServletRequest)]
2024-11-21 16:10:48.808 INFO  [main] o.s.w.s.m.method.annotation.RequestMappingHandlerAdapter [RequestMappingHandlerAdapter.java:534] -Looking for @ControllerAdvice: org.springframework.boot.context.embedded.AnnotationConfigEmbeddedWebApplicationContext@53976f5c: startup date [Thu Nov 21 16:10:46 CST 2024]; root of context hierarchy
2024-11-21 16:10:48.840 INFO  [main] o.s.web.servlet.handler.SimpleUrlHandlerMapping [AbstractUrlHandlerMapping.java:362] -Mapped URL path [/webjars/**] onto handler of type [class org.springframework.web.servlet.resource.ResourceHttpRequestHandler]
2024-11-21 16:10:48.840 INFO  [main] o.s.web.servlet.handler.SimpleUrlHandlerMapping [AbstractUrlHandlerMapping.java:362] -Mapped URL path [/**] onto handler of type [class org.springframework.web.servlet.resource.ResourceHttpRequestHandler]
2024-11-21 16:10:48.856 INFO  [main] o.s.web.servlet.handler.SimpleUrlHandlerMapping [AbstractUrlHandlerMapping.java:362] -Mapped URL path [/**/favicon.ico] onto handler of type [class org.springframework.web.servlet.resource.ResourceHttpRequestHandler]
2024-11-21 16:10:48.976 INFO  [main] o.s.b.a.w.WebMvcAutoConfiguration$WelcomePageHandlerMapping [WebMvcAutoConfiguration.java:549] -Adding welcome page: class path resource [static/index.html]
2024-11-21 16:10:49.080 INFO  [main] o.s.jmx.export.annotation.AnnotationMBeanExporter [MBeanExporter.java:431] -Registering beans for JMX exposure on startup
2024-11-21 16:10:49.083 INFO  [main] o.s.context.support.DefaultLifecycleProcessor [DefaultLifecycleProcessor.java:343] -Starting beans in phase 2147483647
2024-11-21 16:10:49.083 INFO  [main] s.d.spring.web.plugins.DocumentationPluginsBootstrapper [DocumentationPluginsBootstrapper.java:160] -Context refreshed
2024-11-21 16:10:49.090 INFO  [main] s.d.spring.web.plugins.DocumentationPluginsBootstrapper [DocumentationPluginsBootstrapper.java:163] -Found 1 custom documentation plugin(s)
2024-11-21 16:10:49.100 INFO  [main] s.d.spring.web.scanners.ApiListingReferenceScanner [ApiListingReferenceScanner.java:41] -Scanning for api listing references
2024-11-21 16:10:49.219 INFO  [main] s.d.s.w.readers.operation.CachingOperationNameGenerator [CachingOperationNameGenerator.java:40] -Generating unique operation named: findByIdUsingGET_1
2024-11-21 16:10:49.219 INFO  [main] s.d.s.w.readers.operation.CachingOperationNameGenerator [CachingOperationNameGenerator.java:40] -Generating unique operation named: findByIdUsingHEAD_1
2024-11-21 16:10:49.219 INFO  [main] s.d.s.w.readers.operation.CachingOperationNameGenerator [CachingOperationNameGenerator.java:40] -Generating unique operation named: findByIdUsingPOST_1
2024-11-21 16:10:49.219 INFO  [main] s.d.s.w.readers.operation.CachingOperationNameGenerator [CachingOperationNameGenerator.java:40] -Generating unique operation named: findByIdUsingPUT_1
2024-11-21 16:10:49.220 INFO  [main] s.d.s.w.readers.operation.CachingOperationNameGenerator [CachingOperationNameGenerator.java:40] -Generating unique operation named: findByIdUsingPATCH_1
2024-11-21 16:10:49.220 INFO  [main] s.d.s.w.readers.operation.CachingOperationNameGenerator [CachingOperationNameGenerator.java:40] -Generating unique operation named: findByIdUsingDELETE_1
2024-11-21 16:10:49.220 INFO  [main] s.d.s.w.readers.operation.CachingOperationNameGenerator [CachingOperationNameGenerator.java:40] -Generating unique operation named: findByIdUsingOPTIONS_1
2024-11-21 16:10:49.220 INFO  [main] s.d.s.w.readers.operation.CachingOperationNameGenerator [CachingOperationNameGenerator.java:40] -Generating unique operation named: findByIdUsingTRACE_1
2024-11-21 16:10:49.252 INFO  [main] org.apache.coyote.http11.Http11NioProtocol [DirectJDKLog.java:179] -Initializing ProtocolHandler ["http-nio-9000"]
2024-11-21 16:10:49.342 INFO  [main] org.apache.coyote.http11.Http11NioProtocol [DirectJDKLog.java:179] -Starting ProtocolHandler ["http-nio-9000"]
2024-11-21 16:10:49.345 INFO  [main] org.apache.tomcat.util.net.NioSelectorPool [DirectJDKLog.java:179] -Using a shared selector for servlet write/read
2024-11-21 16:10:49.354 INFO  [main] o.s.b.c.embedded.tomcat.TomcatEmbeddedServletContainer [TomcatEmbeddedServletContainer.java:201] -Tomcat started on port(s): 9000 (http)
2024-11-21 16:10:49.357 INFO  [main] airport.cargos.demo.web_common_demo.Bootstrap [StartupInfoLogger.java:57] -Started Bootstrap in 2.568 seconds (JVM running for 2.78)
2024-11-21 16:10:49.361 INFO  [main] airport.cargos.demo.web_common_demo.common.ThreadData [ThreadData.java:62] -SystemConfig{input_type=1, source=/home/airport/installer/6号采集视频_13号机.mp4, input_view=1, points=[[I@2bf0c70d], threshold=0.6, detected_status=0, save_status=0, image_path='../data/images/', video_path='../data/videos/', detect_url='http://127.0.0.1:8000/detect', synthesis_url='http://127.0.0.1:8081/', save_time=1, last_labels=10, scale=2, frame_rate=10, sample_rate=5, video_save_time=2, image_save_time=7}
2024-11-21 16:10:49.511 INFO  [pool-2-thread-2] airport.cargos.demo.web_common_demo.util.EncodeThread [EncodeThread.java:75] -EncodeThread  Start
2024-11-21 16:10:49.511 INFO  [pool-2-thread-4] airport.cargos.demo.web_common_demo.util.PlayVideoThread [PlayVideoThread.java:81] -PlayVideoThread Start
2024-11-21 16:10:49.512 INFO  [Thread-13] airport.cargos.demo.web_common_demo.common.ThreadData [ThreadData.java:62] -SystemConfig{input_type=1, source=/home/airport/installer/6号采集视频_13号机.mp4, input_view=1, points=[[I@6d8da9fb], threshold=0.6, detected_status=0, save_status=0, image_path='../data/images/', video_path='../data/videos/', detect_url='http://127.0.0.1:8000/detect', synthesis_url='http://127.0.0.1:8081/', save_time=1, last_labels=10, scale=2, frame_rate=10, sample_rate=5, video_save_time=2, image_save_time=7}
2024-11-21 16:10:49.538 INFO  [pool-2-thread-3] airport.cargos.demo.web_common_demo.util.DrawThread [DrawThread.java:44] -[电击器, 警棍, 枪支, 手铐, 管制刀具, 鞭炮, 电子烟花, 礼花, 烟花, 烟饼, 仙女棒, 压缩管, 子弹, 空包弹, 霰弹, 烟雾弹, 塑料打火机, 金属打火机, 镁棒点火器, 防风火柴, 块状电池, 节状电池, 纽扣电池, 蓄电池, 蓝牙耳机]
2024-11-21 16:10:49.539 INFO  [pool-2-thread-1] airport.cargos.demo.web_common_demo.util.DetectThread [DetectThread.java:66] -DetectThread start
2024-11-21 16:10:49.547 INFO  [pool-2-thread-3] airport.cargos.demo.web_common_demo.util.DrawThread [DrawThread.java:66] -DrawThread start
2024-11-21 16:10:51.739 INFO  [pool-2-thread-4] airport.cargos.demo.web_common_demo.util.PlayVideoThread [PlayVideoThread.java:54] -width=960,height=1080,frame_rate=10
2024-11-21 16:10:52.389 INFO  [http-nio-9000-exec-1] o.a.catalina.core.ContainerBase.[Tomcat].[localhost].[/] [DirectJDKLog.java:179] -Initializing Spring FrameworkServlet 'dispatcherServlet'
2024-11-21 16:10:52.390 INFO  [http-nio-9000-exec-1] org.springframework.web.servlet.DispatcherServlet [FrameworkServlet.java:489] -FrameworkServlet 'dispatcherServlet': initialization started
2024-11-21 16:10:52.398 INFO  [http-nio-9000-exec-1] org.springframework.web.servlet.DispatcherServlet [FrameworkServlet.java:508] -FrameworkServlet 'dispatcherServlet': initialization completed in 8 ms
2024-11-21 16:10:52.674 ERROR [http-nio-9000-exec-8] airport.cargos.demo.web_common_demo.util.TokenUtils [TokenUtils.java:68] -com.auth0.jwt.exceptions.TokenExpiredException: The Token has expired on Mon Nov 04 12:52:23 CST 2024.
2024-11-21 16:10:54.234 INFO  [http-nio-9000-exec-2] a.cargos.demo.web_common_demo.controller.UserController [UserController.java:93] -{"password":"123456","username":"admin"}
2024-11-21 16:11:49.642 INFO  [pool-2-thread-4] airport.cargos.demo.web_common_demo.util.PlayVideoThread [PlayVideoThread.java:110] -保存视频
2024-11-21 16:11:49.643 INFO  [pool-2-thread-4] airport.cargos.demo.web_common_demo.util.PlayVideoThread [PlayVideoThread.java:54] -width=960,height=1080,frame_rate=10
2024-11-21 16:11:49.646 INFO  [Thread-15] airport.cargos.demo.web_common_demo.util.PlayVideoThread [PlayVideoThread.java:167] -开始压缩
2024-11-21 16:11:52.327 INFO  [Thread-15] airport.cargos.demo.web_common_demo.util.PlayVideoThread [PlayVideoThread.java:171] -压缩耗时：2s
2024-11-21 16:11:52.327 INFO  [Thread-15] airport.cargos.demo.web_common_demo.util.PlayVideoThread [PlayVideoThread.java:173] -压缩成功！
2024-11-21 16:12:49.742 INFO  [pool-2-thread-4] airport.cargos.demo.web_common_demo.util.PlayVideoThread [PlayVideoThread.java:110] -保存视频
2024-11-21 16:12:49.742 INFO  [pool-2-thread-4] airport.cargos.demo.web_common_demo.util.PlayVideoThread [PlayVideoThread.java:54] -width=960,height=1080,frame_rate=10
2024-11-21 16:12:49.742 INFO  [Thread-18] airport.cargos.demo.web_common_demo.util.PlayVideoThread [PlayVideoThread.java:167] -开始压缩
2024-11-21 16:12:52.586 INFO  [Thread-18] airport.cargos.demo.web_common_demo.util.PlayVideoThread [PlayVideoThread.java:171] -压缩耗时：2s
2024-11-21 16:12:52.587 INFO  [Thread-18] airport.cargos.demo.web_common_demo.util.PlayVideoThread [PlayVideoThread.java:173] -压缩成功！
2024-11-21 16:13:32.904 INFO  [http-nio-9000-exec-5] airport.cargos.demo.web_common_demo.util.ThreadUtils [ThreadUtils.java:36] -shutdown start
2024-11-21 16:13:32.904 INFO  [http-nio-9000-exec-5] airport.cargos.demo.web_common_demo.util.ThreadUtils [ThreadUtils.java:40] -shutdownNow
2024-11-21 16:13:32.913 ERROR [pool-2-thread-2] airport.cargos.demo.web_common_demo.util.EncodeThread [EncodeThread.java:110] -java.lang.InterruptedException
java.lang.InterruptedException: null
	at java.util.concurrent.locks.AbstractQueuedSynchronizer.acquireInterruptibly(AbstractQueuedSynchronizer.java:1220)
	at java.util.concurrent.locks.ReentrantLock.lockInterruptibly(ReentrantLock.java:335)
	at java.util.concurrent.LinkedBlockingQueue.put(LinkedBlockingQueue.java:339)
	at airport.cargos.demo.web_common_demo.util.EncodeThread.run(EncodeThread.java:100)
	at java.util.concurrent.ThreadPoolExecutor.runWorker(ThreadPoolExecutor.java:1149)
	at java.util.concurrent.ThreadPoolExecutor$Worker.run(ThreadPoolExecutor.java:624)
	at java.lang.Thread.run(Thread.java:750)
2024-11-21 16:13:32.913 INFO  [pool-2-thread-2] airport.cargos.demo.web_common_demo.util.EncodeThread [EncodeThread.java:122] -------------Stop EncodeThread-----------
2024-11-21 16:13:32.930 ERROR [pool-2-thread-4] airport.cargos.demo.web_common_demo.util.PlayVideoThread [PlayVideoThread.java:206] -java.lang.InterruptedException: sleep interrupted
java.lang.InterruptedException: sleep interrupted
	at java.lang.Thread.sleep(Native Method)
	at airport.cargos.demo.web_common_demo.util.PlayVideoThread.run(PlayVideoThread.java:203)
	at java.util.concurrent.ThreadPoolExecutor.runWorker(ThreadPoolExecutor.java:1149)
	at java.util.concurrent.ThreadPoolExecutor$Worker.run(ThreadPoolExecutor.java:624)
	at java.lang.Thread.run(Thread.java:750)
2024-11-21 16:13:32.952 ERROR [pool-2-thread-3] airport.cargos.demo.web_common_demo.util.DrawThread [DrawThread.java:240] -java.lang.InterruptedException
java.lang.InterruptedException: null
	at java.util.concurrent.locks.AbstractQueuedSynchronizer$ConditionObject.await(AbstractQueuedSynchronizer.java:2034)
	at java.util.concurrent.LinkedBlockingDeque.putLast(LinkedBlockingDeque.java:396)
	at java.util.concurrent.LinkedBlockingDeque.put(LinkedBlockingDeque.java:649)
	at airport.cargos.demo.web_common_demo.util.DrawThread.run(DrawThread.java:234)
	at java.util.concurrent.ThreadPoolExecutor.runWorker(ThreadPoolExecutor.java:1149)
	at java.util.concurrent.ThreadPoolExecutor$Worker.run(ThreadPoolExecutor.java:624)
	at java.lang.Thread.run(Thread.java:750)
2024-11-21 16:13:32.956 ERROR [pool-2-thread-1] airport.cargos.demo.web_common_demo.util.DetectThread [DetectThread.java:129] -java.io.InterruptedIOException: thread interrupted
2024-11-21 16:13:32.956 INFO  [pool-2-thread-1] airport.cargos.demo.web_common_demo.util.DetectThread [DetectThread.java:78] -------------Stop DetectThread-----------
2024-11-21 16:13:32.997 INFO  [pool-2-thread-3] airport.cargos.demo.web_common_demo.util.DrawThread [DrawThread.java:81] ------------Stop DrawThread-----------
2024-11-21 16:13:33.221 INFO  [pool-2-thread-4] airport.cargos.demo.web_common_demo.util.PlayVideoThread [PlayVideoThread.java:90] -------------Stop PlayVideoThread-----------
2024-11-21 16:13:33.222 INFO  [http-nio-9000-exec-5] airport.cargos.demo.web_common_demo.util.ThreadUtils [ThreadUtils.java:42] -status:true
2024-11-21 16:13:33.403 INFO  [http-nio-9000-exec-4] airport.cargos.demo.web_common_demo.common.ThreadData [ThreadData.java:62] -SystemConfig{input_type=1, source=/home/airport/installer/6号采集视频_13号机.mp4, input_view=1, points=[[I@3eb8b268], threshold=0.6, detected_status=1, save_status=0, image_path='../data/images/', video_path='../data/videos/', detect_url='http://127.0.0.1:8000/detect', synthesis_url='http://127.0.0.1:8081/', save_time=1, last_labels=10, scale=2, frame_rate=10, sample_rate=5, video_save_time=2, image_save_time=7}
2024-11-21 16:13:33.403 INFO  [http-nio-9000-exec-4] airport.cargos.demo.web_common_demo.util.ThreadUtils [ThreadUtils.java:36] -shutdown start
2024-11-21 16:13:33.403 INFO  [http-nio-9000-exec-4] airport.cargos.demo.web_common_demo.util.ThreadUtils [ThreadUtils.java:40] -shutdownNow
2024-11-21 16:13:33.403 INFO  [http-nio-9000-exec-4] airport.cargos.demo.web_common_demo.util.ThreadUtils [ThreadUtils.java:42] -status:true
2024-11-21 16:13:33.417 INFO  [pool-4-thread-1] airport.cargos.demo.web_common_demo.util.EncodeThread [EncodeThread.java:75] -EncodeThread  Start
2024-11-21 16:13:33.417 INFO  [pool-4-thread-4] airport.cargos.demo.web_common_demo.util.PlayVideoThread [PlayVideoThread.java:81] -PlayVideoThread Start
2024-11-21 16:13:33.417 INFO  [pool-4-thread-2] airport.cargos.demo.web_common_demo.util.DetectThread [DetectThread.java:66] -DetectThread start
2024-11-21 16:13:33.418 INFO  [pool-4-thread-3] airport.cargos.demo.web_common_demo.util.DrawThread [DrawThread.java:44] -[电击器, 警棍, 枪支, 手铐, 管制刀具, 鞭炮, 电子烟花, 礼花, 烟花, 烟饼, 仙女棒, 压缩管, 子弹, 空包弹, 霰弹, 烟雾弹, 塑料打火机, 金属打火机, 镁棒点火器, 防风火柴, 块状电池, 节状电池, 纽扣电池, 蓄电池, 蓝牙耳机]
2024-11-21 16:13:33.419 INFO  [pool-4-thread-3] airport.cargos.demo.web_common_demo.util.DrawThread [DrawThread.java:66] -DrawThread start
2024-11-21 16:13:33.648 INFO  [pool-4-thread-4] airport.cargos.demo.web_common_demo.util.PlayVideoThread [PlayVideoThread.java:54] -width=960,height=1080,frame_rate=10
2024-11-21 16:14:33.556 INFO  [pool-4-thread-4] airport.cargos.demo.web_common_demo.util.PlayVideoThread [PlayVideoThread.java:110] -保存视频
2024-11-21 16:14:33.556 INFO  [pool-4-thread-4] airport.cargos.demo.web_common_demo.util.PlayVideoThread [PlayVideoThread.java:54] -width=960,height=1080,frame_rate=10
2024-11-21 16:14:33.557 INFO  [Thread-25] airport.cargos.demo.web_common_demo.util.PlayVideoThread [PlayVideoThread.java:167] -开始压缩
2024-11-21 16:14:36.347 INFO  [Thread-25] airport.cargos.demo.web_common_demo.util.PlayVideoThread [PlayVideoThread.java:171] -压缩耗时：2s
2024-11-21 16:14:36.347 INFO  [Thread-25] airport.cargos.demo.web_common_demo.util.PlayVideoThread [PlayVideoThread.java:173] -压缩成功！
2024-11-21 16:15:33.657 INFO  [pool-4-thread-4] airport.cargos.demo.web_common_demo.util.PlayVideoThread [PlayVideoThread.java:110] -保存视频
2024-11-21 16:15:33.657 INFO  [pool-4-thread-4] airport.cargos.demo.web_common_demo.util.PlayVideoThread [PlayVideoThread.java:54] -width=960,height=1080,frame_rate=10
2024-11-21 16:15:33.657 INFO  [Thread-28] airport.cargos.demo.web_common_demo.util.PlayVideoThread [PlayVideoThread.java:167] -开始压缩
2024-11-21 16:15:36.421 INFO  [Thread-28] airport.cargos.demo.web_common_demo.util.PlayVideoThread [PlayVideoThread.java:171] -压缩耗时：2s
2024-11-21 16:15:36.422 INFO  [Thread-28] airport.cargos.demo.web_common_demo.util.PlayVideoThread [PlayVideoThread.java:173] -压缩成功！
2024-11-21 16:16:33.789 INFO  [pool-4-thread-4] airport.cargos.demo.web_common_demo.util.PlayVideoThread [PlayVideoThread.java:110] -保存视频
2024-11-21 16:16:33.789 INFO  [pool-4-thread-4] airport.cargos.demo.web_common_demo.util.PlayVideoThread [PlayVideoThread.java:54] -width=960,height=1080,frame_rate=10
2024-11-21 16:16:33.789 INFO  [Thread-31] airport.cargos.demo.web_common_demo.util.PlayVideoThread [PlayVideoThread.java:167] -开始压缩
2024-11-21 16:16:36.623 INFO  [Thread-31] airport.cargos.demo.web_common_demo.util.PlayVideoThread [PlayVideoThread.java:171] -压缩耗时：2s
2024-11-21 16:16:36.623 INFO  [Thread-31] airport.cargos.demo.web_common_demo.util.PlayVideoThread [PlayVideoThread.java:173] -压缩成功！
2024-11-21 16:17:33.953 INFO  [pool-4-thread-4] airport.cargos.demo.web_common_demo.util.PlayVideoThread [PlayVideoThread.java:110] -保存视频
2024-11-21 16:17:33.953 INFO  [pool-4-thread-4] airport.cargos.demo.web_common_demo.util.PlayVideoThread [PlayVideoThread.java:54] -width=960,height=1080,frame_rate=10
2024-11-21 16:17:33.953 INFO  [Thread-34] airport.cargos.demo.web_common_demo.util.PlayVideoThread [PlayVideoThread.java:167] -开始压缩
2024-11-21 16:17:36.576 INFO  [Thread-34] airport.cargos.demo.web_common_demo.util.PlayVideoThread [PlayVideoThread.java:171] -压缩耗时：2s
2024-11-21 16:17:36.576 INFO  [Thread-34] airport.cargos.demo.web_common_demo.util.PlayVideoThread [PlayVideoThread.java:173] -压缩成功！
2024-11-21 16:18:34.122 INFO  [pool-4-thread-4] airport.cargos.demo.web_common_demo.util.PlayVideoThread [PlayVideoThread.java:110] -保存视频
2024-11-21 16:18:34.123 INFO  [pool-4-thread-4] airport.cargos.demo.web_common_demo.util.PlayVideoThread [PlayVideoThread.java:54] -width=960,height=1080,frame_rate=10
2024-11-21 16:18:34.123 INFO  [Thread-37] airport.cargos.demo.web_common_demo.util.PlayVideoThread [PlayVideoThread.java:167] -开始压缩
2024-11-21 16:18:37.037 INFO  [Thread-37] airport.cargos.demo.web_common_demo.util.PlayVideoThread [PlayVideoThread.java:171] -压缩耗时：2s
2024-11-21 16:18:37.037 INFO  [Thread-37] airport.cargos.demo.web_common_demo.util.PlayVideoThread [PlayVideoThread.java:173] -压缩成功！
2024-11-21 16:19:34.266 INFO  [pool-4-thread-4] airport.cargos.demo.web_common_demo.util.PlayVideoThread [PlayVideoThread.java:110] -保存视频
2024-11-21 16:19:34.266 INFO  [pool-4-thread-4] airport.cargos.demo.web_common_demo.util.PlayVideoThread [PlayVideoThread.java:54] -width=960,height=1080,frame_rate=10
2024-11-21 16:19:34.267 INFO  [Thread-40] airport.cargos.demo.web_common_demo.util.PlayVideoThread [PlayVideoThread.java:167] -开始压缩
2024-11-21 16:19:37.245 INFO  [Thread-40] airport.cargos.demo.web_common_demo.util.PlayVideoThread [PlayVideoThread.java:171] -压缩耗时：2s
2024-11-21 16:19:37.245 INFO  [Thread-40] airport.cargos.demo.web_common_demo.util.PlayVideoThread [PlayVideoThread.java:173] -压缩成功！
2024-11-21 16:20:34.457 INFO  [pool-4-thread-4] airport.cargos.demo.web_common_demo.util.PlayVideoThread [PlayVideoThread.java:110] -保存视频
2024-11-21 16:20:34.457 INFO  [pool-4-thread-4] airport.cargos.demo.web_common_demo.util.PlayVideoThread [PlayVideoThread.java:54] -width=960,height=1080,frame_rate=10
2024-11-21 16:20:34.457 INFO  [Thread-43] airport.cargos.demo.web_common_demo.util.PlayVideoThread [PlayVideoThread.java:167] -开始压缩
2024-11-21 16:20:37.801 INFO  [Thread-43] airport.cargos.demo.web_common_demo.util.PlayVideoThread [PlayVideoThread.java:171] -压缩耗时：3s
2024-11-21 16:20:37.801 INFO  [Thread-43] airport.cargos.demo.web_common_demo.util.PlayVideoThread [PlayVideoThread.java:173] -压缩成功！
2024-11-21 16:21:34.625 INFO  [pool-4-thread-4] airport.cargos.demo.web_common_demo.util.PlayVideoThread [PlayVideoThread.java:110] -保存视频
2024-11-21 16:21:34.626 INFO  [pool-4-thread-4] airport.cargos.demo.web_common_demo.util.PlayVideoThread [PlayVideoThread.java:54] -width=960,height=1080,frame_rate=10
2024-11-21 16:21:34.626 INFO  [Thread-46] airport.cargos.demo.web_common_demo.util.PlayVideoThread [PlayVideoThread.java:167] -开始压缩
2024-11-21 16:21:37.132 INFO  [Thread-46] airport.cargos.demo.web_common_demo.util.PlayVideoThread [PlayVideoThread.java:171] -压缩耗时：2s
2024-11-21 16:21:37.132 INFO  [Thread-46] airport.cargos.demo.web_common_demo.util.PlayVideoThread [PlayVideoThread.java:173] -压缩成功！
2024-11-21 16:22:34.840 INFO  [pool-4-thread-4] airport.cargos.demo.web_common_demo.util.PlayVideoThread [PlayVideoThread.java:110] -保存视频
2024-11-21 16:22:34.840 INFO  [pool-4-thread-4] airport.cargos.demo.web_common_demo.util.PlayVideoThread [PlayVideoThread.java:54] -width=960,height=1080,frame_rate=10
2024-11-21 16:22:34.840 INFO  [Thread-49] airport.cargos.demo.web_common_demo.util.PlayVideoThread [PlayVideoThread.java:167] -开始压缩
2024-11-21 16:22:38.093 INFO  [Thread-49] airport.cargos.demo.web_common_demo.util.PlayVideoThread [PlayVideoThread.java:171] -压缩耗时：3s
2024-11-21 16:22:38.094 INFO  [Thread-49] airport.cargos.demo.web_common_demo.util.PlayVideoThread [PlayVideoThread.java:173] -压缩成功！
2024-11-21 16:23:35.010 INFO  [pool-4-thread-4] airport.cargos.demo.web_common_demo.util.PlayVideoThread [PlayVideoThread.java:110] -保存视频
2024-11-21 16:23:35.010 INFO  [pool-4-thread-4] airport.cargos.demo.web_common_demo.util.PlayVideoThread [PlayVideoThread.java:54] -width=960,height=1080,frame_rate=10
2024-11-21 16:23:35.011 INFO  [Thread-52] airport.cargos.demo.web_common_demo.util.PlayVideoThread [PlayVideoThread.java:167] -开始压缩
2024-11-21 16:23:37.780 INFO  [Thread-52] airport.cargos.demo.web_common_demo.util.PlayVideoThread [PlayVideoThread.java:171] -压缩耗时：2s
2024-11-21 16:23:37.780 INFO  [Thread-52] airport.cargos.demo.web_common_demo.util.PlayVideoThread [PlayVideoThread.java:173] -压缩成功！
2024-11-21 16:24:35.201 INFO  [pool-4-thread-4] airport.cargos.demo.web_common_demo.util.PlayVideoThread [PlayVideoThread.java:110] -保存视频
2024-11-21 16:24:35.202 INFO  [pool-4-thread-4] airport.cargos.demo.web_common_demo.util.PlayVideoThread [PlayVideoThread.java:54] -width=960,height=1080,frame_rate=10
2024-11-21 16:24:35.202 INFO  [Thread-55] airport.cargos.demo.web_common_demo.util.PlayVideoThread [PlayVideoThread.java:167] -开始压缩
2024-11-21 16:24:38.212 INFO  [Thread-55] airport.cargos.demo.web_common_demo.util.PlayVideoThread [PlayVideoThread.java:171] -压缩耗时：3s
2024-11-21 16:24:38.212 INFO  [Thread-55] airport.cargos.demo.web_common_demo.util.PlayVideoThread [PlayVideoThread.java:173] -压缩成功！
2024-11-21 16:25:35.389 INFO  [pool-4-thread-4] airport.cargos.demo.web_common_demo.util.PlayVideoThread [PlayVideoThread.java:110] -保存视频
2024-11-21 16:25:35.390 INFO  [pool-4-thread-4] airport.cargos.demo.web_common_demo.util.PlayVideoThread [PlayVideoThread.java:54] -width=960,height=1080,frame_rate=10
2024-11-21 16:25:35.390 INFO  [Thread-58] airport.cargos.demo.web_common_demo.util.PlayVideoThread [PlayVideoThread.java:167] -开始压缩
2024-11-21 16:25:38.541 INFO  [Thread-58] airport.cargos.demo.web_common_demo.util.PlayVideoThread [PlayVideoThread.java:171] -压缩耗时：3s
2024-11-21 16:25:38.541 INFO  [Thread-58] airport.cargos.demo.web_common_demo.util.PlayVideoThread [PlayVideoThread.java:173] -压缩成功！
2024-11-21 16:26:35.578 INFO  [pool-4-thread-4] airport.cargos.demo.web_common_demo.util.PlayVideoThread [PlayVideoThread.java:110] -保存视频
2024-11-21 16:26:35.578 INFO  [pool-4-thread-4] airport.cargos.demo.web_common_demo.util.PlayVideoThread [PlayVideoThread.java:54] -width=960,height=1080,frame_rate=10
2024-11-21 16:26:35.578 INFO  [Thread-61] airport.cargos.demo.web_common_demo.util.PlayVideoThread [PlayVideoThread.java:167] -开始压缩
2024-11-21 16:26:38.488 INFO  [Thread-61] airport.cargos.demo.web_common_demo.util.PlayVideoThread [PlayVideoThread.java:171] -压缩耗时：2s
2024-11-21 16:26:38.488 INFO  [Thread-61] airport.cargos.demo.web_common_demo.util.PlayVideoThread [PlayVideoThread.java:173] -压缩成功！
2024-11-21 16:27:35.774 INFO  [pool-4-thread-4] airport.cargos.demo.web_common_demo.util.PlayVideoThread [PlayVideoThread.java:110] -保存视频
2024-11-21 16:27:35.775 INFO  [pool-4-thread-4] airport.cargos.demo.web_common_demo.util.PlayVideoThread [PlayVideoThread.java:54] -width=960,height=1080,frame_rate=10
2024-11-21 16:27:35.775 INFO  [Thread-64] airport.cargos.demo.web_common_demo.util.PlayVideoThread [PlayVideoThread.java:167] -开始压缩
2024-11-21 16:27:38.705 INFO  [Thread-64] airport.cargos.demo.web_common_demo.util.PlayVideoThread [PlayVideoThread.java:171] -压缩耗时：2s
2024-11-21 16:27:38.705 INFO  [Thread-64] airport.cargos.demo.web_common_demo.util.PlayVideoThread [PlayVideoThread.java:173] -压缩成功！
2024-11-21 16:28:35.916 INFO  [pool-4-thread-4] airport.cargos.demo.web_common_demo.util.PlayVideoThread [PlayVideoThread.java:110] -保存视频
2024-11-21 16:28:35.916 INFO  [pool-4-thread-4] airport.cargos.demo.web_common_demo.util.PlayVideoThread [PlayVideoThread.java:54] -width=960,height=1080,frame_rate=10
2024-11-21 16:28:35.917 INFO  [Thread-67] airport.cargos.demo.web_common_demo.util.PlayVideoThread [PlayVideoThread.java:167] -开始压缩
2024-11-21 16:28:38.961 INFO  [Thread-67] airport.cargos.demo.web_common_demo.util.PlayVideoThread [PlayVideoThread.java:171] -压缩耗时：3s
2024-11-21 16:28:38.961 INFO  [Thread-67] airport.cargos.demo.web_common_demo.util.PlayVideoThread [PlayVideoThread.java:173] -压缩成功！
2024-11-21 16:29:36.096 INFO  [pool-4-thread-4] airport.cargos.demo.web_common_demo.util.PlayVideoThread [PlayVideoThread.java:110] -保存视频
2024-11-21 16:29:36.096 INFO  [pool-4-thread-4] airport.cargos.demo.web_common_demo.util.PlayVideoThread [PlayVideoThread.java:54] -width=960,height=1080,frame_rate=10
2024-11-21 16:29:36.097 INFO  [Thread-70] airport.cargos.demo.web_common_demo.util.PlayVideoThread [PlayVideoThread.java:167] -开始压缩
2024-11-21 16:29:39.076 INFO  [Thread-70] airport.cargos.demo.web_common_demo.util.PlayVideoThread [PlayVideoThread.java:171] -压缩耗时：2s
2024-11-21 16:29:39.076 INFO  [Thread-70] airport.cargos.demo.web_common_demo.util.PlayVideoThread [PlayVideoThread.java:173] -压缩成功！
2024-11-21 16:29:58.715 INFO  [pool-4-thread-1] airport.cargos.demo.web_common_demo.util.EncodeThread [EncodeThread.java:81] -release
2024-11-21 16:29:58.780 INFO  [pool-4-thread-1] airport.cargos.demo.web_common_demo.util.EncodeThread [EncodeThread.java:86] -------------Stop EncodeThread-----------
2024-11-21 16:29:58.944 INFO  [pool-4-thread-2] airport.cargos.demo.web_common_demo.util.DetectThread [DetectThread.java:78] -------------Stop DetectThread-----------
2024-11-21 16:29:59.106 INFO  [pool-4-thread-3] airport.cargos.demo.web_common_demo.util.DrawThread [DrawThread.java:81] ------------Stop DrawThread-----------
2024-11-21 16:29:59.313 INFO  [pool-4-thread-4] airport.cargos.demo.web_common_demo.util.PlayVideoThread [PlayVideoThread.java:90] -------------Stop PlayVideoThread-----------
