2024-09-13 13:54:29.219 INFO  [main] airport.cargos.demo.web_common_demo.Bootstrap [StartupInfoLogger.java:48] -Starting Bootstrap on airport-B760M-DS3H with PID 2379323 (/home/airport/installer/airport_logistics/web_common_demo-1.0.0-SNAPSHOT.jar started by airport in /home/airport/installer/airport_logistics)
2024-09-13 13:54:29.220 INFO  [main] airport.cargos.demo.web_common_demo.Bootstrap [SpringApplication.java:593] -No active profile set, falling back to default profiles: default
2024-09-13 13:54:29.334 INFO  [main] o.s.b.c.e.AnnotationConfigEmbeddedWebApplicationContext [AbstractApplicationContext.java:583] -Refreshing org.springframework.boot.context.embedded.AnnotationConfigEmbeddedWebApplicationContext@53976f5c: startup date [Fri Sep 13 13:54:29 CST 2024]; root of context hierarchy
2024-09-13 13:54:29.394 INFO  [background-preinit] org.hibernate.validator.internal.util.Version [Version.java:30] -HV000001: Hibernate Validator 5.3.5.Final
2024-09-13 13:54:29.782 WARN  [main] o.s.context.annotation.ConfigurationClassPostProcessor [ConfigurationClassPostProcessor.java:373] -Cannot enhance @Configuration bean definition 'propertySourcesPlaceholderConfigurer' since its singleton instance has been created too early. The typical cause is a non-static @Bean method with a BeanDefinitionRegistryPostProcessor return type: Consider declaring such methods as 'static'.
2024-09-13 13:54:29.960 INFO  [main] o.s.c.s.PostProcessorRegistrationDelegate$BeanPostProcessorChecker [PostProcessorRegistrationDelegate.java:325] -Bean 'org.springframework.transaction.annotation.ProxyTransactionManagementConfiguration' of type [org.springframework.transaction.annotation.ProxyTransactionManagementConfiguration$$EnhancerBySpringCGLIB$$4da2d050] is not eligible for getting processed by all BeanPostProcessors (for example: not eligible for auto-proxying)
2024-09-13 13:54:30.193 INFO  [main] o.s.b.c.embedded.tomcat.TomcatEmbeddedServletContainer [TomcatEmbeddedServletContainer.java:89] -Tomcat initialized with port(s): 9000 (http)
2024-09-13 13:54:30.198 INFO  [main] org.apache.catalina.core.StandardService [DirectJDKLog.java:179] -Starting service [Tomcat]
2024-09-13 13:54:30.199 INFO  [main] org.apache.catalina.core.StandardEngine [DirectJDKLog.java:179] -Starting Servlet Engine: Apache Tomcat/8.5.16
2024-09-13 13:54:30.259 INFO  [localhost-startStop-1] o.a.catalina.core.ContainerBase.[Tomcat].[localhost].[/] [DirectJDKLog.java:179] -Initializing Spring embedded WebApplicationContext
2024-09-13 13:54:30.259 INFO  [localhost-startStop-1] org.springframework.web.context.ContextLoader [EmbeddedWebApplicationContext.java:276] -Root WebApplicationContext: initialization completed in 925 ms
2024-09-13 13:54:30.338 INFO  [localhost-startStop-1] o.s.boot.web.servlet.ServletRegistrationBean [ServletRegistrationBean.java:190] -Mapping servlet: 'dispatcherServlet' to [/]
2024-09-13 13:54:30.340 INFO  [localhost-startStop-1] o.s.boot.web.servlet.FilterRegistrationBean [AbstractFilterRegistrationBean.java:258] -Mapping filter: 'characterEncodingFilter' to: [/*]
2024-09-13 13:54:30.340 INFO  [localhost-startStop-1] o.s.boot.web.servlet.FilterRegistrationBean [AbstractFilterRegistrationBean.java:258] -Mapping filter: 'hiddenHttpMethodFilter' to: [/*]
2024-09-13 13:54:30.340 INFO  [localhost-startStop-1] o.s.boot.web.servlet.FilterRegistrationBean [AbstractFilterRegistrationBean.java:258] -Mapping filter: 'httpPutFormContentFilter' to: [/*]
2024-09-13 13:54:30.340 INFO  [localhost-startStop-1] o.s.boot.web.servlet.FilterRegistrationBean [AbstractFilterRegistrationBean.java:258] -Mapping filter: 'requestContextFilter' to: [/*]
2024-09-13 13:54:30.807 INFO  [main] o.s.orm.jpa.LocalContainerEntityManagerFactoryBean [LocalContainerEntityManagerFactoryBean.java:349] -Building JPA container EntityManagerFactory for persistence unit 'default'
2024-09-13 13:54:30.815 INFO  [main] org.hibernate.jpa.internal.util.LogHelper [LogHelper.java:31] -HHH000204: Processing PersistenceUnitInfo [
	name: default
	...]
2024-09-13 13:54:30.845 INFO  [main] org.hibernate.Version [Version.java:37] -HHH000412: Hibernate Core {5.0.12.Final}
2024-09-13 13:54:30.846 INFO  [main] org.hibernate.cfg.Environment [Environment.java:213] -HHH000206: hibernate.properties not found
2024-09-13 13:54:30.847 INFO  [main] org.hibernate.cfg.Environment [Environment.java:317] -HHH000021: Bytecode provider name : javassist
2024-09-13 13:54:30.865 INFO  [main] org.hibernate.annotations.common.Version [JavaReflectionManager.java:66] -HCANN000001: Hibernate Commons Annotations {5.0.1.Final}
2024-09-13 13:54:30.902 INFO  [main] org.hibernate.dialect.Dialect [Dialect.java:156] -HHH000400: Using dialect: org.hibernate.dialect.MySQL5Dialect
2024-09-13 13:54:31.015 INFO  [main] o.s.orm.jpa.LocalContainerEntityManagerFactoryBean [AbstractEntityManagerFactoryBean.java:379] -Initialized JPA EntityManagerFactory for persistence unit 'default'
2024-09-13 13:54:31.355 INFO  [main] o.s.w.s.m.method.annotation.RequestMappingHandlerMapping [AbstractHandlerMethodMapping.java:543] -Mapped "{[/SystemConfiguration/getConfig]}" onto public com.alibaba.fastjson.JSONObject airport.cargos.demo.web_common_demo.controller.SystemConfigController.getConfig()
2024-09-13 13:54:31.356 INFO  [main] o.s.w.s.m.method.annotation.RequestMappingHandlerMapping [AbstractHandlerMethodMapping.java:543] -Mapped "{[/SystemConfiguration/saveInput]}" onto public com.alibaba.fastjson.JSONObject airport.cargos.demo.web_common_demo.controller.SystemConfigController.saveInput(airport.cargos.demo.web_common_demo.entity.SystemConfig)
2024-09-13 13:54:31.356 INFO  [main] o.s.w.s.m.method.annotation.RequestMappingHandlerMapping [AbstractHandlerMethodMapping.java:543] -Mapped "{[/SystemConfiguration/capture]}" onto public com.alibaba.fastjson.JSONObject airport.cargos.demo.web_common_demo.controller.SystemConfigController.capture(airport.cargos.demo.web_common_demo.entity.SystemConfig)
2024-09-13 13:54:31.356 INFO  [main] o.s.w.s.m.method.annotation.RequestMappingHandlerMapping [AbstractHandlerMethodMapping.java:543] -Mapped "{[/SystemConfiguration/updateThreshold]}" onto public com.alibaba.fastjson.JSONObject airport.cargos.demo.web_common_demo.controller.SystemConfigController.updateThreshold(float)
2024-09-13 13:54:31.356 INFO  [main] o.s.w.s.m.method.annotation.RequestMappingHandlerMapping [AbstractHandlerMethodMapping.java:543] -Mapped "{[/SystemConfiguration/updateDetectStatus]}" onto public com.alibaba.fastjson.JSONObject airport.cargos.demo.web_common_demo.controller.SystemConfigController.updateDetectStatus(int)
2024-09-13 13:54:31.356 INFO  [main] o.s.w.s.m.method.annotation.RequestMappingHandlerMapping [AbstractHandlerMethodMapping.java:543] -Mapped "{[/SystemConfiguration/updateSaveStatus]}" onto public com.alibaba.fastjson.JSONObject airport.cargos.demo.web_common_demo.controller.SystemConfigController.updateSaveStatus(int)
2024-09-13 13:54:31.356 INFO  [main] o.s.w.s.m.method.annotation.RequestMappingHandlerMapping [AbstractHandlerMethodMapping.java:543] -Mapped "{[/SystemConfiguration/updateSaveTimes]}" onto public com.alibaba.fastjson.JSONObject airport.cargos.demo.web_common_demo.controller.SystemConfigController.updateSaveTimes(int)
2024-09-13 13:54:31.357 INFO  [main] o.s.w.s.m.method.annotation.RequestMappingHandlerMapping [AbstractHandlerMethodMapping.java:543] -Mapped "{[/SystemConfiguration/updateSource]}" onto public com.alibaba.fastjson.JSONObject airport.cargos.demo.web_common_demo.controller.SystemConfigController.updateSource(java.lang.String)
2024-09-13 13:54:31.357 INFO  [main] o.s.w.s.m.method.annotation.RequestMappingHandlerMapping [AbstractHandlerMethodMapping.java:543] -Mapped "{[/SystemConfiguration/changeInputType]}" onto public com.alibaba.fastjson.JSONObject airport.cargos.demo.web_common_demo.controller.SystemConfigController.changeInputType(int)
2024-09-13 13:54:31.357 INFO  [main] o.s.w.s.m.method.annotation.RequestMappingHandlerMapping [AbstractHandlerMethodMapping.java:543] -Mapped "{[/generateImage]}" onto public com.alibaba.fastjson.JSONObject airport.cargos.demo.web_common_demo.controller.GenerateController.generateImage(org.springframework.web.multipart.MultipartFile,org.springframework.web.multipart.MultipartFile,java.lang.String)
2024-09-13 13:54:31.357 INFO  [main] o.s.w.s.m.method.annotation.RequestMappingHandlerMapping [AbstractHandlerMethodMapping.java:543] -Mapped "{[/cateSetting/updateStatus]}" onto public com.alibaba.fastjson.JSONObject airport.cargos.demo.web_common_demo.controller.DetectSetController.updateStatus(java.lang.Integer,java.lang.String,java.lang.Boolean)
2024-09-13 13:54:31.358 INFO  [main] o.s.w.s.m.method.annotation.RequestMappingHandlerMapping [AbstractHandlerMethodMapping.java:543] -Mapped "{[/cateSetting/updateCategory]}" onto public com.alibaba.fastjson.JSONObject airport.cargos.demo.web_common_demo.controller.DetectSetController.updateCategory(int,java.lang.String,java.lang.String)
2024-09-13 13:54:31.358 INFO  [main] o.s.w.s.m.method.annotation.RequestMappingHandlerMapping [AbstractHandlerMethodMapping.java:543] -Mapped "{[/cateSetting/deleteCategory]}" onto public com.alibaba.fastjson.JSONObject airport.cargos.demo.web_common_demo.controller.DetectSetController.deleteCategory(int)
2024-09-13 13:54:31.358 INFO  [main] o.s.w.s.m.method.annotation.RequestMappingHandlerMapping [AbstractHandlerMethodMapping.java:543] -Mapped "{[/cateSetting/addCategory]}" onto public com.alibaba.fastjson.JSONObject airport.cargos.demo.web_common_demo.controller.DetectSetController.addCategory(java.lang.String,java.lang.String)
2024-09-13 13:54:31.358 INFO  [main] o.s.w.s.m.method.annotation.RequestMappingHandlerMapping [AbstractHandlerMethodMapping.java:543] -Mapped "{[/cateSetting/select]}" onto public com.alibaba.fastjson.JSONObject airport.cargos.demo.web_common_demo.controller.DetectSetController.findCateList(int,int)
2024-09-13 13:54:31.359 INFO  [main] o.s.w.s.m.method.annotation.RequestMappingHandlerMapping [AbstractHandlerMethodMapping.java:543] -Mapped "{[/userManager/user/findByName]}" onto public java.util.List<airport.cargos.demo.web_common_demo.entity.User> airport.cargos.demo.web_common_demo.controller.UserController.findByName(java.lang.String)
2024-09-13 13:54:31.360 INFO  [main] o.s.w.s.m.method.annotation.RequestMappingHandlerMapping [AbstractHandlerMethodMapping.java:543] -Mapped "{[/userManager/user/resetPassword]}" onto public com.alibaba.fastjson.JSONObject airport.cargos.demo.web_common_demo.controller.UserController.resetPassword(com.alibaba.fastjson.JSONObject)
2024-09-13 13:54:31.360 INFO  [main] o.s.w.s.m.method.annotation.RequestMappingHandlerMapping [AbstractHandlerMethodMapping.java:543] -Mapped "{[/userManager/user/editUser_realName]}" onto public com.alibaba.fastjson.JSONObject airport.cargos.demo.web_common_demo.controller.UserController.updateUser_realName(com.alibaba.fastjson.JSONObject)
2024-09-13 13:54:31.360 INFO  [main] o.s.w.s.m.method.annotation.RequestMappingHandlerMapping [AbstractHandlerMethodMapping.java:543] -Mapped "{[/userManager/user/editUser]}" onto public com.alibaba.fastjson.JSONObject airport.cargos.demo.web_common_demo.controller.UserController.updateUser(com.alibaba.fastjson.JSONObject)
2024-09-13 13:54:31.360 INFO  [main] o.s.w.s.m.method.annotation.RequestMappingHandlerMapping [AbstractHandlerMethodMapping.java:543] -Mapped "{[/userManager/user/deleteUser]}" onto public com.alibaba.fastjson.JSONObject airport.cargos.demo.web_common_demo.controller.UserController.deleteUser(com.alibaba.fastjson.JSONObject)
2024-09-13 13:54:31.360 INFO  [main] o.s.w.s.m.method.annotation.RequestMappingHandlerMapping [AbstractHandlerMethodMapping.java:543] -Mapped "{[/userManager/user/info]}" onto public com.alibaba.fastjson.JSONObject airport.cargos.demo.web_common_demo.controller.UserController.loginInfo(java.lang.String)
2024-09-13 13:54:31.360 INFO  [main] o.s.w.s.m.method.annotation.RequestMappingHandlerMapping [AbstractHandlerMethodMapping.java:543] -Mapped "{[/userManager/user/login]}" onto public com.alibaba.fastjson.JSONObject airport.cargos.demo.web_common_demo.controller.UserController.userLogin(com.alibaba.fastjson.JSONObject,javax.servlet.http.HttpServletResponse)
2024-09-13 13:54:31.360 INFO  [main] o.s.w.s.m.method.annotation.RequestMappingHandlerMapping [AbstractHandlerMethodMapping.java:543] -Mapped "{[/userManager/user/getUser]}" onto public com.alibaba.fastjson.JSONObject airport.cargos.demo.web_common_demo.controller.UserController.findById(com.alibaba.fastjson.JSONObject)
2024-09-13 13:54:31.361 INFO  [main] o.s.w.s.m.method.annotation.RequestMappingHandlerMapping [AbstractHandlerMethodMapping.java:543] -Mapped "{[/userManager/user/getUserList]}" onto public com.alibaba.fastjson.JSONObject airport.cargos.demo.web_common_demo.controller.UserController.getUserList(java.lang.String,java.lang.String)
2024-09-13 13:54:31.361 INFO  [main] o.s.w.s.m.method.annotation.RequestMappingHandlerMapping [AbstractHandlerMethodMapping.java:543] -Mapped "{[/userManager/user/addUser]}" onto public com.alibaba.fastjson.JSONObject airport.cargos.demo.web_common_demo.controller.UserController.saveUser(com.alibaba.fastjson.JSONObject)
2024-09-13 13:54:31.361 INFO  [main] o.s.w.s.m.method.annotation.RequestMappingHandlerMapping [AbstractHandlerMethodMapping.java:543] -Mapped "{[/userManager/user/logout]}" onto public com.alibaba.fastjson.JSONObject airport.cargos.demo.web_common_demo.controller.UserController.logOut(com.alibaba.fastjson.JSONObject)
2024-09-13 13:54:31.361 INFO  [main] o.s.w.s.m.method.annotation.RequestMappingHandlerMapping [AbstractHandlerMethodMapping.java:543] -Mapped "{[/userManager/user/editUser_password]}" onto public com.alibaba.fastjson.JSONObject airport.cargos.demo.web_common_demo.controller.UserController.updateUser_password(com.alibaba.fastjson.JSONObject)
2024-09-13 13:54:31.362 INFO  [main] o.s.w.s.m.method.annotation.RequestMappingHandlerMapping [AbstractHandlerMethodMapping.java:543] -Mapped "{[/realTimeVideo/videoStream]}" onto public byte[] airport.cargos.demo.web_common_demo.controller.RealTimeVideoController.play(int)
2024-09-13 13:54:31.362 INFO  [main] o.s.w.s.m.method.annotation.RequestMappingHandlerMapping [AbstractHandlerMethodMapping.java:543] -Mapped "{[/video/getVideo]}" onto public com.alibaba.fastjson.JSONObject airport.cargos.demo.web_common_demo.controller.VideoModuleController.conditional_query(java.lang.String,java.lang.String,java.lang.String,int,int)
2024-09-13 13:54:31.362 INFO  [main] o.s.w.s.m.method.annotation.RequestMappingHandlerMapping [AbstractHandlerMethodMapping.java:543] -Mapped "{[/video/getAll]}" onto public com.alibaba.fastjson.JSONObject airport.cargos.demo.web_common_demo.controller.VideoModuleController.list_all(int,int)
2024-09-13 13:54:31.362 INFO  [main] o.s.w.s.m.method.annotation.RequestMappingHandlerMapping [AbstractHandlerMethodMapping.java:543] -Mapped "{[/video/playVideo]}" onto public org.springframework.http.ResponseEntity<org.springframework.core.io.Resource> airport.cargos.demo.web_common_demo.controller.VideoModuleController.playVideo(java.lang.String,javax.servlet.http.HttpServletRequest,javax.servlet.http.HttpServletResponse) throws java.io.IOException
2024-09-13 13:54:31.362 INFO  [main] o.s.w.s.m.method.annotation.RequestMappingHandlerMapping [AbstractHandlerMethodMapping.java:543] -Mapped "{[/video/delete]}" onto public com.alibaba.fastjson.JSONObject airport.cargos.demo.web_common_demo.controller.VideoModuleController.destroy(int)
2024-09-13 13:54:31.364 INFO  [main] o.s.w.s.m.method.annotation.RequestMappingHandlerMapping [AbstractHandlerMethodMapping.java:543] -Mapped "{[/echo],methods=[GET]}" onto public java.lang.String airport.cargos.demo.web_common_demo.controller.EchoController.echo()
2024-09-13 13:54:31.365 INFO  [main] o.s.w.s.m.method.annotation.RequestMappingHandlerMapping [AbstractHandlerMethodMapping.java:543] -Mapped "{[/echoHelloWorld],methods=[POST]}" onto public com.alibaba.fastjson.JSONObject airport.cargos.demo.web_common_demo.controller.EchoController.echoHelloWorld()
2024-09-13 13:54:31.366 INFO  [main] o.s.w.s.m.method.annotation.RequestMappingHandlerMapping [AbstractHandlerMethodMapping.java:543] -Mapped "{[/dataQuery/findAll]}" onto public java.util.List<airport.cargos.demo.web_common_demo.entity.ContrabandImage> airport.cargos.demo.web_common_demo.controller.ContrabandImageController.findAll()
2024-09-13 13:54:31.366 INFO  [main] o.s.w.s.m.method.annotation.RequestMappingHandlerMapping [AbstractHandlerMethodMapping.java:543] -Mapped "{[/dataQuery/findById]}" onto public com.alibaba.fastjson.JSONObject airport.cargos.demo.web_common_demo.controller.ContrabandImageController.findById(airport.cargos.demo.web_common_demo.entity.ContrabandImage)
2024-09-13 13:54:31.366 INFO  [main] o.s.w.s.m.method.annotation.RequestMappingHandlerMapping [AbstractHandlerMethodMapping.java:543] -Mapped "{[/dataQuery/saveContrabandImage]}" onto public com.alibaba.fastjson.JSONObject airport.cargos.demo.web_common_demo.controller.ContrabandImageController.saveContrabandImage(airport.cargos.demo.web_common_demo.entity.ContrabandImage)
2024-09-13 13:54:31.366 INFO  [main] o.s.w.s.m.method.annotation.RequestMappingHandlerMapping [AbstractHandlerMethodMapping.java:543] -Mapped "{[/dataQuery/updateContrabandImage]}" onto public com.alibaba.fastjson.JSONObject airport.cargos.demo.web_common_demo.controller.ContrabandImageController.updateContrabandImage(airport.cargos.demo.web_common_demo.entity.ContrabandImage)
2024-09-13 13:54:31.366 INFO  [main] o.s.w.s.m.method.annotation.RequestMappingHandlerMapping [AbstractHandlerMethodMapping.java:543] -Mapped "{[/dataQuery/delete]}" onto public com.alibaba.fastjson.JSONObject airport.cargos.demo.web_common_demo.controller.ContrabandImageController.deleteContrabandImage(java.util.List<java.lang.Integer>)
2024-09-13 13:54:31.366 INFO  [main] o.s.w.s.m.method.annotation.RequestMappingHandlerMapping [AbstractHandlerMethodMapping.java:543] -Mapped "{[/dataQuery/paginate]}" onto public com.alibaba.fastjson.JSONObject airport.cargos.demo.web_common_demo.controller.ContrabandImageController.findWithPagination(java.lang.String)
2024-09-13 13:54:31.366 INFO  [main] o.s.w.s.m.method.annotation.RequestMappingHandlerMapping [AbstractHandlerMethodMapping.java:543] -Mapped "{[/dataQuery/findByCondition]}" onto public com.alibaba.fastjson.JSONObject airport.cargos.demo.web_common_demo.controller.ContrabandImageController.findByCondition(airport.cargos.demo.web_common_demo.entity.ContrabandImage)
2024-09-13 13:54:31.366 INFO  [main] o.s.w.s.m.method.annotation.RequestMappingHandlerMapping [AbstractHandlerMethodMapping.java:543] -Mapped "{[/dataQuery/statistic]}" onto public com.alibaba.fastjson.JSONObject airport.cargos.demo.web_common_demo.controller.ContrabandImageController.countByCondition(airport.cargos.demo.web_common_demo.entity.ContrabandImage)
2024-09-13 13:54:31.367 INFO  [main] o.s.w.s.m.method.annotation.RequestMappingHandlerMapping [AbstractHandlerMethodMapping.java:543] -Mapped "{[/dataQuery/getImageByPath],produces=[image/jpeg]}" onto public byte[] airport.cargos.demo.web_common_demo.controller.ContrabandImageController.getImageByPath(java.lang.String,javax.servlet.http.HttpServletResponse)
2024-09-13 13:54:31.368 INFO  [main] o.s.w.s.m.method.annotation.RequestMappingHandlerMapping [AbstractHandlerMethodMapping.java:543] -Mapped "{[/swagger-resources/configuration/security]}" onto public org.springframework.http.ResponseEntity<springfox.documentation.swagger.web.SecurityConfiguration> springfox.documentation.swagger.web.ApiResourceController.securityConfiguration()
2024-09-13 13:54:31.369 INFO  [main] o.s.w.s.m.method.annotation.RequestMappingHandlerMapping [AbstractHandlerMethodMapping.java:543] -Mapped "{[/swagger-resources/configuration/ui]}" onto public org.springframework.http.ResponseEntity<springfox.documentation.swagger.web.UiConfiguration> springfox.documentation.swagger.web.ApiResourceController.uiConfiguration()
2024-09-13 13:54:31.370 INFO  [main] o.s.w.s.m.method.annotation.RequestMappingHandlerMapping [AbstractHandlerMethodMapping.java:543] -Mapped "{[/swagger-resources]}" onto public org.springframework.http.ResponseEntity<java.util.List<springfox.documentation.swagger.web.SwaggerResource>> springfox.documentation.swagger.web.ApiResourceController.swaggerResources()
2024-09-13 13:54:31.371 INFO  [main] o.s.w.s.m.method.annotation.RequestMappingHandlerMapping [AbstractHandlerMethodMapping.java:543] -Mapped "{[/error],produces=[text/html]}" onto public org.springframework.web.servlet.ModelAndView org.springframework.boot.autoconfigure.web.BasicErrorController.errorHtml(javax.servlet.http.HttpServletRequest,javax.servlet.http.HttpServletResponse)
2024-09-13 13:54:31.371 INFO  [main] o.s.w.s.m.method.annotation.RequestMappingHandlerMapping [AbstractHandlerMethodMapping.java:543] -Mapped "{[/error]}" onto public org.springframework.http.ResponseEntity<java.util.Map<java.lang.String, java.lang.Object>> org.springframework.boot.autoconfigure.web.BasicErrorController.error(javax.servlet.http.HttpServletRequest)
2024-09-13 13:54:31.446 INFO  [main] s.d.s.web.PropertySourcedRequestMappingHandlerMapping [PropertySourcedRequestMappingHandlerMapping.java:69] -Mapped URL path [/v2/api-docs] onto method [public org.springframework.http.ResponseEntity<springfox.documentation.spring.web.json.Json> springfox.documentation.swagger2.web.Swagger2Controller.getDocumentation(java.lang.String,javax.servlet.http.HttpServletRequest)]
2024-09-13 13:54:31.591 INFO  [main] o.s.w.s.m.method.annotation.RequestMappingHandlerAdapter [RequestMappingHandlerAdapter.java:534] -Looking for @ControllerAdvice: org.springframework.boot.context.embedded.AnnotationConfigEmbeddedWebApplicationContext@53976f5c: startup date [Fri Sep 13 13:54:29 CST 2024]; root of context hierarchy
2024-09-13 13:54:31.617 INFO  [main] o.s.web.servlet.handler.SimpleUrlHandlerMapping [AbstractUrlHandlerMapping.java:362] -Mapped URL path [/webjars/**] onto handler of type [class org.springframework.web.servlet.resource.ResourceHttpRequestHandler]
2024-09-13 13:54:31.617 INFO  [main] o.s.web.servlet.handler.SimpleUrlHandlerMapping [AbstractUrlHandlerMapping.java:362] -Mapped URL path [/**] onto handler of type [class org.springframework.web.servlet.resource.ResourceHttpRequestHandler]
2024-09-13 13:54:31.640 INFO  [main] o.s.web.servlet.handler.SimpleUrlHandlerMapping [AbstractUrlHandlerMapping.java:362] -Mapped URL path [/**/favicon.ico] onto handler of type [class org.springframework.web.servlet.resource.ResourceHttpRequestHandler]
2024-09-13 13:54:31.818 INFO  [main] o.s.b.a.w.WebMvcAutoConfiguration$WelcomePageHandlerMapping [WebMvcAutoConfiguration.java:549] -Adding welcome page: class path resource [static/index.html]
2024-09-13 13:54:32.009 INFO  [main] o.s.jmx.export.annotation.AnnotationMBeanExporter [MBeanExporter.java:431] -Registering beans for JMX exposure on startup
2024-09-13 13:54:32.015 INFO  [main] o.s.context.support.DefaultLifecycleProcessor [DefaultLifecycleProcessor.java:343] -Starting beans in phase 2147483647
2024-09-13 13:54:32.015 INFO  [main] s.d.spring.web.plugins.DocumentationPluginsBootstrapper [DocumentationPluginsBootstrapper.java:160] -Context refreshed
2024-09-13 13:54:32.027 INFO  [main] s.d.spring.web.plugins.DocumentationPluginsBootstrapper [DocumentationPluginsBootstrapper.java:163] -Found 1 custom documentation plugin(s)
2024-09-13 13:54:32.042 INFO  [main] s.d.spring.web.scanners.ApiListingReferenceScanner [ApiListingReferenceScanner.java:41] -Scanning for api listing references
2024-09-13 13:54:32.229 INFO  [main] s.d.s.w.readers.operation.CachingOperationNameGenerator [CachingOperationNameGenerator.java:40] -Generating unique operation named: findByIdUsingGET_1
2024-09-13 13:54:32.229 INFO  [main] s.d.s.w.readers.operation.CachingOperationNameGenerator [CachingOperationNameGenerator.java:40] -Generating unique operation named: findByIdUsingHEAD_1
2024-09-13 13:54:32.229 INFO  [main] s.d.s.w.readers.operation.CachingOperationNameGenerator [CachingOperationNameGenerator.java:40] -Generating unique operation named: findByIdUsingPOST_1
2024-09-13 13:54:32.230 INFO  [main] s.d.s.w.readers.operation.CachingOperationNameGenerator [CachingOperationNameGenerator.java:40] -Generating unique operation named: findByIdUsingPUT_1
2024-09-13 13:54:32.230 INFO  [main] s.d.s.w.readers.operation.CachingOperationNameGenerator [CachingOperationNameGenerator.java:40] -Generating unique operation named: findByIdUsingPATCH_1
2024-09-13 13:54:32.230 INFO  [main] s.d.s.w.readers.operation.CachingOperationNameGenerator [CachingOperationNameGenerator.java:40] -Generating unique operation named: findByIdUsingDELETE_1
2024-09-13 13:54:32.230 INFO  [main] s.d.s.w.readers.operation.CachingOperationNameGenerator [CachingOperationNameGenerator.java:40] -Generating unique operation named: findByIdUsingOPTIONS_1
2024-09-13 13:54:32.230 INFO  [main] s.d.s.w.readers.operation.CachingOperationNameGenerator [CachingOperationNameGenerator.java:40] -Generating unique operation named: findByIdUsingTRACE_1
2024-09-13 13:54:32.282 INFO  [main] org.apache.coyote.http11.Http11NioProtocol [DirectJDKLog.java:179] -Initializing ProtocolHandler ["http-nio-9000"]
2024-09-13 13:54:32.288 INFO  [main] org.apache.coyote.http11.Http11NioProtocol [DirectJDKLog.java:179] -Starting ProtocolHandler ["http-nio-9000"]
2024-09-13 13:54:32.290 INFO  [main] org.apache.tomcat.util.net.NioSelectorPool [DirectJDKLog.java:179] -Using a shared selector for servlet write/read
2024-09-13 13:54:32.313 INFO  [main] o.s.b.c.embedded.tomcat.TomcatEmbeddedServletContainer [TomcatEmbeddedServletContainer.java:201] -Tomcat started on port(s): 9000 (http)
2024-09-13 13:54:32.316 INFO  [main] airport.cargos.demo.web_common_demo.Bootstrap [StartupInfoLogger.java:57] -Started Bootstrap in 3.242 seconds (JVM running for 3.474)
2024-09-13 13:54:32.320 INFO  [main] airport.cargos.demo.web_common_demo.common.ThreadData [ThreadData.java:61] -SystemConfig{input_type=1, source=/home/airport/installer/6号采集视频_13号机.mp4, input_view=1, points=[[I@649009d6], threshold=0.25, detected_status=1, save_status=0, image_path='../data/images/', video_path='../data/videos/', detect_url='http://127.0.0.1:8000/detect', synthesis_url='http://127.0.0.1:8081/', save_time=1, last_labels=10, scale=2, frame_rate=10, sample_rate=5, video_save_time=2, image_save_time=7}
2024-09-13 13:54:32.322 INFO  [Thread-9] airport.cargos.demo.web_common_demo.common.ThreadData [ThreadData.java:61] -SystemConfig{input_type=1, source=/home/airport/installer/6号采集视频_13号机.mp4, input_view=1, points=[[I@2de81403], threshold=0.25, detected_status=1, save_status=0, image_path='../data/images/', video_path='../data/videos/', detect_url='http://127.0.0.1:8000/detect', synthesis_url='http://127.0.0.1:8081/', save_time=1, last_labels=10, scale=2, frame_rate=10, sample_rate=5, video_save_time=2, image_save_time=7}
2024-09-13 13:54:36.635 INFO  [http-nio-9000-exec-1] o.a.catalina.core.ContainerBase.[Tomcat].[localhost].[/] [DirectJDKLog.java:179] -Initializing Spring FrameworkServlet 'dispatcherServlet'
2024-09-13 13:54:36.635 INFO  [http-nio-9000-exec-1] org.springframework.web.servlet.DispatcherServlet [FrameworkServlet.java:489] -FrameworkServlet 'dispatcherServlet': initialization started
2024-09-13 13:54:36.644 INFO  [http-nio-9000-exec-1] org.springframework.web.servlet.DispatcherServlet [FrameworkServlet.java:508] -FrameworkServlet 'dispatcherServlet': initialization completed in 9 ms
2024-09-13 13:54:36.824 INFO  [http-nio-9000-exec-1] a.cargos.demo.web_common_demo.controller.UserController [UserController.java:93] -{"password":"123456","username":"admin"}
2024-09-13 13:54:56.282 INFO  [http-nio-9000-exec-6] o.s.beans.factory.xml.XmlBeanDefinitionReader [XmlBeanDefinitionReader.java:317] -Loading XML bean definitions from class path resource [org/springframework/jdbc/support/sql-error-codes.xml]
2024-09-13 13:54:56.299 INFO  [http-nio-9000-exec-6] org.springframework.jdbc.support.SQLErrorCodesFactory [SQLErrorCodesFactory.java:127] -SQLErrorCodes loaded: [DB2, Derby, H2, HSQL, Informix, MS-SQL, MySQL, Oracle, PostgreSQL, Sybase, Hana]
2024-09-13 13:54:56.300 ERROR [http-nio-9000-exec-6] a.c.demo.web_common_demo.service.impl.UserServiceImpl [UserServiceImpl.java:42] -
### Error updating database.  Cause: java.sql.SQLIntegrityConstraintViolationException: Column 'role' cannot be null
### The error may exist in airport/cargos/demo/web_common_demo/dao/UserDao.java (best guess)
### The error may involve airport.cargos.demo.web_common_demo.dao.UserDao.saveUser-Inline
### The error occurred while setting parameters
### SQL: insert into user(role,username,password,realName)values(?,?,?,?)
### Cause: java.sql.SQLIntegrityConstraintViolationException: Column 'role' cannot be null
; SQL []; Column 'role' cannot be null; nested exception is java.sql.SQLIntegrityConstraintViolationException: Column 'role' cannot be null
2024-09-13 13:56:42.917 ERROR [http-nio-9000-exec-7] a.c.demo.web_common_demo.service.impl.UserServiceImpl [UserServiceImpl.java:42] -
### Error updating database.  Cause: java.sql.SQLIntegrityConstraintViolationException: Column 'role' cannot be null
### The error may exist in airport/cargos/demo/web_common_demo/dao/UserDao.java (best guess)
### The error may involve airport.cargos.demo.web_common_demo.dao.UserDao.saveUser-Inline
### The error occurred while setting parameters
### SQL: insert into user(role,username,password,realName)values(?,?,?,?)
### Cause: java.sql.SQLIntegrityConstraintViolationException: Column 'role' cannot be null
; SQL []; Column 'role' cannot be null; nested exception is java.sql.SQLIntegrityConstraintViolationException: Column 'role' cannot be null
2024-09-13 13:59:25.243 ERROR [http-nio-9000-exec-8] a.c.demo.web_common_demo.service.impl.UserServiceImpl [UserServiceImpl.java:42] -
### Error updating database.  Cause: java.sql.SQLIntegrityConstraintViolationException: Column 'role' cannot be null
### The error may exist in airport/cargos/demo/web_common_demo/dao/UserDao.java (best guess)
### The error may involve airport.cargos.demo.web_common_demo.dao.UserDao.saveUser-Inline
### The error occurred while setting parameters
### SQL: insert into user(role,username,password,realName)values(?,?,?,?)
### Cause: java.sql.SQLIntegrityConstraintViolationException: Column 'role' cannot be null
; SQL []; Column 'role' cannot be null; nested exception is java.sql.SQLIntegrityConstraintViolationException: Column 'role' cannot be null
