2024-10-08 17:07:13.719 INFO  [Thread-8] o.s.b.c.e.AnnotationConfigEmbeddedWebApplicationContext [AbstractApplicationContext.java:984] -Closing org.springframework.boot.context.embedded.AnnotationConfigEmbeddedWebApplicationContext@53976f5c: startup date [Fri Sep 27 10:42:44 CST 2024]; root of context hierarchy
2024-10-08 17:07:13.721 INFO  [Thread-8] o.s.context.support.DefaultLifecycleProcessor [DefaultLifecycleProcessor.java:358] -Stopping beans in phase 2147483647
2024-10-08 17:07:13.722 INFO  [Thread-8] o.s.jmx.export.annotation.AnnotationMBeanExporter [MBeanExporter.java:449] -Unregistering JMX-exposed beans on shutdown
2024-10-08 17:07:13.723 INFO  [Thread-8] o.s.orm.jpa.LocalContainerEntityManagerFactoryBean [AbstractEntityManagerFactoryBean.java:548] -Closing JPA EntityManagerFactory for persistence unit 'default'
2024-10-08 17:09:19.034 INFO  [main] airport.cargos.demo.web_common_demo.Bootstrap [StartupInfoLogger.java:48] -Starting Bootstrap on airport-B760M-DS3H with PID 1876960 (/home/airport/installer/airport_logistics/web_common_demo-1.0.0-SNAPSHOT.jar started by airport in /home/airport/installer/airport_logistics)
2024-10-08 17:09:19.035 INFO  [main] airport.cargos.demo.web_common_demo.Bootstrap [SpringApplication.java:593] -No active profile set, falling back to default profiles: default
2024-10-08 17:09:19.147 INFO  [main] o.s.b.c.e.AnnotationConfigEmbeddedWebApplicationContext [AbstractApplicationContext.java:583] -Refreshing org.springframework.boot.context.embedded.AnnotationConfigEmbeddedWebApplicationContext@53976f5c: startup date [Tue Oct 08 17:09:19 CST 2024]; root of context hierarchy
2024-10-08 17:09:19.219 INFO  [background-preinit] org.hibernate.validator.internal.util.Version [Version.java:30] -HV000001: Hibernate Validator 5.3.5.Final
2024-10-08 17:09:19.600 WARN  [main] o.s.context.annotation.ConfigurationClassPostProcessor [ConfigurationClassPostProcessor.java:373] -Cannot enhance @Configuration bean definition 'propertySourcesPlaceholderConfigurer' since its singleton instance has been created too early. The typical cause is a non-static @Bean method with a BeanDefinitionRegistryPostProcessor return type: Consider declaring such methods as 'static'.
2024-10-08 17:09:19.775 INFO  [main] o.s.c.s.PostProcessorRegistrationDelegate$BeanPostProcessorChecker [PostProcessorRegistrationDelegate.java:325] -Bean 'org.springframework.transaction.annotation.ProxyTransactionManagementConfiguration' of type [org.springframework.transaction.annotation.ProxyTransactionManagementConfiguration$$EnhancerBySpringCGLIB$$1885644a] is not eligible for getting processed by all BeanPostProcessors (for example: not eligible for auto-proxying)
2024-10-08 17:09:19.988 INFO  [main] o.s.b.c.embedded.tomcat.TomcatEmbeddedServletContainer [TomcatEmbeddedServletContainer.java:89] -Tomcat initialized with port(s): 9000 (http)
2024-10-08 17:09:19.993 INFO  [main] org.apache.catalina.core.StandardService [DirectJDKLog.java:179] -Starting service [Tomcat]
2024-10-08 17:09:19.993 INFO  [main] org.apache.catalina.core.StandardEngine [DirectJDKLog.java:179] -Starting Servlet Engine: Apache Tomcat/8.5.16
2024-10-08 17:09:20.040 INFO  [localhost-startStop-1] o.a.catalina.core.ContainerBase.[Tomcat].[localhost].[/] [DirectJDKLog.java:179] -Initializing Spring embedded WebApplicationContext
2024-10-08 17:09:20.040 INFO  [localhost-startStop-1] org.springframework.web.context.ContextLoader [EmbeddedWebApplicationContext.java:276] -Root WebApplicationContext: initialization completed in 893 ms
2024-10-08 17:09:20.101 INFO  [localhost-startStop-1] o.s.boot.web.servlet.ServletRegistrationBean [ServletRegistrationBean.java:190] -Mapping servlet: 'dispatcherServlet' to [/]
2024-10-08 17:09:20.103 INFO  [localhost-startStop-1] o.s.boot.web.servlet.FilterRegistrationBean [AbstractFilterRegistrationBean.java:258] -Mapping filter: 'characterEncodingFilter' to: [/*]
2024-10-08 17:09:20.103 INFO  [localhost-startStop-1] o.s.boot.web.servlet.FilterRegistrationBean [AbstractFilterRegistrationBean.java:258] -Mapping filter: 'hiddenHttpMethodFilter' to: [/*]
2024-10-08 17:09:20.103 INFO  [localhost-startStop-1] o.s.boot.web.servlet.FilterRegistrationBean [AbstractFilterRegistrationBean.java:258] -Mapping filter: 'httpPutFormContentFilter' to: [/*]
2024-10-08 17:09:20.103 INFO  [localhost-startStop-1] o.s.boot.web.servlet.FilterRegistrationBean [AbstractFilterRegistrationBean.java:258] -Mapping filter: 'requestContextFilter' to: [/*]
2024-10-08 17:09:20.562 INFO  [main] o.s.orm.jpa.LocalContainerEntityManagerFactoryBean [LocalContainerEntityManagerFactoryBean.java:349] -Building JPA container EntityManagerFactory for persistence unit 'default'
2024-10-08 17:09:20.574 INFO  [main] org.hibernate.jpa.internal.util.LogHelper [LogHelper.java:31] -HHH000204: Processing PersistenceUnitInfo [
	name: default
	...]
2024-10-08 17:09:20.615 INFO  [main] org.hibernate.Version [Version.java:37] -HHH000412: Hibernate Core {5.0.12.Final}
2024-10-08 17:09:20.616 INFO  [main] org.hibernate.cfg.Environment [Environment.java:213] -HHH000206: hibernate.properties not found
2024-10-08 17:09:20.617 INFO  [main] org.hibernate.cfg.Environment [Environment.java:317] -HHH000021: Bytecode provider name : javassist
2024-10-08 17:09:20.638 INFO  [main] org.hibernate.annotations.common.Version [JavaReflectionManager.java:66] -HCANN000001: Hibernate Commons Annotations {5.0.1.Final}
2024-10-08 17:09:20.678 INFO  [main] org.hibernate.dialect.Dialect [Dialect.java:156] -HHH000400: Using dialect: org.hibernate.dialect.MySQL5Dialect
2024-10-08 17:09:20.811 INFO  [main] o.s.orm.jpa.LocalContainerEntityManagerFactoryBean [AbstractEntityManagerFactoryBean.java:379] -Initialized JPA EntityManagerFactory for persistence unit 'default'
2024-10-08 17:09:21.168 INFO  [main] o.s.w.s.m.method.annotation.RequestMappingHandlerMapping [AbstractHandlerMethodMapping.java:543] -Mapped "{[/dataQuery/findAll]}" onto public java.util.List<airport.cargos.demo.web_common_demo.entity.ContrabandImage> airport.cargos.demo.web_common_demo.controller.ContrabandImageController.findAll()
2024-10-08 17:09:21.168 INFO  [main] o.s.w.s.m.method.annotation.RequestMappingHandlerMapping [AbstractHandlerMethodMapping.java:543] -Mapped "{[/dataQuery/saveContrabandImage]}" onto public com.alibaba.fastjson.JSONObject airport.cargos.demo.web_common_demo.controller.ContrabandImageController.saveContrabandImage(airport.cargos.demo.web_common_demo.entity.ContrabandImage)
2024-10-08 17:09:21.168 INFO  [main] o.s.w.s.m.method.annotation.RequestMappingHandlerMapping [AbstractHandlerMethodMapping.java:543] -Mapped "{[/dataQuery/updateContrabandImage]}" onto public com.alibaba.fastjson.JSONObject airport.cargos.demo.web_common_demo.controller.ContrabandImageController.updateContrabandImage(airport.cargos.demo.web_common_demo.entity.ContrabandImage)
2024-10-08 17:09:21.168 INFO  [main] o.s.w.s.m.method.annotation.RequestMappingHandlerMapping [AbstractHandlerMethodMapping.java:543] -Mapped "{[/dataQuery/delete]}" onto public com.alibaba.fastjson.JSONObject airport.cargos.demo.web_common_demo.controller.ContrabandImageController.deleteContrabandImage(java.util.List<java.lang.Integer>)
2024-10-08 17:09:21.169 INFO  [main] o.s.w.s.m.method.annotation.RequestMappingHandlerMapping [AbstractHandlerMethodMapping.java:543] -Mapped "{[/dataQuery/findById]}" onto public com.alibaba.fastjson.JSONObject airport.cargos.demo.web_common_demo.controller.ContrabandImageController.findById(airport.cargos.demo.web_common_demo.entity.ContrabandImage)
2024-10-08 17:09:21.169 INFO  [main] o.s.w.s.m.method.annotation.RequestMappingHandlerMapping [AbstractHandlerMethodMapping.java:543] -Mapped "{[/dataQuery/findByCondition]}" onto public com.alibaba.fastjson.JSONObject airport.cargos.demo.web_common_demo.controller.ContrabandImageController.findByCondition(airport.cargos.demo.web_common_demo.entity.ContrabandImage)
2024-10-08 17:09:21.169 INFO  [main] o.s.w.s.m.method.annotation.RequestMappingHandlerMapping [AbstractHandlerMethodMapping.java:543] -Mapped "{[/dataQuery/paginate]}" onto public com.alibaba.fastjson.JSONObject airport.cargos.demo.web_common_demo.controller.ContrabandImageController.findWithPagination(java.lang.String)
2024-10-08 17:09:21.169 INFO  [main] o.s.w.s.m.method.annotation.RequestMappingHandlerMapping [AbstractHandlerMethodMapping.java:543] -Mapped "{[/dataQuery/statistic]}" onto public com.alibaba.fastjson.JSONObject airport.cargos.demo.web_common_demo.controller.ContrabandImageController.countByCondition(airport.cargos.demo.web_common_demo.entity.ContrabandImage)
2024-10-08 17:09:21.169 INFO  [main] o.s.w.s.m.method.annotation.RequestMappingHandlerMapping [AbstractHandlerMethodMapping.java:543] -Mapped "{[/dataQuery/getImageByPath],produces=[image/jpeg]}" onto public byte[] airport.cargos.demo.web_common_demo.controller.ContrabandImageController.getImageByPath(java.lang.String,javax.servlet.http.HttpServletResponse)
2024-10-08 17:09:21.170 INFO  [main] o.s.w.s.m.method.annotation.RequestMappingHandlerMapping [AbstractHandlerMethodMapping.java:543] -Mapped "{[/cateSetting/updateStatus]}" onto public com.alibaba.fastjson.JSONObject airport.cargos.demo.web_common_demo.controller.DetectSetController.updateStatus(java.lang.Integer,java.lang.String,java.lang.Boolean)
2024-10-08 17:09:21.170 INFO  [main] o.s.w.s.m.method.annotation.RequestMappingHandlerMapping [AbstractHandlerMethodMapping.java:543] -Mapped "{[/cateSetting/updateCategory]}" onto public com.alibaba.fastjson.JSONObject airport.cargos.demo.web_common_demo.controller.DetectSetController.updateCategory(int,java.lang.String,java.lang.String)
2024-10-08 17:09:21.170 INFO  [main] o.s.w.s.m.method.annotation.RequestMappingHandlerMapping [AbstractHandlerMethodMapping.java:543] -Mapped "{[/cateSetting/select]}" onto public com.alibaba.fastjson.JSONObject airport.cargos.demo.web_common_demo.controller.DetectSetController.findCateList(int,int)
2024-10-08 17:09:21.170 INFO  [main] o.s.w.s.m.method.annotation.RequestMappingHandlerMapping [AbstractHandlerMethodMapping.java:543] -Mapped "{[/cateSetting/addCategory]}" onto public com.alibaba.fastjson.JSONObject airport.cargos.demo.web_common_demo.controller.DetectSetController.addCategory(java.lang.String,java.lang.String)
2024-10-08 17:09:21.170 INFO  [main] o.s.w.s.m.method.annotation.RequestMappingHandlerMapping [AbstractHandlerMethodMapping.java:543] -Mapped "{[/cateSetting/deleteCategory]}" onto public com.alibaba.fastjson.JSONObject airport.cargos.demo.web_common_demo.controller.DetectSetController.deleteCategory(int)
2024-10-08 17:09:21.172 INFO  [main] o.s.w.s.m.method.annotation.RequestMappingHandlerMapping [AbstractHandlerMethodMapping.java:543] -Mapped "{[/echo],methods=[GET]}" onto public java.lang.String airport.cargos.demo.web_common_demo.controller.EchoController.echo()
2024-10-08 17:09:21.172 INFO  [main] o.s.w.s.m.method.annotation.RequestMappingHandlerMapping [AbstractHandlerMethodMapping.java:543] -Mapped "{[/echoHelloWorld],methods=[POST]}" onto public com.alibaba.fastjson.JSONObject airport.cargos.demo.web_common_demo.controller.EchoController.echoHelloWorld()
2024-10-08 17:09:21.172 INFO  [main] o.s.w.s.m.method.annotation.RequestMappingHandlerMapping [AbstractHandlerMethodMapping.java:543] -Mapped "{[/generateImage]}" onto public com.alibaba.fastjson.JSONObject airport.cargos.demo.web_common_demo.controller.GenerateController.generateImage(org.springframework.web.multipart.MultipartFile,org.springframework.web.multipart.MultipartFile,java.lang.String)
2024-10-08 17:09:21.173 INFO  [main] o.s.w.s.m.method.annotation.RequestMappingHandlerMapping [AbstractHandlerMethodMapping.java:543] -Mapped "{[/realTimeVideo/videoStream]}" onto public byte[] airport.cargos.demo.web_common_demo.controller.RealTimeVideoController.play(int)
2024-10-08 17:09:21.174 INFO  [main] o.s.w.s.m.method.annotation.RequestMappingHandlerMapping [AbstractHandlerMethodMapping.java:543] -Mapped "{[/SystemConfiguration/getConfig]}" onto public com.alibaba.fastjson.JSONObject airport.cargos.demo.web_common_demo.controller.SystemConfigController.getConfig()
2024-10-08 17:09:21.174 INFO  [main] o.s.w.s.m.method.annotation.RequestMappingHandlerMapping [AbstractHandlerMethodMapping.java:543] -Mapped "{[/SystemConfiguration/capture]}" onto public com.alibaba.fastjson.JSONObject airport.cargos.demo.web_common_demo.controller.SystemConfigController.capture(airport.cargos.demo.web_common_demo.entity.SystemConfig)
2024-10-08 17:09:21.174 INFO  [main] o.s.w.s.m.method.annotation.RequestMappingHandlerMapping [AbstractHandlerMethodMapping.java:543] -Mapped "{[/SystemConfiguration/updateSaveTimes]}" onto public com.alibaba.fastjson.JSONObject airport.cargos.demo.web_common_demo.controller.SystemConfigController.updateSaveTimes(int)
2024-10-08 17:09:21.174 INFO  [main] o.s.w.s.m.method.annotation.RequestMappingHandlerMapping [AbstractHandlerMethodMapping.java:543] -Mapped "{[/SystemConfiguration/updateThreshold]}" onto public com.alibaba.fastjson.JSONObject airport.cargos.demo.web_common_demo.controller.SystemConfigController.updateThreshold(float)
2024-10-08 17:09:21.174 INFO  [main] o.s.w.s.m.method.annotation.RequestMappingHandlerMapping [AbstractHandlerMethodMapping.java:543] -Mapped "{[/SystemConfiguration/saveInput]}" onto public com.alibaba.fastjson.JSONObject airport.cargos.demo.web_common_demo.controller.SystemConfigController.saveInput(airport.cargos.demo.web_common_demo.entity.SystemConfig)
2024-10-08 17:09:21.174 INFO  [main] o.s.w.s.m.method.annotation.RequestMappingHandlerMapping [AbstractHandlerMethodMapping.java:543] -Mapped "{[/SystemConfiguration/updateSaveStatus]}" onto public com.alibaba.fastjson.JSONObject airport.cargos.demo.web_common_demo.controller.SystemConfigController.updateSaveStatus(int)
2024-10-08 17:09:21.174 INFO  [main] o.s.w.s.m.method.annotation.RequestMappingHandlerMapping [AbstractHandlerMethodMapping.java:543] -Mapped "{[/SystemConfiguration/updateDetectStatus]}" onto public com.alibaba.fastjson.JSONObject airport.cargos.demo.web_common_demo.controller.SystemConfigController.updateDetectStatus(int)
2024-10-08 17:09:21.174 INFO  [main] o.s.w.s.m.method.annotation.RequestMappingHandlerMapping [AbstractHandlerMethodMapping.java:543] -Mapped "{[/SystemConfiguration/updateSource]}" onto public com.alibaba.fastjson.JSONObject airport.cargos.demo.web_common_demo.controller.SystemConfigController.updateSource(java.lang.String)
2024-10-08 17:09:21.175 INFO  [main] o.s.w.s.m.method.annotation.RequestMappingHandlerMapping [AbstractHandlerMethodMapping.java:543] -Mapped "{[/SystemConfiguration/changeInputType]}" onto public com.alibaba.fastjson.JSONObject airport.cargos.demo.web_common_demo.controller.SystemConfigController.changeInputType(int)
2024-10-08 17:09:21.175 INFO  [main] o.s.w.s.m.method.annotation.RequestMappingHandlerMapping [AbstractHandlerMethodMapping.java:543] -Mapped "{[/userManager/user/findByName]}" onto public java.util.List<airport.cargos.demo.web_common_demo.entity.User> airport.cargos.demo.web_common_demo.controller.UserController.findByName(java.lang.String)
2024-10-08 17:09:21.176 INFO  [main] o.s.w.s.m.method.annotation.RequestMappingHandlerMapping [AbstractHandlerMethodMapping.java:543] -Mapped "{[/userManager/user/addUser]}" onto public com.alibaba.fastjson.JSONObject airport.cargos.demo.web_common_demo.controller.UserController.saveUser(com.alibaba.fastjson.JSONObject)
2024-10-08 17:09:21.176 INFO  [main] o.s.w.s.m.method.annotation.RequestMappingHandlerMapping [AbstractHandlerMethodMapping.java:543] -Mapped "{[/userManager/user/editUser_realName]}" onto public com.alibaba.fastjson.JSONObject airport.cargos.demo.web_common_demo.controller.UserController.updateUser_realName(com.alibaba.fastjson.JSONObject)
2024-10-08 17:09:21.176 INFO  [main] o.s.w.s.m.method.annotation.RequestMappingHandlerMapping [AbstractHandlerMethodMapping.java:543] -Mapped "{[/userManager/user/getUser]}" onto public com.alibaba.fastjson.JSONObject airport.cargos.demo.web_common_demo.controller.UserController.findById(com.alibaba.fastjson.JSONObject)
2024-10-08 17:09:21.176 INFO  [main] o.s.w.s.m.method.annotation.RequestMappingHandlerMapping [AbstractHandlerMethodMapping.java:543] -Mapped "{[/userManager/user/editUser_password]}" onto public com.alibaba.fastjson.JSONObject airport.cargos.demo.web_common_demo.controller.UserController.updateUser_password(com.alibaba.fastjson.JSONObject)
2024-10-08 17:09:21.176 INFO  [main] o.s.w.s.m.method.annotation.RequestMappingHandlerMapping [AbstractHandlerMethodMapping.java:543] -Mapped "{[/userManager/user/editUser]}" onto public com.alibaba.fastjson.JSONObject airport.cargos.demo.web_common_demo.controller.UserController.updateUser(com.alibaba.fastjson.JSONObject)
2024-10-08 17:09:21.176 INFO  [main] o.s.w.s.m.method.annotation.RequestMappingHandlerMapping [AbstractHandlerMethodMapping.java:543] -Mapped "{[/userManager/user/deleteUser]}" onto public com.alibaba.fastjson.JSONObject airport.cargos.demo.web_common_demo.controller.UserController.deleteUser(com.alibaba.fastjson.JSONObject)
2024-10-08 17:09:21.176 INFO  [main] o.s.w.s.m.method.annotation.RequestMappingHandlerMapping [AbstractHandlerMethodMapping.java:543] -Mapped "{[/userManager/user/getUserList]}" onto public com.alibaba.fastjson.JSONObject airport.cargos.demo.web_common_demo.controller.UserController.getUserList(java.lang.String,java.lang.String)
2024-10-08 17:09:21.176 INFO  [main] o.s.w.s.m.method.annotation.RequestMappingHandlerMapping [AbstractHandlerMethodMapping.java:543] -Mapped "{[/userManager/user/login]}" onto public com.alibaba.fastjson.JSONObject airport.cargos.demo.web_common_demo.controller.UserController.userLogin(com.alibaba.fastjson.JSONObject,javax.servlet.http.HttpServletResponse)
2024-10-08 17:09:21.176 INFO  [main] o.s.w.s.m.method.annotation.RequestMappingHandlerMapping [AbstractHandlerMethodMapping.java:543] -Mapped "{[/userManager/user/info]}" onto public com.alibaba.fastjson.JSONObject airport.cargos.demo.web_common_demo.controller.UserController.loginInfo(java.lang.String)
2024-10-08 17:09:21.177 INFO  [main] o.s.w.s.m.method.annotation.RequestMappingHandlerMapping [AbstractHandlerMethodMapping.java:543] -Mapped "{[/userManager/user/logout]}" onto public com.alibaba.fastjson.JSONObject airport.cargos.demo.web_common_demo.controller.UserController.logOut(com.alibaba.fastjson.JSONObject)
2024-10-08 17:09:21.177 INFO  [main] o.s.w.s.m.method.annotation.RequestMappingHandlerMapping [AbstractHandlerMethodMapping.java:543] -Mapped "{[/userManager/user/resetPassword]}" onto public com.alibaba.fastjson.JSONObject airport.cargos.demo.web_common_demo.controller.UserController.resetPassword(com.alibaba.fastjson.JSONObject)
2024-10-08 17:09:21.177 INFO  [main] o.s.w.s.m.method.annotation.RequestMappingHandlerMapping [AbstractHandlerMethodMapping.java:543] -Mapped "{[/video/delete]}" onto public com.alibaba.fastjson.JSONObject airport.cargos.demo.web_common_demo.controller.VideoModuleController.destroy(int)
2024-10-08 17:09:21.177 INFO  [main] o.s.w.s.m.method.annotation.RequestMappingHandlerMapping [AbstractHandlerMethodMapping.java:543] -Mapped "{[/video/getVideo]}" onto public com.alibaba.fastjson.JSONObject airport.cargos.demo.web_common_demo.controller.VideoModuleController.conditional_query(java.lang.String,java.lang.String,java.lang.String,int,int)
2024-10-08 17:09:21.177 INFO  [main] o.s.w.s.m.method.annotation.RequestMappingHandlerMapping [AbstractHandlerMethodMapping.java:543] -Mapped "{[/video/getAll]}" onto public com.alibaba.fastjson.JSONObject airport.cargos.demo.web_common_demo.controller.VideoModuleController.list_all(int,int)
2024-10-08 17:09:21.177 INFO  [main] o.s.w.s.m.method.annotation.RequestMappingHandlerMapping [AbstractHandlerMethodMapping.java:543] -Mapped "{[/video/playVideo]}" onto public org.springframework.http.ResponseEntity<org.springframework.core.io.Resource> airport.cargos.demo.web_common_demo.controller.VideoModuleController.playVideo(java.lang.String,javax.servlet.http.HttpServletRequest,javax.servlet.http.HttpServletResponse) throws java.io.IOException
2024-10-08 17:09:21.178 INFO  [main] o.s.w.s.m.method.annotation.RequestMappingHandlerMapping [AbstractHandlerMethodMapping.java:543] -Mapped "{[/swagger-resources/configuration/security]}" onto public org.springframework.http.ResponseEntity<springfox.documentation.swagger.web.SecurityConfiguration> springfox.documentation.swagger.web.ApiResourceController.securityConfiguration()
2024-10-08 17:09:21.179 INFO  [main] o.s.w.s.m.method.annotation.RequestMappingHandlerMapping [AbstractHandlerMethodMapping.java:543] -Mapped "{[/swagger-resources/configuration/ui]}" onto public org.springframework.http.ResponseEntity<springfox.documentation.swagger.web.UiConfiguration> springfox.documentation.swagger.web.ApiResourceController.uiConfiguration()
2024-10-08 17:09:21.179 INFO  [main] o.s.w.s.m.method.annotation.RequestMappingHandlerMapping [AbstractHandlerMethodMapping.java:543] -Mapped "{[/swagger-resources]}" onto public org.springframework.http.ResponseEntity<java.util.List<springfox.documentation.swagger.web.SwaggerResource>> springfox.documentation.swagger.web.ApiResourceController.swaggerResources()
2024-10-08 17:09:21.180 INFO  [main] o.s.w.s.m.method.annotation.RequestMappingHandlerMapping [AbstractHandlerMethodMapping.java:543] -Mapped "{[/error]}" onto public org.springframework.http.ResponseEntity<java.util.Map<java.lang.String, java.lang.Object>> org.springframework.boot.autoconfigure.web.BasicErrorController.error(javax.servlet.http.HttpServletRequest)
2024-10-08 17:09:21.180 INFO  [main] o.s.w.s.m.method.annotation.RequestMappingHandlerMapping [AbstractHandlerMethodMapping.java:543] -Mapped "{[/error],produces=[text/html]}" onto public org.springframework.web.servlet.ModelAndView org.springframework.boot.autoconfigure.web.BasicErrorController.errorHtml(javax.servlet.http.HttpServletRequest,javax.servlet.http.HttpServletResponse)
2024-10-08 17:09:21.290 INFO  [main] s.d.s.web.PropertySourcedRequestMappingHandlerMapping [PropertySourcedRequestMappingHandlerMapping.java:69] -Mapped URL path [/v2/api-docs] onto method [public org.springframework.http.ResponseEntity<springfox.documentation.spring.web.json.Json> springfox.documentation.swagger2.web.Swagger2Controller.getDocumentation(java.lang.String,javax.servlet.http.HttpServletRequest)]
2024-10-08 17:09:21.435 INFO  [main] o.s.w.s.m.method.annotation.RequestMappingHandlerAdapter [RequestMappingHandlerAdapter.java:534] -Looking for @ControllerAdvice: org.springframework.boot.context.embedded.AnnotationConfigEmbeddedWebApplicationContext@53976f5c: startup date [Tue Oct 08 17:09:19 CST 2024]; root of context hierarchy
2024-10-08 17:09:21.468 INFO  [main] o.s.web.servlet.handler.SimpleUrlHandlerMapping [AbstractUrlHandlerMapping.java:362] -Mapped URL path [/webjars/**] onto handler of type [class org.springframework.web.servlet.resource.ResourceHttpRequestHandler]
2024-10-08 17:09:21.468 INFO  [main] o.s.web.servlet.handler.SimpleUrlHandlerMapping [AbstractUrlHandlerMapping.java:362] -Mapped URL path [/**] onto handler of type [class org.springframework.web.servlet.resource.ResourceHttpRequestHandler]
2024-10-08 17:09:21.484 INFO  [main] o.s.web.servlet.handler.SimpleUrlHandlerMapping [AbstractUrlHandlerMapping.java:362] -Mapped URL path [/**/favicon.ico] onto handler of type [class org.springframework.web.servlet.resource.ResourceHttpRequestHandler]
2024-10-08 17:09:21.622 INFO  [main] o.s.b.a.w.WebMvcAutoConfiguration$WelcomePageHandlerMapping [WebMvcAutoConfiguration.java:549] -Adding welcome page: class path resource [static/index.html]
2024-10-08 17:09:21.737 INFO  [main] o.s.jmx.export.annotation.AnnotationMBeanExporter [MBeanExporter.java:431] -Registering beans for JMX exposure on startup
2024-10-08 17:09:21.741 INFO  [main] o.s.context.support.DefaultLifecycleProcessor [DefaultLifecycleProcessor.java:343] -Starting beans in phase 2147483647
2024-10-08 17:09:21.741 INFO  [main] s.d.spring.web.plugins.DocumentationPluginsBootstrapper [DocumentationPluginsBootstrapper.java:160] -Context refreshed
2024-10-08 17:09:21.749 INFO  [main] s.d.spring.web.plugins.DocumentationPluginsBootstrapper [DocumentationPluginsBootstrapper.java:163] -Found 1 custom documentation plugin(s)
2024-10-08 17:09:21.765 INFO  [main] s.d.spring.web.scanners.ApiListingReferenceScanner [ApiListingReferenceScanner.java:41] -Scanning for api listing references
2024-10-08 17:09:21.975 INFO  [main] s.d.s.w.readers.operation.CachingOperationNameGenerator [CachingOperationNameGenerator.java:40] -Generating unique operation named: findByIdUsingGET_1
2024-10-08 17:09:21.975 INFO  [main] s.d.s.w.readers.operation.CachingOperationNameGenerator [CachingOperationNameGenerator.java:40] -Generating unique operation named: findByIdUsingHEAD_1
2024-10-08 17:09:21.976 INFO  [main] s.d.s.w.readers.operation.CachingOperationNameGenerator [CachingOperationNameGenerator.java:40] -Generating unique operation named: findByIdUsingPOST_1
2024-10-08 17:09:21.976 INFO  [main] s.d.s.w.readers.operation.CachingOperationNameGenerator [CachingOperationNameGenerator.java:40] -Generating unique operation named: findByIdUsingPUT_1
2024-10-08 17:09:21.976 INFO  [main] s.d.s.w.readers.operation.CachingOperationNameGenerator [CachingOperationNameGenerator.java:40] -Generating unique operation named: findByIdUsingPATCH_1
2024-10-08 17:09:21.976 INFO  [main] s.d.s.w.readers.operation.CachingOperationNameGenerator [CachingOperationNameGenerator.java:40] -Generating unique operation named: findByIdUsingDELETE_1
2024-10-08 17:09:21.976 INFO  [main] s.d.s.w.readers.operation.CachingOperationNameGenerator [CachingOperationNameGenerator.java:40] -Generating unique operation named: findByIdUsingOPTIONS_1
2024-10-08 17:09:21.976 INFO  [main] s.d.s.w.readers.operation.CachingOperationNameGenerator [CachingOperationNameGenerator.java:40] -Generating unique operation named: findByIdUsingTRACE_1
2024-10-08 17:09:22.019 INFO  [main] org.apache.coyote.http11.Http11NioProtocol [DirectJDKLog.java:179] -Initializing ProtocolHandler ["http-nio-9000"]
2024-10-08 17:09:22.111 INFO  [main] org.apache.coyote.http11.Http11NioProtocol [DirectJDKLog.java:179] -Starting ProtocolHandler ["http-nio-9000"]
2024-10-08 17:09:22.117 INFO  [main] org.apache.tomcat.util.net.NioSelectorPool [DirectJDKLog.java:179] -Using a shared selector for servlet write/read
2024-10-08 17:09:22.129 INFO  [main] o.s.b.c.embedded.tomcat.TomcatEmbeddedServletContainer [TomcatEmbeddedServletContainer.java:201] -Tomcat started on port(s): 9000 (http)
2024-10-08 17:09:22.131 INFO  [main] airport.cargos.demo.web_common_demo.Bootstrap [StartupInfoLogger.java:57] -Started Bootstrap in 3.26 seconds (JVM running for 3.621)
2024-10-08 17:09:22.136 INFO  [main] airport.cargos.demo.web_common_demo.common.ThreadData [ThreadData.java:62] -SystemConfig{input_type=1, source=/home/airport/installer/6号采集视频_13号机.mp4, input_view=1, points=[[I@65a2755e], threshold=0.6, detected_status=1, save_status=0, image_path='../data/images/', video_path='../data/videos/', detect_url='http://127.0.0.1:8000/detect', synthesis_url='http://127.0.0.1:8081/', save_time=1, last_labels=10, scale=2, frame_rate=10, sample_rate=5, video_save_time=2, image_save_time=7}
2024-10-08 17:09:22.138 INFO  [Thread-9] airport.cargos.demo.web_common_demo.common.ThreadData [ThreadData.java:62] -SystemConfig{input_type=1, source=/home/airport/installer/6号采集视频_13号机.mp4, input_view=1, points=[[I@15f80281], threshold=0.6, detected_status=1, save_status=0, image_path='../data/images/', video_path='../data/videos/', detect_url='http://127.0.0.1:8000/detect', synthesis_url='http://127.0.0.1:8081/', save_time=1, last_labels=10, scale=2, frame_rate=10, sample_rate=5, video_save_time=2, image_save_time=7}
2024-10-08 17:13:12.189 INFO  [http-nio-9000-exec-1] o.a.catalina.core.ContainerBase.[Tomcat].[localhost].[/] [DirectJDKLog.java:179] -Initializing Spring FrameworkServlet 'dispatcherServlet'
2024-10-08 17:13:12.189 INFO  [http-nio-9000-exec-1] org.springframework.web.servlet.DispatcherServlet [FrameworkServlet.java:489] -FrameworkServlet 'dispatcherServlet': initialization started
2024-10-08 17:13:12.197 INFO  [http-nio-9000-exec-1] org.springframework.web.servlet.DispatcherServlet [FrameworkServlet.java:508] -FrameworkServlet 'dispatcherServlet': initialization completed in 8 ms
2024-10-08 17:13:12.262 ERROR [http-nio-9000-exec-1] airport.cargos.demo.web_common_demo.util.TokenUtils [TokenUtils.java:68] -com.auth0.jwt.exceptions.TokenExpiredException: The Token has expired on Tue Oct 08 13:15:03 CST 2024.
2024-10-08 17:13:14.188 INFO  [http-nio-9000-exec-2] a.cargos.demo.web_common_demo.controller.UserController [UserController.java:93] -{"password":"123456","username":"admin"}
2024-10-08 17:22:00.278 INFO  [http-nio-9000-exec-8] airport.cargos.demo.web_common_demo.common.ThreadData [ThreadData.java:62] -SystemConfig{input_type=1, source=/home/airport/installer/6号采集视频_13号机.mp4, input_view=1, points=[[I@3db1505b], threshold=0.6, detected_status=1, save_status=0, image_path='../data/images/', video_path='../data/videos/', detect_url='http://127.0.0.1:8000/detect', synthesis_url='http://127.0.0.1:8081/', save_time=1, last_labels=10, scale=2, frame_rate=10, sample_rate=5, video_save_time=2, image_save_time=7}
2024-10-08 17:22:00.278 INFO  [http-nio-9000-exec-8] airport.cargos.demo.web_common_demo.util.ThreadUtils [ThreadUtils.java:36] -shutdown start
2024-10-08 17:22:00.479 INFO  [pool-2-thread-1] airport.cargos.demo.web_common_demo.util.EncodeThread [EncodeThread.java:75] -EncodeThread  Start
2024-10-08 17:22:00.480 INFO  [pool-2-thread-4] airport.cargos.demo.web_common_demo.util.PlayVideoThread [PlayVideoThread.java:81] -PlayVideoThread Start
2024-10-08 17:22:00.482 INFO  [pool-2-thread-3] airport.cargos.demo.web_common_demo.util.DrawThread [DrawThread.java:44] -[电击器, 警棍, 枪支, 手铐, 管制刀具, 鞭炮, 电子烟花, 礼花, 烟花, 烟饼, 仙女棒, 压缩管, 子弹, 空包弹, 霰弹, 烟雾弹, 塑料打火机, 金属打火机, 镁棒点火器, 防风火柴, 块状电池, 节状电池, 纽扣电池, 蓄电池, 蓝牙耳机]
2024-10-08 17:22:00.485 INFO  [pool-2-thread-3] airport.cargos.demo.web_common_demo.util.DrawThread [DrawThread.java:63] -DrawThread start
2024-10-08 17:22:00.519 INFO  [pool-2-thread-2] airport.cargos.demo.web_common_demo.util.DetectThread [DetectThread.java:66] -DetectThread start
2024-10-08 17:22:01.410 INFO  [pool-2-thread-4] airport.cargos.demo.web_common_demo.util.PlayVideoThread [PlayVideoThread.java:54] -width=960,height=1080,frame_rate=10
2024-10-08 17:23:00.577 INFO  [pool-2-thread-4] airport.cargos.demo.web_common_demo.util.PlayVideoThread [PlayVideoThread.java:110] -保存视频
2024-10-08 17:23:00.578 INFO  [pool-2-thread-4] airport.cargos.demo.web_common_demo.util.PlayVideoThread [PlayVideoThread.java:54] -width=960,height=1080,frame_rate=10
2024-10-08 17:23:00.591 INFO  [Thread-15] airport.cargos.demo.web_common_demo.util.PlayVideoThread [PlayVideoThread.java:167] -开始压缩
2024-10-08 17:23:04.385 INFO  [Thread-15] airport.cargos.demo.web_common_demo.util.PlayVideoThread [PlayVideoThread.java:171] -压缩耗时：3s
2024-10-08 17:23:04.385 INFO  [Thread-15] airport.cargos.demo.web_common_demo.util.PlayVideoThread [PlayVideoThread.java:173] -压缩成功！
2024-10-08 17:24:00.699 INFO  [pool-2-thread-4] airport.cargos.demo.web_common_demo.util.PlayVideoThread [PlayVideoThread.java:110] -保存视频
2024-10-08 17:24:00.699 INFO  [pool-2-thread-4] airport.cargos.demo.web_common_demo.util.PlayVideoThread [PlayVideoThread.java:54] -width=960,height=1080,frame_rate=10
2024-10-08 17:24:00.700 INFO  [Thread-18] airport.cargos.demo.web_common_demo.util.PlayVideoThread [PlayVideoThread.java:167] -开始压缩
2024-10-08 17:24:04.557 INFO  [Thread-18] airport.cargos.demo.web_common_demo.util.PlayVideoThread [PlayVideoThread.java:171] -压缩耗时：3s
2024-10-08 17:24:04.558 INFO  [Thread-18] airport.cargos.demo.web_common_demo.util.PlayVideoThread [PlayVideoThread.java:173] -压缩成功！
2024-10-08 17:25:00.873 INFO  [pool-2-thread-4] airport.cargos.demo.web_common_demo.util.PlayVideoThread [PlayVideoThread.java:110] -保存视频
2024-10-08 17:25:00.873 INFO  [pool-2-thread-4] airport.cargos.demo.web_common_demo.util.PlayVideoThread [PlayVideoThread.java:54] -width=960,height=1080,frame_rate=10
2024-10-08 17:25:00.874 INFO  [Thread-21] airport.cargos.demo.web_common_demo.util.PlayVideoThread [PlayVideoThread.java:167] -开始压缩
2024-10-08 17:25:04.643 INFO  [Thread-21] airport.cargos.demo.web_common_demo.util.PlayVideoThread [PlayVideoThread.java:171] -压缩耗时：3s
2024-10-08 17:25:04.643 INFO  [Thread-21] airport.cargos.demo.web_common_demo.util.PlayVideoThread [PlayVideoThread.java:173] -压缩成功！
2024-10-08 17:26:01.066 INFO  [pool-2-thread-4] airport.cargos.demo.web_common_demo.util.PlayVideoThread [PlayVideoThread.java:110] -保存视频
2024-10-08 17:26:01.066 INFO  [pool-2-thread-4] airport.cargos.demo.web_common_demo.util.PlayVideoThread [PlayVideoThread.java:54] -width=960,height=1080,frame_rate=10
2024-10-08 17:26:01.067 INFO  [Thread-24] airport.cargos.demo.web_common_demo.util.PlayVideoThread [PlayVideoThread.java:167] -开始压缩
2024-10-08 17:26:04.195 INFO  [Thread-24] airport.cargos.demo.web_common_demo.util.PlayVideoThread [PlayVideoThread.java:171] -压缩耗时：3s
2024-10-08 17:26:04.195 INFO  [Thread-24] airport.cargos.demo.web_common_demo.util.PlayVideoThread [PlayVideoThread.java:173] -压缩成功！
2024-10-08 17:27:01.276 INFO  [pool-2-thread-4] airport.cargos.demo.web_common_demo.util.PlayVideoThread [PlayVideoThread.java:110] -保存视频
2024-10-08 17:27:01.277 INFO  [pool-2-thread-4] airport.cargos.demo.web_common_demo.util.PlayVideoThread [PlayVideoThread.java:54] -width=960,height=1080,frame_rate=10
2024-10-08 17:27:01.277 INFO  [Thread-27] airport.cargos.demo.web_common_demo.util.PlayVideoThread [PlayVideoThread.java:167] -开始压缩
2024-10-08 17:27:05.000 INFO  [Thread-27] airport.cargos.demo.web_common_demo.util.PlayVideoThread [PlayVideoThread.java:171] -压缩耗时：3s
2024-10-08 17:27:05.000 INFO  [Thread-27] airport.cargos.demo.web_common_demo.util.PlayVideoThread [PlayVideoThread.java:173] -压缩成功！
2024-10-08 17:28:01.450 INFO  [pool-2-thread-4] airport.cargos.demo.web_common_demo.util.PlayVideoThread [PlayVideoThread.java:110] -保存视频
2024-10-08 17:28:01.450 INFO  [pool-2-thread-4] airport.cargos.demo.web_common_demo.util.PlayVideoThread [PlayVideoThread.java:54] -width=960,height=1080,frame_rate=10
2024-10-08 17:28:01.450 INFO  [Thread-30] airport.cargos.demo.web_common_demo.util.PlayVideoThread [PlayVideoThread.java:167] -开始压缩
2024-10-08 17:28:05.677 INFO  [Thread-30] airport.cargos.demo.web_common_demo.util.PlayVideoThread [PlayVideoThread.java:171] -压缩耗时：4s
2024-10-08 17:28:05.677 INFO  [Thread-30] airport.cargos.demo.web_common_demo.util.PlayVideoThread [PlayVideoThread.java:173] -压缩成功！
2024-10-08 17:29:01.658 INFO  [pool-2-thread-4] airport.cargos.demo.web_common_demo.util.PlayVideoThread [PlayVideoThread.java:110] -保存视频
2024-10-08 17:29:01.658 INFO  [pool-2-thread-4] airport.cargos.demo.web_common_demo.util.PlayVideoThread [PlayVideoThread.java:54] -width=960,height=1080,frame_rate=10
2024-10-08 17:29:01.658 INFO  [Thread-33] airport.cargos.demo.web_common_demo.util.PlayVideoThread [PlayVideoThread.java:167] -开始压缩
2024-10-08 17:29:05.702 INFO  [Thread-33] airport.cargos.demo.web_common_demo.util.PlayVideoThread [PlayVideoThread.java:171] -压缩耗时：4s
2024-10-08 17:29:05.702 INFO  [Thread-33] airport.cargos.demo.web_common_demo.util.PlayVideoThread [PlayVideoThread.java:173] -压缩成功！
2024-10-08 17:30:01.881 INFO  [pool-2-thread-4] airport.cargos.demo.web_common_demo.util.PlayVideoThread [PlayVideoThread.java:110] -保存视频
2024-10-08 17:30:01.881 INFO  [pool-2-thread-4] airport.cargos.demo.web_common_demo.util.PlayVideoThread [PlayVideoThread.java:54] -width=960,height=1080,frame_rate=10
2024-10-08 17:30:01.881 INFO  [Thread-36] airport.cargos.demo.web_common_demo.util.PlayVideoThread [PlayVideoThread.java:167] -开始压缩
2024-10-08 17:30:05.646 INFO  [Thread-36] airport.cargos.demo.web_common_demo.util.PlayVideoThread [PlayVideoThread.java:171] -压缩耗时：3s
2024-10-08 17:30:05.646 INFO  [Thread-36] airport.cargos.demo.web_common_demo.util.PlayVideoThread [PlayVideoThread.java:173] -压缩成功！
2024-10-08 17:31:02.144 INFO  [pool-2-thread-4] airport.cargos.demo.web_common_demo.util.PlayVideoThread [PlayVideoThread.java:110] -保存视频
2024-10-08 17:31:02.144 INFO  [pool-2-thread-4] airport.cargos.demo.web_common_demo.util.PlayVideoThread [PlayVideoThread.java:54] -width=960,height=1080,frame_rate=10
2024-10-08 17:31:02.144 INFO  [Thread-39] airport.cargos.demo.web_common_demo.util.PlayVideoThread [PlayVideoThread.java:167] -开始压缩
2024-10-08 17:31:05.866 INFO  [Thread-39] airport.cargos.demo.web_common_demo.util.PlayVideoThread [PlayVideoThread.java:171] -压缩耗时：3s
2024-10-08 17:31:05.866 INFO  [Thread-39] airport.cargos.demo.web_common_demo.util.PlayVideoThread [PlayVideoThread.java:173] -压缩成功！
2024-10-08 17:32:02.299 INFO  [pool-2-thread-4] airport.cargos.demo.web_common_demo.util.PlayVideoThread [PlayVideoThread.java:110] -保存视频
2024-10-08 17:32:02.299 INFO  [pool-2-thread-4] airport.cargos.demo.web_common_demo.util.PlayVideoThread [PlayVideoThread.java:54] -width=960,height=1080,frame_rate=10
2024-10-08 17:32:02.299 INFO  [Thread-42] airport.cargos.demo.web_common_demo.util.PlayVideoThread [PlayVideoThread.java:167] -开始压缩
2024-10-08 17:32:06.249 INFO  [Thread-42] airport.cargos.demo.web_common_demo.util.PlayVideoThread [PlayVideoThread.java:171] -压缩耗时：3s
2024-10-08 17:32:06.249 INFO  [Thread-42] airport.cargos.demo.web_common_demo.util.PlayVideoThread [PlayVideoThread.java:173] -压缩成功！
2024-10-08 17:33:02.536 INFO  [pool-2-thread-4] airport.cargos.demo.web_common_demo.util.PlayVideoThread [PlayVideoThread.java:110] -保存视频
2024-10-08 17:33:02.537 INFO  [pool-2-thread-4] airport.cargos.demo.web_common_demo.util.PlayVideoThread [PlayVideoThread.java:54] -width=960,height=1080,frame_rate=10
2024-10-08 17:33:02.537 INFO  [Thread-45] airport.cargos.demo.web_common_demo.util.PlayVideoThread [PlayVideoThread.java:167] -开始压缩
2024-10-08 17:33:06.674 INFO  [Thread-45] airport.cargos.demo.web_common_demo.util.PlayVideoThread [PlayVideoThread.java:171] -压缩耗时：4s
2024-10-08 17:33:06.674 INFO  [Thread-45] airport.cargos.demo.web_common_demo.util.PlayVideoThread [PlayVideoThread.java:173] -压缩成功！
2024-10-08 17:34:02.721 INFO  [pool-2-thread-4] airport.cargos.demo.web_common_demo.util.PlayVideoThread [PlayVideoThread.java:110] -保存视频
2024-10-08 17:34:02.722 INFO  [pool-2-thread-4] airport.cargos.demo.web_common_demo.util.PlayVideoThread [PlayVideoThread.java:54] -width=960,height=1080,frame_rate=10
2024-10-08 17:34:02.722 INFO  [Thread-48] airport.cargos.demo.web_common_demo.util.PlayVideoThread [PlayVideoThread.java:167] -开始压缩
2024-10-08 17:34:06.345 INFO  [Thread-48] airport.cargos.demo.web_common_demo.util.PlayVideoThread [PlayVideoThread.java:171] -压缩耗时：3s
2024-10-08 17:34:06.345 INFO  [Thread-48] airport.cargos.demo.web_common_demo.util.PlayVideoThread [PlayVideoThread.java:173] -压缩成功！
2024-10-08 17:35:02.868 INFO  [pool-2-thread-4] airport.cargos.demo.web_common_demo.util.PlayVideoThread [PlayVideoThread.java:110] -保存视频
2024-10-08 17:35:02.869 INFO  [pool-2-thread-4] airport.cargos.demo.web_common_demo.util.PlayVideoThread [PlayVideoThread.java:54] -width=960,height=1080,frame_rate=10
2024-10-08 17:35:02.869 INFO  [Thread-51] airport.cargos.demo.web_common_demo.util.PlayVideoThread [PlayVideoThread.java:167] -开始压缩
2024-10-08 17:35:06.919 INFO  [Thread-51] airport.cargos.demo.web_common_demo.util.PlayVideoThread [PlayVideoThread.java:171] -压缩耗时：4s
2024-10-08 17:35:06.919 INFO  [Thread-51] airport.cargos.demo.web_common_demo.util.PlayVideoThread [PlayVideoThread.java:173] -压缩成功！
2024-10-08 17:36:03.019 INFO  [pool-2-thread-4] airport.cargos.demo.web_common_demo.util.PlayVideoThread [PlayVideoThread.java:110] -保存视频
2024-10-08 17:36:03.020 INFO  [pool-2-thread-4] airport.cargos.demo.web_common_demo.util.PlayVideoThread [PlayVideoThread.java:54] -width=960,height=1080,frame_rate=10
2024-10-08 17:36:03.020 INFO  [Thread-54] airport.cargos.demo.web_common_demo.util.PlayVideoThread [PlayVideoThread.java:167] -开始压缩
2024-10-08 17:36:07.161 INFO  [Thread-54] airport.cargos.demo.web_common_demo.util.PlayVideoThread [PlayVideoThread.java:171] -压缩耗时：4s
2024-10-08 17:36:07.161 INFO  [Thread-54] airport.cargos.demo.web_common_demo.util.PlayVideoThread [PlayVideoThread.java:173] -压缩成功！
2024-10-08 17:37:03.229 INFO  [pool-2-thread-4] airport.cargos.demo.web_common_demo.util.PlayVideoThread [PlayVideoThread.java:110] -保存视频
2024-10-08 17:37:03.229 INFO  [pool-2-thread-4] airport.cargos.demo.web_common_demo.util.PlayVideoThread [PlayVideoThread.java:54] -width=960,height=1080,frame_rate=10
2024-10-08 17:37:03.229 INFO  [Thread-57] airport.cargos.demo.web_common_demo.util.PlayVideoThread [PlayVideoThread.java:167] -开始压缩
2024-10-08 17:37:06.854 INFO  [Thread-57] airport.cargos.demo.web_common_demo.util.PlayVideoThread [PlayVideoThread.java:171] -压缩耗时：3s
2024-10-08 17:37:06.854 INFO  [Thread-57] airport.cargos.demo.web_common_demo.util.PlayVideoThread [PlayVideoThread.java:173] -压缩成功！
2024-10-08 17:38:03.408 INFO  [pool-2-thread-4] airport.cargos.demo.web_common_demo.util.PlayVideoThread [PlayVideoThread.java:110] -保存视频
2024-10-08 17:38:03.408 INFO  [pool-2-thread-4] airport.cargos.demo.web_common_demo.util.PlayVideoThread [PlayVideoThread.java:54] -width=960,height=1080,frame_rate=10
2024-10-08 17:38:03.408 INFO  [Thread-60] airport.cargos.demo.web_common_demo.util.PlayVideoThread [PlayVideoThread.java:167] -开始压缩
2024-10-08 17:38:06.905 INFO  [Thread-60] airport.cargos.demo.web_common_demo.util.PlayVideoThread [PlayVideoThread.java:171] -压缩耗时：3s
2024-10-08 17:38:06.905 INFO  [Thread-60] airport.cargos.demo.web_common_demo.util.PlayVideoThread [PlayVideoThread.java:173] -压缩成功！
2024-10-08 17:39:03.560 INFO  [pool-2-thread-4] airport.cargos.demo.web_common_demo.util.PlayVideoThread [PlayVideoThread.java:110] -保存视频
2024-10-08 17:39:03.560 INFO  [pool-2-thread-4] airport.cargos.demo.web_common_demo.util.PlayVideoThread [PlayVideoThread.java:54] -width=960,height=1080,frame_rate=10
2024-10-08 17:39:03.560 INFO  [Thread-63] airport.cargos.demo.web_common_demo.util.PlayVideoThread [PlayVideoThread.java:167] -开始压缩
2024-10-08 17:39:07.192 INFO  [Thread-63] airport.cargos.demo.web_common_demo.util.PlayVideoThread [PlayVideoThread.java:171] -压缩耗时：3s
2024-10-08 17:39:07.192 INFO  [Thread-63] airport.cargos.demo.web_common_demo.util.PlayVideoThread [PlayVideoThread.java:173] -压缩成功！
2024-10-08 17:39:13.486 INFO  [pool-2-thread-1] airport.cargos.demo.web_common_demo.util.EncodeThread [EncodeThread.java:81] -release
2024-10-08 17:39:13.549 INFO  [pool-2-thread-1] airport.cargos.demo.web_common_demo.util.EncodeThread [EncodeThread.java:86] -------------Stop EncodeThread-----------
2024-10-08 17:39:13.686 INFO  [pool-2-thread-2] airport.cargos.demo.web_common_demo.util.DetectThread [DetectThread.java:78] -------------Stop DetectThread-----------
2024-10-08 17:39:13.822 INFO  [pool-2-thread-3] airport.cargos.demo.web_common_demo.util.DrawThread [DrawThread.java:78] ------------Stop DrawThread-----------
2024-10-08 17:39:13.988 INFO  [pool-2-thread-4] airport.cargos.demo.web_common_demo.util.PlayVideoThread [PlayVideoThread.java:90] -------------Stop PlayVideoThread-----------
